03-08-2022_19:00:02
19:00:04 | 19:00:36 | 19:01:08 | 19:01:40 | 19:02:13 | 19:02:45 | 19:03:16 | 19:03:48 | 19:04:19 | 19:04:51 | 19:05:24 | 19:05:56 | 19:06:28 | 19:07:00 | 19:07:32 | 19:08:03 | 19:08:35 | 19:09:07 | 19:09:39 | 19:10:11 | 19:10:43 | 19:11:15 | 19:11:47 | 19:12:19 | 19:12:51 | 19:13:22 | 19:13:54 | 19:14:26 | 19:14:58 | 19:15:31 | 19:16:03 | 19:16:34 | 19:17:06 | 19:17:38 | 19:18:10 | 19:18:44 | 19:19:17 | 19:19:49 | 19:20:21 | 19:20:53 | 19:21:27 | 19:22:03 | 19:22:35 | 19:23:07 | 19:23:39 | 19:24:11 | 19:24:44 | 19:25:15 | 19:25:47 | 19:26:20 | 19:26:52 | 19:27:24 | 19:27:55 | 19:28:28 | 19:29:01 | 19:29:33 | 19:30:04 | 19:30:37 | 19:31:09 | 19:31:40 | 19:32:13 | 19:32:44 | 19:33:18 | 19:33:50 | 19:34:22 | 19:34:56 | 19:35:28 | 19:36:01 | 19:36:32 | 19:37:04 | 19:37:37 | 19:38:09 | 19:38:41 | 19:39:14 | 19:39:47 | 19:40:19 | 19:40:51 | 19:41:22 | 19:41:55 | 19:42:27 | 19:42:58 | 19:43:31 | 19:44:03 | 19:44:34 | 19:45:07 | 19:45:39 | 19:46:11 | 19:46:45 | 19:47:17 | 19:47:49 | 19:48:21 | 19:48:53 | 19:49:25 | 19:49:57 | 19:50:29 | 19:51:00 | 19:51:32 | 19:52:04 | 19:52:36 | 19:53:09 | 19:53:41 | 19:54:13 | 19:54:45 | 19:55:17 | 19:55:50 | 19:56:22 | 19:56:55 | 19:57:27 | 19:58:00 | 19:58:32 | 19:59:04 | 19:59:36 | 20:00:08 | 20:00:40 | 20:01:14 | 20:01:46 | 20:02:18 | 20:02:50 | 20:03:23 | 20:03:55 | 20:04:27 | 20:05:00 | 20:05:32 | 20:06:04 | 20:06:38 | 20:07:12 | 20:07:43 | 20:08:16 | 20:08:47 | 20:09:20 | 20:09:52 | 20:10:24 | 20:10:56 | 20:11:27 | 20:11:59 | 20:12:32 | 20:13:04 | 20:13:36 | 20:14:08 | 20:14:40 | 20:15:13 | 20:15:44 | 20:16:17 | 20:16:49 | 20:17:21 | 20:17:53 | 20:18:25 | 20:18:57 | 20:19:29 | 20:20:01 | 20:20:33 | 20:21:05 | 20:21:40 | 20:22:12 | 20:22:44 | 20:23:15 | 20:23:48 | 20:24:20 | 20:24:52 | 20:25:25 | 20:25:57 | 20:26:29 | 20:27:00 | 20:27:33 | 20:28:05 | 20:28:38 | 20:29:11 | 20:29:43 | 20:30:16 | 20:30:48 | 20:31:20 | 20:31:52 | 20:32:25 | 20:32:57 | 20:33:29 | 20:34:01 | 20:34:33 | 20:35:05 | 20:35:37 | 20:36:09 | 20:36:41 | 20:37:13 | 20:37:45 | 20:38:17 | 20:38:53 | 20:39:25 | 20:39:58 | 20:40:30 | 20:41:02 | 20:41:34 | 20:42:07 | 20:42:39 | 20:43:11 | 20:43:43 | 20:44:15 | 20:44:47 | 20:45:19 | 20:45:51 | 20:46:23 | 20:46:55 | 20:47:28 | 20:47:59 | 20:48:32 | 20:49:04 | 20:49:37 | 20:50:09 | 20:50:41 | 20:51:13 | 20:51:46 | 20:52:18 | 20:52:50 | 20:53:22 | 20:53:54 | 20:54:27 | 20:54:59 | 20:55:31 | 20:56:02 | 20:56:34 | 20:57:07 | 20:57:38 | 20:58:10 | 20:58:42 | 20:59:15 | 20:59:46 | 21:00:25 | 21:00:57 | 21:01:28 | 21:02:00 | 21:02:32 | 21:03:04 | 21:03:37 | 21:04:10 | 21:04:42 | 21:05:14 | 21:05:46 | 21:06:18 | 21:06:51 | 21:07:24 | 21:07:56 | 21:08:31 | 21:09:04 | 21:09:36 | 21:10:08 | 21:10:42 | 21:11:14 | 21:11:47 | 21:12:19 | 21:12:52 | 21:13:26 | 21:13:58 | 21:14:31 | 21:15:03 | 21:15:37 | 21:16:10 | 21:16:42 | 21:17:15 | 21:17:48 | 21:18:20 | 21:18:52 | 21:19:26 | 21:19:58 | 21:20:31 | 21:21:03 | 21:21:34 | 21:22:06 | 21:22:38 | 21:23:10 | 21:23:43 | 21:24:17 | 21:24:49 | 21:25:21 | 21:25:54 | 21:26:35 | 21:27:07 | 21:27:39 | 21:28:12 | 21:28:43 | 21:29:16 | 21:29:49 | 21:30:22 | 21:30:55 | 21:31:28 | 21:32:00 | 21:32:33 | 21:33:05 | 21:33:37 | 21:34:09 | 21:34:40 | 21:35:12 | 21:35:44 | 21:36:16 | 21:36:48 | 21:37:21 | 21:37:53 | 21:38:26 | 21:38:57 | 21:39:30 | 21:40:02 | 21:40:34 | 21:41:06 | 21:41:38 | 21:42:10 | 21:42:41 | 21:43:13 | 21:43:44 | 21:44:16 | 21:44:48 | 21:45:19 | 21:45:51 | 21:46:23 | 21:46:55 | 21:47:27 | 21:47:59 | 21:48:30 | 21:49:02 | 21:49:34 | 21:50:06 | 21:50:38 | 21:51:09 | 21:51:42 | 21:52:14 | 21:52:45 | 21:53:17 | 21:53:49 | 21:54:40 | 21:55:12 | 21:55:44 | 21:56:16 | 21:56:48 | 21:57:20 | 21:57:52 | 21:58:24 | 21:58:57 | 21:59:29 | 22:00:00 | 22:00:37 | 22:01:09 | 22:01:41 | 22:02:13 | 22:02:44 | 22:03:17 | 22:03:49 | 22:04:21 | 22:05:00 | 22:05:32 | 22:06:04 | 22:06:36 | 22:07:08 | 22:07:42 | 22:08:14 | 22:08:46 | 22:09:19 | 22:09:52 | 22:10:25 | 22:10:57 | 22:11:29 | 22:12:02 | 22:12:34 | 22:13:06 | 22:13:40 | 22:14:12 | 22:14:44 | 22:15:16 | 22:15:48 | 22:16:20 | 22:17:05 | 22:17:37 | 22:18:10 | 22:18:43 | 22:19:15 | 22:19:47 | 22:20:19 | 22:20:51 | 22:21:23 | 22:21:55 | 22:22:28 | 22:23:00 | 22:23:32 | 22:24:04 | 22:24:36 | 22:25:08 | 22:25:40 | 22:26:13 | 22:26:45 | 22:27:17 | 22:27:49 | 22:28:22 | 22:28:54 | 22:29:26 | 22:29:58 | 22:30:31 | 22:31:03 | 22:31:35 | 22:32:15 | 22:32:47 | 22:33:19 | 22:33:52 | 22:34:24 | 22:34:56 | 22:35:28 | 22:36:00 | 22:36:33 | 22:37:05 | 22:37:37 | 22:38:09 | 22:38:42 | 22:39:14 | 22:39:46 | 22:40:18 | 22:40:50 | 22:41:22 | 22:42:00 | 22:42:32 | 22:43:04 | 22:43:36 | 22:44:08 | 22:44:40 | 22:45:13 | 22:45:44 | 22:46:16 | 22:46:48 | 22:47:19 | 22:47:52 | 22:48:23 | 22:48:55 | 22:49:27 | 22:49:59 | 22:50:31 | 22:51:03 | 22:51:35 | 22:52:07 | 22:52:40 | 22:53:12 | 22:53:44 | 22:54:16 | 22:54:48 | 22:55:20 | 22:55:52 | 22:56:24 | 22:56:55 | 22:57:28 | 22:58:00 | 22:58:32 | 22:59:05 | 22:59:37 | 23:00:09 | 23:00:40 | 23:01:13 | 23:01:45 | 23:02:17 | 23:02:49 | 23:03:21 | 23:03:52 | 23:04:24 | 23:04:56 | 23:05:28 | 23:06:00 | 23:06:32 | 23:07:04 | 23:07:36 | 23:08:09 | 23:08:41 | 23:09:13 | 23:09:46 | 23:10:17 | 23:10:49 | 23:11:21 | 23:11:53 | 23:12:25 | 23:12:57 | 23:13:29 | 23:14:01 | 23:14:33 | 23:15:04 | 23:15:36 | 23:16:08 | 23:16:40 | 23:17:12 | 23:17:44 | 23:18:15 | 23:18:47 | 23:19:19 | 23:19:51 | 23:20:23 | 23:20:55 | 23:21:26 | 23:21:58 | 23:22:30 | 23:23:01 | 23:23:33 | 23:24:04 | 23:24:36 | 23:25:09 | 23:25:41 | 23:26:13 | 23:26:45 | 23:27:17 | 23:27:49 | 23:28:21 | 23:28:52 | 23:29:24 | 23:29:56 | 23:30:28 | 23:31:00 | 23:31:42 | 23:32:14 | 23:32:46 | 23:33:18 | 23:33:50 | 23:34:23 | 23:34:55 | 23:35:27 | 23:35:58 | 23:36:31 | 23:37:03 | 23:37:35 | 23:38:07 | 23:38:39 | 23:39:10 | 23:39:42 | 23:40:14 | 23:40:45 | 23:41:17 | 23:41:49 | 23:42:21 | 23:42:52 | 23:43:25 | 23:43:56 | 23:44:34 | 23:45:06 | 23:45:37 | 23:46:09 | 23:46:41 | 23:47:13 | 23:47:44 | 23:48:16 | 23:48:48 | 23:49:21 | 23:49:53 | 23:50:25 | 23:50:57 | 23:51:29 | 23:52:00 | 23:52:32 | 23:53:04 | 23:53:36 | 23:54:08 | 23:54:40 | 23:55:12 | 23:55:43 | 23:56:15 | 23:56:47 | 23:57:18 | 23:57:50 | 23:58:22 | 23:58:54 | 23:59:26 | 23:59:58 | 00:00:30 | 00:01:02 | 00:01:34 | 00:02:06 | 00:02:38 | 00:03:10 | 00:03:42 | 00:04:14 | 00:04:46 | 00:05:18 | 00:05:50 | 00:06:22 | 00:06:54 | 00:07:26 | 00:07:58 | 00:08:30 | 00:09:03 | 00:09:35 | 00:10:06 | 00:10:38 | 00:11:11 | 00:11:42 | 00:12:15 | 00:12:46 | 00:13:18 | 00:13:50 | 00:14:22 | 00:14:54 | 00:15:25 | 00:15:57 | 00:16:29 | 00:17:01 | 00:17:33 | 00:18:05 | 00:18:36 | 00:19:08 | 00:19:40 | 00:20:12 | 00:20:44 | 00:21:16 | 00:21:48 | 00:22:20 | 00:22:52 | 00:23:24 | 00:23:55 | 00:24:27 | 00:24:59 | 00:25:31 | 00:26:03 | 00:26:49 | 00:27:21 | 00:27:54 | 00:28:26 | 00:28:58 | 00:29:30 | 00:30:02 | no more lines
03-09-2022_19:00:02
19:00:04 | 19:00:36 | 19:01:08 | 19:01:40 | 19:02:13 | 19:02:45 | 19:03:17 | 19:03:49 | 19:04:21 | 19:04:53 | 19:05:25 | 19:05:58 | 19:06:30 | 19:07:02 | 19:07:34 | 19:08:06 | 19:08:38 | 19:09:10 | 19:09:42 | 19:10:14 | 19:10:46 | 19:11:18 | 19:11:50 | 19:12:22 | 19:12:54 | 19:13:26 | 19:13:58 | 19:14:30 | 19:15:02 | 19:15:34 | 19:16:06 | 19:16:38 | 19:17:10 | 19:17:42 | 19:18:14 | 19:18:46 | 19:19:18 | 19:19:50 | 19:20:22 | 19:20:54 | 19:21:26 | 19:21:59 | 19:22:31 | 19:23:03 | 19:23:35 | 19:24:07 | 19:24:39 | 19:25:11 | 19:25:44 | 19:26:16 | 19:26:48 | 19:27:20 | 19:27:52 | 19:28:24 | 19:28:56 | 19:29:28 | 19:30:00 | 19:30:32 | 19:31:04 | 19:31:35 | 19:32:07 | 19:32:39 | 19:33:11 | 19:33:44 | 19:34:16 | 19:34:48 | 19:35:20 | 19:35:53 | 19:36:25 | 19:36:57 | 19:37:30 | 19:38:02 | 19:38:34 | 19:39:06 | 19:39:39 | 19:40:11 | 19:40:43 | 19:41:15 | 19:41:47 | 19:42:20 | 19:42:52 | 19:43:24 | 19:43:57 | 19:44:29 | 19:45:01 | 19:45:33 | 19:46:06 | 19:46:38 | 19:47:10 | 19:47:41 | 19:48:13 | 19:48:45 | 19:49:17 | 19:49:48 | 19:50:20 | 19:50:52 | 19:51:24 | 19:51:56 | 19:52:27 | 19:53:00 | 19:53:32 | 19:54:04 | 19:54:36 | 19:55:08 | 19:55:40 | 19:56:12 | 19:56:44 | 19:57:16 | 19:57:48 | 19:58:21 | 19:58:53 | 19:59:25 | 19:59:57 | 20:00:29 | 20:01:01 | 20:01:33 | 20:02:05 | 20:02:38 | 20:03:10 | 20:03:42 | 20:04:14 | 20:04:47 | 20:05:22 | 20:05:54 | 20:06:26 | 20:06:59 | 20:07:31 | 20:08:03 | 20:08:35 | 20:09:07 | 20:09:39 | 20:10:11 | 20:10:43 | 20:11:15 | 20:11:48 | 20:12:20 | 20:12:52 | 20:13:25 | 20:13:57 | 20:14:29 | 20:15:01 | 20:15:35 | 20:16:07 | 20:16:39 | 20:17:11 | 20:17:46 | 20:18:18 | 20:18:50 | 20:19:22 | 20:19:55 | 20:20:27 | 20:21:00 | 20:21:32 | 20:22:04 | 20:22:36 | 20:23:09 | 20:23:41 | 20:24:13 | 20:24:46 | 20:25:18 | 20:25:50 | 20:26:22 | 20:26:55 | 20:27:27 | 20:28:00 | 20:28:33 | 20:29:05 | 20:29:37 | 20:30:09 | 20:30:42 | 20:31:14 | 20:31:46 | 20:32:18 | 20:32:50 | 20:33:26 | 20:33:57 | 20:34:30 | 20:35:03 | 20:35:35 | 20:36:07 | 20:36:39 | 20:37:11 | 20:37:44 | 20:38:17 | 20:38:49 | 20:39:21 | 20:39:53 | 20:40:26 | 20:40:58 | 20:41:31 | 20:42:03 | 20:42:36 | 20:43:08 | 20:43:40 | 20:44:12 | 20:44:45 | 20:45:17 | 20:45:50 | 20:46:22 | 20:46:54 | 20:47:27 | 20:47:59 | 20:48:31 | 20:49:03 | 20:49:36 | 20:50:08 | 20:50:41 | 20:51:13 | 20:51:45 | 20:52:17 | 20:52:54 | 20:53:26 | 20:53:58 | 20:54:30 | 20:55:03 | 20:55:35 | 20:56:07 | 20:56:39 | 20:57:11 | 20:57:43 | 20:58:15 | 20:58:48 | 20:59:20 | 20:59:52 | 21:00:24 | 21:00:57 | 21:01:29 | 21:02:01 | 21:02:33 | 21:03:05 | 21:03:37 | 21:04:09 | 21:04:42 | 21:05:14 | 21:05:46 | 21:06:18 | 21:06:51 | 21:07:23 | 21:07:56 | 21:08:28 | 21:09:01 | 21:09:33 | 21:10:06 | 21:10:37 | 21:11:10 | 21:11:42 | 21:12:17 | 21:12:48 | 21:13:20 | 21:13:53 | 21:14:25 | 21:14:57 | 21:15:30 | 21:16:02 | 21:16:34 | 21:17:07 | 21:17:44 | 21:18:18 | 21:18:51 | 21:19:23 | 21:19:55 | 21:20:27 | 21:21:00 | 21:21:32 | 21:22:04 | 21:22:36 | 21:23:08 | 21:23:40 | 21:24:12 | 21:24:44 | 21:25:17 | 21:25:49 | 21:26:21 | 21:26:54 | 21:27:27 | 21:28:00 | 21:28:33 | 21:29:05 | 21:29:37 | 21:30:10 | 21:30:42 | 21:31:15 | 21:31:47 | 21:32:20 | 21:32:52 | 21:33:24 | 21:33:56 | 21:34:29 | 21:35:01 | 21:35:34 | 21:36:06 | 21:36:38 | 21:37:10 | 21:37:43 | 21:38:15 | 21:38:47 | 21:39:19 | 21:39:52 | 21:40:24 | 21:40:56 | 21:41:28 | 21:42:00 | 21:42:33 | 21:43:06 | 21:43:38 | 21:44:11 | 21:44:43 | 21:45:16 | 21:45:48 | 21:46:20 | 21:46:52 | 21:47:25 | 21:47:57 | 21:48:29 | 21:49:08 | 21:49:41 | 21:50:13 | 21:50:47 | 21:51:20 | 21:51:52 | 21:52:25 | 21:52:57 | 21:53:29 | 21:54:01 | 21:54:33 | 21:55:04 | 21:55:36 | 21:56:09 | 21:56:41 | 21:57:14 | 21:57:46 | 21:58:18 | 21:58:50 | 21:59:22 | 21:59:54 | 22:00:26 | 22:00:58 | 22:01:30 | 22:02:02 | 22:02:34 | 22:03:06 | 22:03:39 | 22:04:11 | 22:04:43 | 22:05:15 | 22:05:47 | 22:06:20 | 22:06:52 | 22:07:24 | 22:07:56 | 22:08:29 | 22:09:01 | 22:09:33 | 22:10:05 | 22:10:37 | 22:11:10 | 22:11:42 | 22:12:13 | 22:12:46 | 22:13:18 | 22:13:50 | 22:14:22 | 22:14:54 | 22:15:27 | 22:15:59 | 22:16:31 | 22:17:03 | 22:17:35 | 22:18:07 | 22:18:39 | 22:19:12 | 22:19:44 | 22:20:16 | 22:20:48 | 22:21:20 | 22:21:52 | 22:22:24 | 22:22:56 | 22:23:28 | 22:24:00 | 22:24:33 | 22:25:05 | 22:25:37 | 22:26:09 | 22:26:41 | 22:27:14 | 22:27:45 | 22:28:18 | 22:28:51 | 22:29:23 | 22:29:55 | 22:30:38 | 22:31:10 | 22:31:42 | 22:32:14 | 22:32:46 | 22:33:18 | 22:33:50 | 22:34:23 | 22:34:55 | 22:35:26 | 22:35:58 | 22:36:31 | 22:37:03 | 22:37:36 | 22:38:08 | 22:38:40 | 22:39:12 | 22:39:44 | 22:40:16 | 22:40:48 | 22:41:20 | 22:41:52 | 22:42:24 | 22:42:56 | 22:43:28 | 22:44:00 | 22:44:31 | 22:45:04 | 22:45:36 | 22:46:07 | 22:52:41 | 22:54:27 | 23:11:34 | 23:14:40 | 23:15:12 | 23:15:43 | 23:16:15 | 23:16:46 | 23:17:18 | 23:17:50 | 23:18:21 | 23:18:53 | 23:19:25 | 23:19:56 | 23:20:28 | 23:21:00 | 23:21:32 | 23:22:04 | 23:22:35 | 23:23:07 | 23:23:38 | 23:24:10 | 23:24:41 | 23:25:13 | 23:25:45 | 23:26:17 | 23:26:49 | 23:27:20 | 23:27:52 | 23:28:23 | 23:28:55 | 23:29:26 | 23:29:58 | 23:30:30 | 23:31:02 | 23:31:34 | 23:32:06 | 23:32:37 | 23:33:09 | 23:33:40 | 23:34:12 | 23:34:44 | 23:35:16 | 23:35:48 | 23:36:19 | 23:36:51 | 23:37:23 | 23:37:55 | 23:38:26 | 23:38:58 | 23:39:30 | 23:40:01 | 23:40:33 | 23:41:05 | 23:41:36 | 23:42:09 | 23:42:41 | 23:43:12 | 23:43:44 | 23:44:16 | 23:44:48 | 23:45:32 | 23:46:04 | 23:46:37 | 23:47:08 | 23:47:40 | 23:48:12 | 23:48:44 | 23:49:16 | 23:49:48 | 23:50:20 | 23:50:51 | 23:51:23 | 23:52:11 | 23:52:43 | 23:53:17 | 23:53:49 | 23:54:21 | 23:54:53 | 23:55:25 | 23:55:56 | 23:56:29 | 23:57:01 | 23:57:33 | 23:58:05 | 23:58:37 | 23:59:09 | 23:59:41 | 00:00:15 | 00:00:47 | 00:01:19 | 00:01:51 | 00:02:23 | 00:02:54 | 00:03:26 | 00:03:57 | 00:04:29 | 00:05:01 | 00:05:33 | 00:06:04 | 00:06:36 | 00:07:08 | 00:07:39 | 00:08:11 | 00:08:43 | 00:09:15 | 00:09:47 | 00:10:21 | 00:10:54 | 00:11:26 | 00:12:02 | 00:12:34 | 00:13:06 | 00:13:38 | 00:14:09 | 00:14:41 | 00:15:12 | 00:15:44 | 00:16:16 | 00:16:47 | 00:17:19 | 00:17:51 | 00:18:23 | 00:18:55 | 00:19:27 | 00:19:58 | 00:20:31 | 00:21:02 | 00:21:34 | 00:22:06 | 00:22:37 | 00:23:09 | 00:23:41 | 00:24:13 | 00:24:45 | 00:25:16 | 00:25:48 | 00:26:20 | 00:26:52 | 00:27:23 | 00:27:56 | 00:28:27 | 00:28:59 | 00:29:31 | 00:30:02 | 00:30:34 | 00:31:06 | 00:31:37 | 00:32:09 | 00:32:41 | 00:33:13 | 00:33:45 | 00:34:16 | 00:34:48 | 00:35:19 | 00:35:51 | 00:36:23 | 00:36:54 | 00:37:26 | 00:37:57 | 00:38:30 | 00:39:01 | 00:39:33 | 00:40:05 | 00:40:37 | 00:41:09 | 00:41:41 | 00:42:13 | 00:42:44 | 00:43:16 | 00:43:48 | 00:44:19 | 00:44:51 | 00:45:23 | 00:45:55 | 00:46:27 | 00:46:58 | 00:47:30 | 00:48:02 | 00:48:33 | 00:49:05 | 00:49:36 | 00:50:08 | 00:50:41 | 00:51:12 | 00:51:44 | 00:52:16 | 00:52:48 | 00:53:19 | 00:53:51 | no more lines
03-11-2022_19:00:02
19:00:04 | 19:00:36 | 19:01:07 | 19:01:39 | 19:02:11 | 19:02:42 | 19:03:13 | 19:03:45 | 19:04:17 | 19:04:48 | 19:05:20 | 19:05:51 | 19:06:23 | 19:06:54 | 19:07:26 | 19:07:57 | 19:08:29 | 19:09:01 | 19:09:32 | 19:10:04 | 19:10:36 | 19:11:07 | 19:11:39 | 19:12:10 | 19:12:42 | 19:13:14 | 19:13:45 | 19:14:17 | 19:14:48 | 19:15:19 | 19:15:51 | 19:16:23 | 19:16:54 | 19:17:26 | 19:17:58 | 19:18:29 | 19:19:01 | 19:19:32 | 19:20:04 | 19:20:35 | 19:21:07 | 19:21:38 | 19:22:09 | 19:22:41 | 19:23:12 | 19:23:44 | 19:24:16 | 19:24:47 | 19:25:18 | 19:25:50 | 19:26:22 | 19:26:53 | 19:27:25 | 19:27:56 | 19:28:27 | 19:29:00 | 19:29:31 | 19:30:03 | 19:30:35 | 19:31:06 | 19:31:37 | 19:32:09 | 19:32:41 | 19:33:13 | 19:33:45 | 19:34:16 | 19:34:48 | 19:35:20 | 19:35:51 | 19:36:23 | 19:36:55 | 19:37:26 | 19:37:59 | 19:38:30 | 19:39:02 | 19:39:34 | 19:40:05 | 19:40:37 | 19:41:09 | 19:41:41 | 19:42:13 | 19:42:45 | 19:43:17 | 19:43:50 | 19:44:21 | 19:44:53 | 19:45:24 | 19:45:56 | 19:46:27 | 19:46:59 | 19:47:31 | 19:48:02 | 19:48:34 | 19:49:05 | 19:49:37 | 19:50:09 | 19:50:42 | 19:51:13 | 19:51:45 | 19:52:17 | 19:52:48 | 19:53:20 | 19:53:52 | 19:54:24 | 19:54:56 | 19:55:28 | 19:55:59 | 19:56:31 | 19:57:03 | 19:57:34 | 19:58:06 | 19:58:38 | 19:59:11 | 19:59:43 | 20:00:15 | 20:00:46 | 20:01:18 | 20:01:50 | 20:02:22 | 20:02:54 | 20:03:25 | 20:03:57 | 20:04:29 | 20:05:01 | 20:05:32 | 20:06:04 | 20:06:36 | 20:07:08 | 20:07:40 | 20:08:11 | 20:08:43 | 20:09:15 | 20:09:49 | 20:10:20 | 20:10:52 | 20:11:24 | 20:11:55 | 20:12:27 | 20:12:59 | 20:13:31 | 20:14:03 | 20:14:35 | 20:15:06 | 20:15:38 | 20:16:10 | 20:16:42 | 20:17:14 | 20:17:45 | 20:18:17 | 20:18:49 | 20:19:20 | 20:19:52 | 20:20:24 | 20:20:56 | 20:21:28 | 20:21:59 | 20:22:31 | 20:23:02 | 20:23:37 | 20:24:08 | 20:24:40 | 20:25:12 | 20:25:43 | 20:26:15 | 20:26:48 | 20:27:19 | 20:27:51 | 20:28:23 | 20:28:54 | 20:29:26 | 20:29:58 | 20:30:29 | 20:31:01 | 20:31:32 | 20:32:04 | 20:32:36 | 20:33:08 | 20:33:39 | 20:34:11 | 20:34:43 | 20:35:14 | 20:35:46 | 20:36:18 | 20:36:50 | 20:37:21 | 20:37:53 | 20:38:25 | 20:38:56 | 20:39:28 | 20:40:04 | 20:40:36 | 20:41:07 | 20:41:39 | 20:42:11 | 20:42:43 | 20:43:15 | 20:43:46 | 20:44:18 | 20:44:50 | 20:45:21 | 20:45:53 | 20:46:25 | 20:46:56 | 20:47:28 | 20:48:00 | 20:48:32 | 20:49:03 | 20:49:35 | 20:50:06 | 20:50:38 | 20:51:10 | 20:51:42 | 20:52:14 | 20:52:45 | 20:53:17 | 20:53:49 | 20:54:21 | 20:54:52 | 20:55:24 | 20:55:56 | 20:56:27 | 20:56:59 | 20:57:31 | 20:58:02 | 20:58:34 | 20:59:05 | 20:59:37 | 21:00:09 | 21:00:40 | 21:01:18 | 21:01:49 | 21:02:21 | 21:02:53 | 21:03:24 | 21:03:56 | 21:04:28 | 21:05:00 | 21:05:32 | 21:06:04 | 21:06:35 | 21:07:07 | 21:07:39 | 21:08:11 | 21:08:42 | 21:09:14 | 21:09:45 | 21:10:17 | 21:10:49 | 21:11:21 | 21:11:52 | 21:12:24 | 21:12:56 | 21:13:27 | 21:13:59 | 21:14:31 | 21:15:02 | 21:15:34 | 21:16:06 | 21:16:37 | 21:17:09 | 21:17:41 | 21:18:12 | 21:18:44 | 21:19:16 | 21:19:47 | 21:20:19 | 21:20:51 | 21:21:23 | 21:21:55 | 21:22:26 | 21:22:58 | 21:23:30 | 21:24:01 | 21:24:33 | 21:25:04 | 21:25:36 | 21:26:08 | 21:26:39 | 21:27:18 | 21:27:50 | 21:28:22 | 21:28:54 | 21:29:25 | 21:29:57 | 21:30:28 | 21:31:00 | 21:31:32 | 21:32:04 | 21:32:35 | 21:33:07 | 21:33:38 | 21:34:10 | 21:34:42 | 21:35:14 | 21:35:45 | 21:36:17 | 21:36:49 | 21:37:20 | 21:37:52 | 21:38:24 | 21:38:56 | 21:39:27 | 21:39:59 | 21:40:31 | 21:41:02 | 21:41:34 | 21:42:05 | 21:42:37 | 21:43:09 | 21:43:40 | 21:44:12 | 21:44:43 | 21:45:15 | 21:45:47 | 21:46:18 | 21:46:50 | 21:47:22 | 21:47:53 | 21:48:25 | 21:48:57 | 21:49:28 | 21:50:00 | 21:50:31 | 21:51:03 | 21:51:35 | 21:52:07 | 21:52:38 | 21:53:10 | 21:53:41 | 21:54:13 | 21:54:45 | 21:55:16 | 21:55:48 | 21:56:20 | 21:56:52 | 21:57:23 | 21:57:55 | 21:58:26 | 21:58:58 | 21:59:30 | 22:00:11 | 22:00:43 | 22:01:14 | 22:01:46 | 22:02:18 | 22:02:49 | 22:03:21 | 22:03:53 | 22:04:25 | 22:04:56 | 22:05:28 | 22:05:59 | 22:06:31 | 22:07:03 | 22:07:35 | 22:08:06 | 22:08:38 | 22:09:09 | 22:09:41 | 22:10:13 | 22:10:44 | 22:11:16 | 22:11:48 | 22:12:20 | 22:12:51 | 22:13:23 | 22:13:55 | 22:14:26 | 22:14:58 | 22:15:30 | 22:16:01 | 22:16:33 | 22:17:05 | 22:17:36 | 22:18:08 | 22:18:39 | 22:19:11 | 22:19:43 | 22:20:15 | 22:20:46 | 22:21:18 | 22:21:50 | 22:22:21 | 22:22:53 | 22:23:25 | 22:23:56 | 22:24:28 | 22:24:59 | 22:25:31 | 22:26:02 | 22:26:34 | 22:27:06 | 22:27:37 | 22:28:09 | 22:28:41 | 22:29:12 | 22:29:44 | 22:30:15 | 22:38:14 | 22:38:45 | 22:39:16 | 22:39:48 | 22:40:19 | 22:40:51 | 22:41:22 | 22:41:54 | 22:42:25 | 22:42:56 | 22:43:28 | 22:43:59 | 22:44:31 | 22:45:02 | 22:45:34 | 22:46:05 | 22:46:36 | 22:47:08 | 22:47:39 | 22:48:10 | 22:48:42 | 22:49:13 | 22:49:44 | 22:50:16 | 22:50:58 | 22:51:29 | 22:52:01 | 22:52:32 | 22:53:04 | 22:53:35 | 22:54:07 | 22:54:39 | 22:55:10 | 22:55:41 | 22:56:12 | 22:56:44 | 22:57:15 | 22:57:46 | 22:58:19 | 22:58:51 | 22:59:23 | 22:59:54 | 23:00:26 | 23:00:58 | 23:01:29 | 23:02:00 | 23:02:31 | 23:03:02 | 23:03:34 | 23:04:05 | 23:04:36 | 23:05:08 | 23:05:39 | 23:06:12 | 23:06:43 | 23:07:14 | 23:07:45 | 23:08:17 | 23:08:48 | 23:09:19 | 23:09:51 | 23:10:22 | 23:10:54 | 23:11:25 | 23:11:56 | 23:12:28 | 23:12:59 | 23:13:31 | 23:14:03 | 23:14:34 | 23:15:06 | 23:15:37 | 23:16:08 | 23:16:40 | 23:17:12 | 23:17:44 | 23:18:15 | 23:18:47 | 23:19:19 | 23:19:52 | 23:20:24 | 23:20:55 | 23:21:27 | 23:21:59 | 23:22:31 | 23:23:03 | 23:23:34 | 23:24:06 | 23:24:38 | 23:25:10 | 23:25:41 | 23:26:13 | 23:26:45 | 23:27:17 | 23:27:49 | 23:28:20 | 23:28:52 | 23:29:24 | 23:29:55 | 23:30:27 | 23:30:59 | 23:31:31 | 23:32:03 | 23:32:35 | 23:33:06 | 23:33:38 | 23:34:10 | 23:34:41 | 23:35:13 | 23:35:44 | 23:36:16 | 23:36:48 | 23:37:19 | 23:37:51 | 23:38:23 | 23:38:54 | 23:39:26 | 23:39:58 | 23:40:29 | 23:41:01 | 23:41:33 | 23:42:04 | 23:42:36 | 23:43:08 | 23:43:39 | 23:44:11 | 23:44:43 | 23:45:14 | 23:45:45 | 23:46:17 | 23:46:49 | 23:47:21 | 23:48:11 | 23:48:42 | 23:49:14 | 23:49:45 | 23:50:17 | 23:50:48 | 23:51:20 | 23:51:52 | 23:52:23 | 23:52:55 | 23:53:27 | 23:53:58 | 23:54:30 | 23:55:01 | 23:55:33 | 23:56:04 | 23:56:36 | 23:57:08 | 23:57:40 | 23:58:12 | 23:58:43 | 23:59:14 | 23:59:46 | 00:00:17 | 00:00:49 | 00:01:20 | 00:01:52 | 00:02:23 | 00:02:54 | 00:03:26 | 00:03:58 | 00:04:29 | 00:05:01 | 00:05:33 | 00:06:04 | 00:06:36 | 00:07:07 | 00:07:39 | 00:08:10 | 00:08:42 | 00:09:13 | 00:09:45 | 00:10:16 | 00:10:48 | 00:11:19 | 00:11:51 | 00:12:22 | 00:12:53 | 00:13:25 | 00:13:56 | 00:14:28 | 00:14:59 | 00:15:31 | 00:16:03 | 00:16:34 | 00:17:05 | 00:17:37 | 00:18:09 | 00:18:40 | 00:19:11 | 00:19:43 | 00:20:14 | 00:20:46 | 00:21:17 | 00:21:48 | 00:22:20 | 00:22:51 | 00:23:22 | 00:23:54 | 00:24:25 | 00:24:56 | 00:25:28 | 00:25:59 | 00:26:30 | 00:27:02 | 00:27:33 | 00:28:05 | 00:28:36 | 00:29:07 | 00:29:39 | 00:30:10 | 00:30:42 | 00:31:13 | 00:31:44 | 00:32:16 | 00:32:47 | 00:33:18 | 00:33:50 | 00:34:22 | 00:34:53 | 00:35:25 | 00:35:56 | 00:36:29 | 00:37:00 | 00:37:31 | 00:38:03 | 00:38:34 | 00:39:06 | 00:39:37 | 00:40:08 | 00:40:40 | 00:41:11 | 00:41:42 | 00:42:14 | 00:42:46 | 00:43:17 | 00:43:48 | 00:44:20 | 00:44:51 | 00:45:23 | 00:45:54 | 00:46:26 | 00:46:57 | 00:47:29 | 00:48:00 | 00:48:32 | 00:49:03 | 00:49:35 | 00:50:06 | 00:50:37 | 00:51:09 | 00:51:40 | 00:52:11 | 00:52:43 | 00:53:14 | 00:53:45 | 00:54:17 | 00:54:48 | 00:55:47 | 00:56:45 | no more lines
2022-03-12_13:08:04
2022-03-13_13:09:21
13:09:23 | Traceback (most recent call last):
  File "/Users/danielfriedman/opt/anaconda3/envs/hoops/lib/python3.9/site-packages/urllib3/connection.py", line 174, in _new_conn
    conn = connection.create_connection(
  File "/Users/danielfriedman/opt/anaconda3/envs/hoops/lib/python3.9/site-packages/urllib3/util/connection.py", line 72, in create_connection
    for res in socket.getaddrinfo(host, port, family, socket.SOCK_STREAM):
  File "/Users/danielfriedman/opt/anaconda3/envs/hoops/lib/python3.9/socket.py", line 954, in getaddrinfo
    for res in _socket.getaddrinfo(host, port, family, type, proto, flags):
socket.gaierror: [Errno 8] nodename nor servname provided, or not known

During handling of the above exception, another exception occurred:

Traceback (most recent call last):
  File "/Users/danielfriedman/opt/anaconda3/envs/hoops/lib/python3.9/site-packages/urllib3/connectionpool.py", line 703, in urlopen
    httplib_response = self._make_request(
  File "/Users/danielfriedman/opt/anaconda3/envs/hoops/lib/python3.9/site-packages/urllib3/connectionpool.py", line 386, in _make_request
    self._validate_conn(conn)
  File "/Users/danielfriedman/opt/anaconda3/envs/hoops/lib/python3.9/site-packages/urllib3/connectionpool.py", line 1040, in _validate_conn
    conn.connect()
  File "/Users/danielfriedman/opt/anaconda3/envs/hoops/lib/python3.9/site-packages/urllib3/connection.py", line 358, in connect
    conn = self._new_conn()
  File "/Users/danielfriedman/opt/anaconda3/envs/hoops/lib/python3.9/site-packages/urllib3/connection.py", line 186, in _new_conn
    raise NewConnectionError(
urllib3.exceptions.NewConnectionError: <urllib3.connection.HTTPSConnection object at 0x7fb10269c340>: Failed to establish a new connection: [Errno 8] nodename nor servname provided, or not known

During handling of the above exception, another exception occurred:

Traceback (most recent call last):
  File "/Users/danielfriedman/opt/anaconda3/envs/hoops/lib/python3.9/site-packages/requests/adapters.py", line 440, in send
    resp = conn.urlopen(
  File "/Users/danielfriedman/opt/anaconda3/envs/hoops/lib/python3.9/site-packages/urllib3/connectionpool.py", line 785, in urlopen
    retries = retries.increment(
  File "/Users/danielfriedman/opt/anaconda3/envs/hoops/lib/python3.9/site-packages/urllib3/util/retry.py", line 592, in increment
    raise MaxRetryError(_pool, url, error or ResponseError(cause))
urllib3.exceptions.MaxRetryError: HTTPSConnectionPool(host='sportsbook.draftkings.com', port=443): Max retries exceeded with url: /leagues/basketball/88670846 (Caused by NewConnectionError('<urllib3.connection.HTTPSConnection object at 0x7fb10269c340>: Failed to establish a new connection: [Errno 8] nodename nor servname provided, or not known'))

During handling of the above exception, another exception occurred:

Traceback (most recent call last):
  File "/Users/danielfriedman/Desktop/hoops/scrape/scrape.py", line 98, in <module>
    lines = track_lines(url, sleep=sleep, max_iter=max_iter)
  File "/Users/danielfriedman/Desktop/hoops/scrape/scrape.py", line 26, in track_lines
    page = requests.get(url)
  File "/Users/danielfriedman/opt/anaconda3/envs/hoops/lib/python3.9/site-packages/requests/api.py", line 75, in get
    return request('get', url, params=params, **kwargs)
  File "/Users/danielfriedman/opt/anaconda3/envs/hoops/lib/python3.9/site-packages/requests/api.py", line 61, in request
    return session.request(method=method, url=url, **kwargs)
  File "/Users/danielfriedman/opt/anaconda3/envs/hoops/lib/python3.9/site-packages/requests/sessions.py", line 529, in request
    resp = self.send(prep, **send_kwargs)
  File "/Users/danielfriedman/opt/anaconda3/envs/hoops/lib/python3.9/site-packages/requests/sessions.py", line 645, in send
    r = adapter.send(request, **kwargs)
  File "/Users/danielfriedman/opt/anaconda3/envs/hoops/lib/python3.9/site-packages/requests/adapters.py", line 519, in send
    raise ConnectionError(e, request=request)
requests.exceptions.ConnectionError: HTTPSConnectionPool(host='sportsbook.draftkings.com', port=443): Max retries exceeded with url: /leagues/basketball/88670846 (Caused by NewConnectionError('<urllib3.connection.HTTPSConnection object at 0x7fb10269c340>: Failed to establish a new connection: [Errno 8] nodename nor servname provided, or not known'))
2022-03-14_19:03:20
Traceback (most recent call last):
  File "/Users/danielfriedman/opt/anaconda3/envs/hoops/lib/python3.9/site-packages/urllib3/connection.py", line 174, in _new_conn
    conn = connection.create_connection(
  File "/Users/danielfriedman/opt/anaconda3/envs/hoops/lib/python3.9/site-packages/urllib3/util/connection.py", line 72, in create_connection
    for res in socket.getaddrinfo(host, port, family, socket.SOCK_STREAM):
  File "/Users/danielfriedman/opt/anaconda3/envs/hoops/lib/python3.9/socket.py", line 954, in getaddrinfo
    for res in _socket.getaddrinfo(host, port, family, type, proto, flags):
socket.gaierror: [Errno 8] nodename nor servname provided, or not known

During handling of the above exception, another exception occurred:

Traceback (most recent call last):
  File "/Users/danielfriedman/opt/anaconda3/envs/hoops/lib/python3.9/site-packages/urllib3/connectionpool.py", line 703, in urlopen
    httplib_response = self._make_request(
  File "/Users/danielfriedman/opt/anaconda3/envs/hoops/lib/python3.9/site-packages/urllib3/connectionpool.py", line 386, in _make_request
    self._validate_conn(conn)
  File "/Users/danielfriedman/opt/anaconda3/envs/hoops/lib/python3.9/site-packages/urllib3/connectionpool.py", line 1040, in _validate_conn
    conn.connect()
  File "/Users/danielfriedman/opt/anaconda3/envs/hoops/lib/python3.9/site-packages/urllib3/connection.py", line 358, in connect
    conn = self._new_conn()
  File "/Users/danielfriedman/opt/anaconda3/envs/hoops/lib/python3.9/site-packages/urllib3/connection.py", line 186, in _new_conn
    raise NewConnectionError(
urllib3.exceptions.NewConnectionError: <urllib3.connection.HTTPSConnection object at 0x7fe321ae8490>: Failed to establish a new connection: [Errno 8] nodename nor servname provided, or not known

During handling of the above exception, another exception occurred:

Traceback (most recent call last):
  File "/Users/danielfriedman/opt/anaconda3/envs/hoops/lib/python3.9/site-packages/requests/adapters.py", line 440, in send
    resp = conn.urlopen(
  File "/Users/danielfriedman/opt/anaconda3/envs/hoops/lib/python3.9/site-packages/urllib3/connectionpool.py", line 785, in urlopen
    retries = retries.increment(
  File "/Users/danielfriedman/opt/anaconda3/envs/hoops/lib/python3.9/site-packages/urllib3/util/retry.py", line 592, in increment
    raise MaxRetryError(_pool, url, error or ResponseError(cause))
urllib3.exceptions.MaxRetryError: HTTPSConnectionPool(host='sportsbook.draftkings.com', port=443): Max retries exceeded with url: /leagues/basketball/88670846 (Caused by NewConnectionError('<urllib3.connection.HTTPSConnection object at 0x7fe321ae8490>: Failed to establish a new connection: [Errno 8] nodename nor servname provided, or not known'))

During handling of the above exception, another exception occurred:

Traceback (most recent call last):
  File "/Users/danielfriedman/Desktop/hoops/scrape/scrape.py", line 98, in <module>
    lines = track_lines(url, sleep=sleep, max_iter=max_iter)
  File "/Users/danielfriedman/Desktop/hoops/scrape/scrape.py", line 26, in track_lines
    page = requests.get(url)
  File "/Users/danielfriedman/opt/anaconda3/envs/hoops/lib/python3.9/site-packages/requests/api.py", line 75, in get
    return request('get', url, params=params, **kwargs)
  File "/Users/danielfriedman/opt/anaconda3/envs/hoops/lib/python3.9/site-packages/requests/api.py", line 61, in request
    return session.request(method=method, url=url, **kwargs)
  File "/Users/danielfriedman/opt/anaconda3/envs/hoops/lib/python3.9/site-packages/requests/sessions.py", line 529, in request
    resp = self.send(prep, **send_kwargs)
  File "/Users/danielfriedman/opt/anaconda3/envs/hoops/lib/python3.9/site-packages/requests/sessions.py", line 645, in send
    r = adapter.send(request, **kwargs)
  File "/Users/danielfriedman/opt/anaconda3/envs/hoops/lib/python3.9/site-packages/requests/adapters.py", line 519, in send
    raise ConnectionError(e, request=request)
requests.exceptions.ConnectionError: HTTPSConnectionPool(host='sportsbook.draftkings.com', port=443): Max retries exceeded with url: /leagues/basketball/88670846 (Caused by NewConnectionError('<urllib3.connection.HTTPSConnection object at 0x7fe321ae8490>: Failed to establish a new connection: [Errno 8] nodename nor servname provided, or not known'))
2022-03-15_19:00:03
19:00:04 | 19:00:36 | 19:01:07 | 19:01:39 | 19:02:11 | 19:02:42 | 19:03:14 | 19:03:46 | 19:04:18 | 19:04:49 | 19:05:21 | 19:05:53 | 19:06:24 | 19:06:56 | 19:07:28 | 19:07:59 | 19:08:31 | 19:09:03 | 19:09:34 | 19:10:06 | 19:10:38 | 19:11:09 | 19:11:41 | 19:12:13 | 19:12:44 | 19:13:16 | 19:13:48 | 19:14:20 | 19:14:52 | 19:15:23 | 19:15:55 | 19:16:27 | 19:16:59 | 19:17:31 | 19:18:02 | 19:18:34 | 19:19:06 | 19:19:39 | 19:20:11 | 19:20:43 | 19:21:15 | 19:21:46 | 19:22:18 | 19:22:50 | 19:23:22 | 19:23:53 | 19:24:25 | 19:24:57 | 19:25:28 | 19:26:00 | 19:26:32 | 19:27:04 | 19:27:37 | 19:28:08 | 19:28:40 | 19:29:12 | 19:29:43 | 19:30:15 | 19:30:47 | 19:31:19 | 19:31:51 | 19:32:23 | 19:32:54 | 19:33:26 | 19:33:58 | 19:34:30 | 19:35:01 | 19:35:33 | 19:36:05 | 19:36:38 | 19:37:10 | 19:37:41 | 19:38:13 | 19:38:44 | 19:39:16 | 19:39:48 | 19:40:20 | 19:40:52 | 19:41:23 | 19:41:56 | 19:42:28 | 19:43:00 | 19:43:33 | 19:44:04 | 19:44:36 | 19:45:08 | 19:45:40 | 19:46:11 | 19:46:43 | 19:47:15 | 19:47:47 | 19:48:19 | 19:48:51 | 19:49:23 | 19:49:55 | 19:50:27 | 19:50:59 | 19:51:31 | 19:52:04 | 19:52:36 | 19:53:08 | 19:53:40 | 19:54:12 | 19:54:44 | 19:55:16 | 19:55:48 | 19:56:20 | 19:56:51 | Traceback (most recent call last):
  File "/Users/danielfriedman/opt/anaconda3/envs/hoops/lib/python3.9/site-packages/urllib3/connection.py", line 174, in _new_conn
    conn = connection.create_connection(
  File "/Users/danielfriedman/opt/anaconda3/envs/hoops/lib/python3.9/site-packages/urllib3/util/connection.py", line 72, in create_connection
    for res in socket.getaddrinfo(host, port, family, socket.SOCK_STREAM):
  File "/Users/danielfriedman/opt/anaconda3/envs/hoops/lib/python3.9/socket.py", line 954, in getaddrinfo
    for res in _socket.getaddrinfo(host, port, family, type, proto, flags):
socket.gaierror: [Errno 8] nodename nor servname provided, or not known

During handling of the above exception, another exception occurred:

Traceback (most recent call last):
  File "/Users/danielfriedman/opt/anaconda3/envs/hoops/lib/python3.9/site-packages/urllib3/connectionpool.py", line 703, in urlopen
    httplib_response = self._make_request(
  File "/Users/danielfriedman/opt/anaconda3/envs/hoops/lib/python3.9/site-packages/urllib3/connectionpool.py", line 386, in _make_request
    self._validate_conn(conn)
  File "/Users/danielfriedman/opt/anaconda3/envs/hoops/lib/python3.9/site-packages/urllib3/connectionpool.py", line 1040, in _validate_conn
    conn.connect()
  File "/Users/danielfriedman/opt/anaconda3/envs/hoops/lib/python3.9/site-packages/urllib3/connection.py", line 358, in connect
    conn = self._new_conn()
  File "/Users/danielfriedman/opt/anaconda3/envs/hoops/lib/python3.9/site-packages/urllib3/connection.py", line 186, in _new_conn
    raise NewConnectionError(
urllib3.exceptions.NewConnectionError: <urllib3.connection.HTTPSConnection object at 0x7f86ab9659d0>: Failed to establish a new connection: [Errno 8] nodename nor servname provided, or not known

During handling of the above exception, another exception occurred:

Traceback (most recent call last):
  File "/Users/danielfriedman/opt/anaconda3/envs/hoops/lib/python3.9/site-packages/requests/adapters.py", line 440, in send
    resp = conn.urlopen(
  File "/Users/danielfriedman/opt/anaconda3/envs/hoops/lib/python3.9/site-packages/urllib3/connectionpool.py", line 785, in urlopen
    retries = retries.increment(
  File "/Users/danielfriedman/opt/anaconda3/envs/hoops/lib/python3.9/site-packages/urllib3/util/retry.py", line 592, in increment
    raise MaxRetryError(_pool, url, error or ResponseError(cause))
urllib3.exceptions.MaxRetryError: HTTPSConnectionPool(host='sportsbook.draftkings.com', port=443): Max retries exceeded with url: /leagues/basketball/88670846 (Caused by NewConnectionError('<urllib3.connection.HTTPSConnection object at 0x7f86ab9659d0>: Failed to establish a new connection: [Errno 8] nodename nor servname provided, or not known'))

During handling of the above exception, another exception occurred:

Traceback (most recent call last):
  File "/Users/danielfriedman/Desktop/hoops/scrape/scrape.py", line 98, in <module>
    lines = track_lines(url, sleep=sleep, max_iter=max_iter)
  File "/Users/danielfriedman/Desktop/hoops/scrape/scrape.py", line 26, in track_lines
    page = requests.get(url)
  File "/Users/danielfriedman/opt/anaconda3/envs/hoops/lib/python3.9/site-packages/requests/api.py", line 75, in get
    return request('get', url, params=params, **kwargs)
  File "/Users/danielfriedman/opt/anaconda3/envs/hoops/lib/python3.9/site-packages/requests/api.py", line 61, in request
    return session.request(method=method, url=url, **kwargs)
  File "/Users/danielfriedman/opt/anaconda3/envs/hoops/lib/python3.9/site-packages/requests/sessions.py", line 529, in request
    resp = self.send(prep, **send_kwargs)
  File "/Users/danielfriedman/opt/anaconda3/envs/hoops/lib/python3.9/site-packages/requests/sessions.py", line 645, in send
    r = adapter.send(request, **kwargs)
  File "/Users/danielfriedman/opt/anaconda3/envs/hoops/lib/python3.9/site-packages/requests/adapters.py", line 519, in send
    raise ConnectionError(e, request=request)
requests.exceptions.ConnectionError: HTTPSConnectionPool(host='sportsbook.draftkings.com', port=443): Max retries exceeded with url: /leagues/basketball/88670846 (Caused by NewConnectionError('<urllib3.connection.HTTPSConnection object at 0x7f86ab9659d0>: Failed to establish a new connection: [Errno 8] nodename nor servname provided, or not known'))
2022-03-16_19:00:02
19:00:04 | 19:00:36 | 19:01:09 | 19:01:41 | 19:02:13 | 19:02:46 | 19:03:18 | 19:03:50 | 19:04:22 | 19:04:53 | 19:05:25 | 19:05:57 | 19:06:29 | 19:07:01 | 19:07:33 | 19:08:05 | 19:08:37 | 19:09:09 | 19:09:41 | 19:10:14 | 19:10:46 | 19:11:17 | 19:11:49 | 19:12:21 | 19:12:53 | 19:13:25 | 19:13:57 | 19:14:29 | 19:15:01 | 19:15:33 | 19:16:06 | 19:16:38 | 19:17:10 | 19:17:42 | 19:18:13 | 19:18:46 | 19:19:17 | 19:19:49 | 19:20:21 | 19:20:52 | 19:21:25 | 19:21:56 | 19:22:28 | 19:23:00 | 19:23:32 | 19:24:04 | 19:24:36 | 19:25:07 | 19:25:39 | 19:26:50 | 19:27:22 | 19:27:54 | 19:28:25 | 19:28:58 | 19:29:29 | 19:30:01 | 19:30:33 | 19:31:05 | 19:31:37 | 19:32:09 | 19:32:41 | 19:33:14 | 19:33:46 | 19:34:18 | 19:34:50 | 19:35:22 | 19:35:54 | 19:36:26 | 19:36:58 | 19:37:30 | 19:38:02 | 19:38:34 | 19:39:07 | 19:39:39 | 19:40:11 | 19:40:44 | 19:41:15 | 19:41:47 | 19:42:19 | 19:42:54 | 19:43:25 | 19:43:57 | 19:44:30 | 19:45:02 | 19:45:34 | 19:46:07 | 19:46:39 | 19:47:12 | 19:47:44 | 19:48:16 | 19:48:48 | 19:49:20 | 19:49:52 | 19:50:25 | 19:50:56 | 19:51:28 | 19:52:00 | 19:52:32 | 19:53:04 | 19:53:36 | 19:54:12 | 19:54:46 | 19:55:18 | 19:55:50 | 19:56:22 | 19:56:54 | 19:57:26 | 19:57:58 | 19:58:30 | 19:59:02 | 19:59:34 | Traceback (most recent call last):
  File "/Users/danielfriedman/Desktop/hoops/scrape/scrape.py", line 98, in <module>
    lines = track_lines(url, sleep=sleep, max_iter=max_iter)
  File "/Users/danielfriedman/Desktop/hoops/scrape/scrape.py", line 30, in track_lines
    first_lines = soup.find_all("div", class_="parlay-card-10-a")[0]
IndexError: list index out of range
2022-03-18_19:00:07
19:00:09 | 19:00:41 | 19:01:14 | 19:01:46 | 19:02:18 | 19:02:50 | 19:03:22 | 19:03:54 | 19:04:26 | 19:04:58 | 19:05:30 | 19:06:02 | 19:06:34 | 19:07:06 | 19:07:39 | 19:08:10 | 19:08:42 | 19:09:14 | 19:09:47 | 19:10:18 | 19:10:50 | 19:11:23 | 19:11:55 | 19:12:27 | 19:13:00 | 19:13:32 | 19:14:03 | 19:14:36 | 19:15:09 | 19:15:41 | 19:16:13 | 19:16:45 | 19:17:17 | 19:17:50 | 19:18:21 | 19:18:53 | 19:19:25 | 19:19:58 | 19:20:30 | 19:21:03 | 19:21:35 | 19:22:07 | 19:22:40 | 19:23:12 | 19:23:44 | 19:24:17 | 19:24:48 | 19:25:21 | 19:25:53 | 19:26:25 | 19:26:57 | 19:27:30 | 19:28:03 | 19:28:35 | 19:29:07 | 19:29:39 | 19:30:12 | 19:30:44 | 19:31:16 | 19:31:48 | 19:32:21 | 19:32:53 | 19:33:25 | 19:33:58 | 19:34:30 | 19:35:03 | 19:35:35 | 19:36:08 | 19:36:40 | 19:37:12 | 19:37:45 | 19:38:16 | 19:38:49 | 19:39:22 | 19:39:55 | 19:40:27 | 19:40:59 | 19:41:31 | 19:42:04 | 19:42:36 | 19:43:08 | 19:43:40 | 19:44:12 | 19:44:45 | 19:45:17 | 19:45:49 | 19:46:21 | 19:46:53 | 19:47:25 | 19:47:58 | 19:48:30 | 19:49:03 | 19:49:36 | 19:50:08 | 19:50:40 | 19:51:12 | 19:51:46 | 19:52:19 | 19:52:51 | 19:53:23 | 19:53:55 | 19:54:27 | 19:54:59 | 19:55:32 | 19:56:05 | 19:56:37 | 19:57:09 | 19:57:42 | 19:58:14 | 19:58:47 | 19:59:20 | 19:59:53 | 2022-03-19_13:10:44
13:10:46 | 13:28:12 | 13:29:22 | 13:31:08 | 13:33:11 | 13:35:17 | 14:05:01 | 14:07:32 | 14:15:38 | 14:16:27 | 14:17:56 | 14:20:30 | 14:31:22 | 14:33:57 | 14:35:32 | 14:38:03 | 14:55:56 | 15:03:21 | 15:04:18 | 15:04:50 | 15:05:22 | 15:05:54 | 15:06:27 | 15:06:59 | 15:07:31 | 15:08:03 | 15:08:35 | 15:09:07 | 15:09:38 | 15:10:11 | 15:10:45 | 15:11:17 | 15:11:49 | 15:12:21 | 15:12:53 | 15:13:25 | 15:13:58 | 15:14:30 | 15:15:02 | 15:15:34 | 15:16:06 | 15:16:49 | 15:17:21 | 15:17:53 | 15:18:26 | 15:19:06 | 15:19:39 | 15:20:12 | 15:20:43 | 15:21:15 | 15:21:50 | 15:22:23 | 15:22:56 | 15:23:56 | 15:24:28 | 15:25:00 | 15:25:33 | 15:26:05 | 15:26:52 | 15:27:25 | Traceback (most recent call last):
  File "/Users/danielfriedman/opt/anaconda3/envs/hoops/lib/python3.9/site-packages/urllib3/connection.py", line 174, in _new_conn
    conn = connection.create_connection(
  File "/Users/danielfriedman/opt/anaconda3/envs/hoops/lib/python3.9/site-packages/urllib3/util/connection.py", line 72, in create_connection
    for res in socket.getaddrinfo(host, port, family, socket.SOCK_STREAM):
  File "/Users/danielfriedman/opt/anaconda3/envs/hoops/lib/python3.9/socket.py", line 954, in getaddrinfo
    for res in _socket.getaddrinfo(host, port, family, type, proto, flags):
socket.gaierror: [Errno 8] nodename nor servname provided, or not known

During handling of the above exception, another exception occurred:

Traceback (most recent call last):
  File "/Users/danielfriedman/opt/anaconda3/envs/hoops/lib/python3.9/site-packages/urllib3/connectionpool.py", line 703, in urlopen
    httplib_response = self._make_request(
  File "/Users/danielfriedman/opt/anaconda3/envs/hoops/lib/python3.9/site-packages/urllib3/connectionpool.py", line 386, in _make_request
    self._validate_conn(conn)
  File "/Users/danielfriedman/opt/anaconda3/envs/hoops/lib/python3.9/site-packages/urllib3/connectionpool.py", line 1040, in _validate_conn
    conn.connect()
  File "/Users/danielfriedman/opt/anaconda3/envs/hoops/lib/python3.9/site-packages/urllib3/connection.py", line 358, in connect
    conn = self._new_conn()
  File "/Users/danielfriedman/opt/anaconda3/envs/hoops/lib/python3.9/site-packages/urllib3/connection.py", line 186, in _new_conn
    raise NewConnectionError(
urllib3.exceptions.NewConnectionError: <urllib3.connection.HTTPSConnection object at 0x7f9b81aaa4f0>: Failed to establish a new connection: [Errno 8] nodename nor servname provided, or not known

During handling of the above exception, another exception occurred:

Traceback (most recent call last):
  File "/Users/danielfriedman/opt/anaconda3/envs/hoops/lib/python3.9/site-packages/requests/adapters.py", line 440, in send
    resp = conn.urlopen(
  File "/Users/danielfriedman/opt/anaconda3/envs/hoops/lib/python3.9/site-packages/urllib3/connectionpool.py", line 785, in urlopen
    retries = retries.increment(
  File "/Users/danielfriedman/opt/anaconda3/envs/hoops/lib/python3.9/site-packages/urllib3/util/retry.py", line 592, in increment
    raise MaxRetryError(_pool, url, error or ResponseError(cause))
urllib3.exceptions.MaxRetryError: HTTPSConnectionPool(host='sportsbook.draftkings.com', port=443): Max retries exceeded with url: /leagues/basketball/88670846 (Caused by NewConnectionError('<urllib3.connection.HTTPSConnection object at 0x7f9b81aaa4f0>: Failed to establish a new connection: [Errno 8] nodename nor servname provided, or not known'))

During handling of the above exception, another exception occurred:

Traceback (most recent call last):
  File "/Users/danielfriedman/Desktop/hoops/scrape/scrape.py", line 98, in <module>
    lines = track_lines(url, sleep=sleep, max_iter=max_iter)
  File "/Users/danielfriedman/Desktop/hoops/scrape/scrape.py", line 26, in track_lines
    page = requests.get(url)
  File "/Users/danielfriedman/opt/anaconda3/envs/hoops/lib/python3.9/site-packages/requests/api.py", line 75, in get
    return request('get', url, params=params, **kwargs)
  File "/Users/danielfriedman/opt/anaconda3/envs/hoops/lib/python3.9/site-packages/requests/api.py", line 61, in request
    return session.request(method=method, url=url, **kwargs)
  File "/Users/danielfriedman/opt/anaconda3/envs/hoops/lib/python3.9/site-packages/requests/sessions.py", line 529, in request
    resp = self.send(prep, **send_kwargs)
  File "/Users/danielfriedman/opt/anaconda3/envs/hoops/lib/python3.9/site-packages/requests/sessions.py", line 645, in send
    r = adapter.send(request, **kwargs)
  File "/Users/danielfriedman/opt/anaconda3/envs/hoops/lib/python3.9/site-packages/requests/adapters.py", line 519, in send
    raise ConnectionError(e, request=request)
requests.exceptions.ConnectionError: HTTPSConnectionPool(host='sportsbook.draftkings.com', port=443): Max retries exceeded with url: /leagues/basketball/88670846 (Caused by NewConnectionError('<urllib3.connection.HTTPSConnection object at 0x7f9b81aaa4f0>: Failed to establish a new connection: [Errno 8] nodename nor servname provided, or not known'))
2022-03-21_19:00:03
19:00:06 | 19:00:38 | 19:01:10 | 19:01:42 | 19:02:15 | 19:02:47 | 19:03:19 | 19:03:51 | 19:04:23 | 19:04:55 | 19:05:27 | 19:06:00 | 19:06:32 | 19:07:04 | 19:07:36 | 19:08:08 | 19:08:40 | 19:09:12 | 19:09:44 | 19:10:16 | 19:10:49 | 19:11:21 | 19:11:53 | 19:12:25 | 19:12:57 | 19:13:29 | 19:14:01 | 19:14:33 | 19:15:05 | 19:15:37 | 19:16:09 | 19:16:41 | 19:17:14 | 19:17:46 | 19:18:18 | 19:18:50 | 19:19:22 | 19:19:54 | 19:20:26 | 19:20:59 | 19:21:31 | 19:22:03 | 19:22:35 | 19:23:07 | 19:23:39 | 19:24:12 | 19:24:44 | 19:25:16 | 19:25:47 | 19:26:19 | 19:26:51 | 19:27:23 | 19:27:56 | 19:28:28 | 19:29:00 | 19:29:33 | 19:30:04 | 19:30:36 | 19:31:12 | 19:31:46 | 19:32:19 | 19:32:52 | 19:33:25 | 19:33:58 | 19:34:31 | 19:35:04 | 19:35:37 | 19:36:10 | 19:36:43 | 19:37:16 | 19:37:48 | 19:38:21 | 19:38:56 | 19:39:29 | 19:40:02 | 19:40:34 | 19:41:06 | 19:41:38 | 19:42:11 | 19:42:43 | 19:43:15 | 19:43:47 | 19:44:20 | 19:44:52 | 19:45:24 | 19:45:56 | 19:46:29 | 19:47:01 | 19:47:33 | 19:48:05 | 19:48:37 | 19:49:09 | 19:49:41 | 19:50:14 | 19:50:46 | 19:51:17 | 19:51:49 | 19:52:22 | 19:52:54 | 19:53:26 | 19:53:58 | 19:54:29 | 19:55:02 | 19:55:35 | 19:56:07 | 19:56:39 | 19:57:11 | 19:57:43 | 19:58:15 | 19:58:53 | 19:59:25 | 19:59:57 | 
2022-03-22_19:00:03
19:00:04 | 19:00:37 | 19:01:09 | 19:01:41 | 19:02:13 | 19:02:45 | 19:03:17 | 19:03:49 | 19:04:21 | 19:04:53 | 19:05:26 | 19:05:58 | 19:06:30 | 19:07:02 | 19:07:34 | 19:08:06 | 19:08:38 | 19:09:11 | 19:09:43 | 19:10:15 | 19:10:47 | 19:11:19 | 19:11:51 | 19:12:23 | 19:12:55 | 19:13:27 | 19:13:59 | 19:14:31 | 19:15:03 | 19:15:35 | 19:16:08 | 19:16:39 | 19:17:11 | 19:17:43 | 19:18:16 | 19:18:48 | 19:19:20 | 19:19:52 | 19:20:24 | 19:20:56 | 19:21:28 | 19:22:00 | 19:22:32 | 19:23:04 | 19:23:36 | 19:24:08 | 19:24:40 | 19:25:12 | 19:25:45 | 19:26:17 | 19:26:49 | 19:27:21 | 19:27:53 | 19:28:26 | 19:28:58 | 19:29:31 | 19:30:02 | 19:30:35 | 19:31:06 | 19:31:38 | 19:32:10 | 19:32:42 | 19:33:14 | 19:33:47 | 19:34:19 | 19:34:51 | 19:35:23 | 19:35:55 | 19:36:27 | 19:36:59 | 19:37:31 | 19:38:03 | 19:38:36 | 19:39:09 | 19:39:41 | 19:40:13 | 19:40:45 | 19:41:17 | 19:41:49 | 19:42:21 | 19:42:53 | 19:43:24 | 19:43:56 | 19:44:28 | 19:45:00 | 19:45:34 | 19:46:05 | 19:46:38 | 19:47:10 | 19:47:42 | 19:48:14 | 19:48:46 | 19:49:18 | 19:49:50 | 19:50:21 | 19:50:53 | 19:51:27 | 19:51:59 | 19:52:31 | 19:53:03 | 19:53:35 | 19:54:09 | 19:54:41 | 19:55:13 | 19:55:45 | 19:56:17 | 19:56:49 | 19:57:21 | 19:57:53 | 19:58:25 | 19:58:57 | 19:59:29 | 2022-03-23_19:00:03
19:00:05 | 19:00:38 | 19:01:10 | 19:01:43 | 19:02:14 | 19:02:46 | 19:03:18 | 19:03:50 | 19:04:23 | 19:04:55 | 19:05:27 | 19:05:59 | 19:06:32 | 19:07:04 | 19:07:36 | 19:08:08 | 19:08:40 | 19:09:13 | 19:09:45 | 19:10:16 | 19:10:49 | 19:11:21 | 19:11:58 | 19:12:30 | 19:13:03 | 19:13:35 | 19:14:07 | 19:14:39 | 19:15:11 | 19:15:43 | 19:16:15 | 19:16:47 | 19:17:20 | 19:17:52 | 19:18:24 | 19:18:56 | 19:19:29 | 19:20:01 | 19:20:33 | 19:21:06 | 19:21:38 | 19:22:10 | 19:22:42 | 19:23:15 | 19:23:46 | 19:24:19 | 19:24:51 | 19:25:23 | 19:25:55 | 19:26:27 | 19:26:59 | 19:27:31 | 19:28:04 | 19:28:36 | 19:29:08 | 19:29:40 | 19:30:12 | 19:30:44 | 19:31:17 | 19:31:49 | 19:32:22 | 19:32:55 | 19:33:27 | 19:33:59 | 19:34:31 | 19:35:03 | 19:35:35 | 19:36:07 | 19:36:39 | 19:37:11 | 19:37:43 | 19:38:16 | 19:38:49 | 19:39:21 | 19:39:53 | 19:40:26 | 19:40:57 | 19:41:30 | 19:42:02 | 19:42:34 | 19:43:06 | 19:43:38 | 19:44:11 | 19:44:43 | 19:45:15 | 19:45:48 | 19:46:21 | 19:46:53 | 19:47:25 | 19:47:57 | 19:48:29 | 19:49:01 | 19:49:32 | 19:50:04 | 19:50:36 | 19:51:08 | 19:51:41 | 19:52:12 | 19:52:45 | 19:53:16 | 19:53:48 | 19:54:20 | 19:54:54 | 19:55:26 | 19:55:58 | 19:56:30 | 19:57:02 | 19:57:34 | 19:58:06 | 19:58:38 | 19:59:10 | 19:59:42 | 2022-03-25_19:00:03
19:00:05 | 19:00:37 | 19:01:09 | 19:01:40 | 19:02:13 | 19:02:45 | 19:03:17 | 19:03:49 | 19:04:21 | 19:04:52 | 19:05:24 | 19:05:56 | 19:06:28 | 19:07:00 | 19:07:31 | 19:08:04 | 19:08:35 | 19:09:07 | 19:09:39 | 19:10:11 | 19:10:43 | 19:11:14 | 19:11:46 | 19:12:18 | 19:12:50 | 19:13:21 | 19:13:53 | 19:14:25 | 19:14:57 | 19:15:29 | 19:16:01 | 19:16:33 | 19:17:05 | 19:17:37 | 19:18:08 | 19:18:40 | 19:19:12 | 19:19:44 | 19:20:16 | 19:20:48 | 19:21:19 | 19:21:51 | 19:22:23 | 19:22:55 | 19:23:28 | 19:24:00 | 19:24:32 | 19:25:04 | 19:25:36 | 19:26:07 | 19:26:40 | 19:27:12 | 19:27:45 | 19:28:17 | 19:28:48 | 19:29:20 | 19:29:51 | 19:30:24 | 19:30:56 | 19:31:28 | 19:31:59 | 19:32:32 | 19:33:04 | 19:33:36 | 19:34:08 | 19:34:40 | 19:35:12 | 19:35:44 | 19:36:17 | 19:36:49 | 19:37:21 | 19:37:53 | 19:38:25 | 19:38:56 | 19:39:28 | 19:40:01 | 19:40:32 | 19:41:05 | 19:41:38 | 19:42:10 | 19:42:44 | 19:43:15 | 19:43:47 | 19:44:19 | 19:44:51 | 19:45:23 | 19:45:55 | 19:46:27 | 19:46:59 | 19:47:31 | 19:48:03 | 19:48:35 | 19:49:07 | 19:49:40 | 19:50:14 | 19:50:46 | 19:51:18 | 19:51:50 | 19:52:22 | 19:52:54 | 19:53:27 | 19:53:59 | 19:54:31 | 19:55:03 | 19:55:35 | 19:56:07 | 19:56:39 | 19:57:11 | 19:57:43 | 19:58:15 | 19:58:48 | 19:59:20 | 19:59:54 | 20:00:26 | 20:00:58 | 20:01:30 | 20:02:03 | 20:02:35 | 20:03:07 | 20:03:39 | 20:04:11 | 20:04:43 | 20:05:15 | 20:05:47 | 20:06:19 | 20:06:51 | 20:07:23 | 20:07:55 | 20:08:27 | 20:08:59 | 20:09:31 | 20:10:04 | 20:10:36 | 20:11:09 | 20:11:41 | 20:12:15 | 20:12:47 | 20:13:19 | 20:13:51 | 20:14:23 | 20:14:54 | 20:15:27 | 20:15:59 | 20:16:32 | 20:17:04 | 20:17:36 | 20:18:09 | 20:18:41 | 20:19:13 | 20:19:45 | 20:20:17 | 20:20:49 | 20:21:20 | 20:21:53 | 20:22:25 | 20:22:57 | 20:23:29 | 20:24:01 | 20:24:33 | 20:25:05 | 20:25:37 | 20:26:09 | 20:26:44 | 20:27:16 | 20:27:48 | 20:28:20 | 20:28:52 | 20:29:24 | 20:29:56 | 20:30:28 | 20:31:00 | 20:31:32 | 20:32:04 | 20:32:36 | 20:33:08 | 20:33:41 | 20:34:13 | 20:34:45 | 20:35:17 | 20:35:49 | 20:36:21 | 20:36:53 | 20:37:25 | 20:37:57 | 20:38:29 | 20:39:01 | 20:39:33 | 20:40:05 | 20:40:37 | 20:41:09 | 20:41:41 | 20:42:12 | 20:42:44 | 20:43:16 | 20:43:48 | 20:44:20 | 20:44:52 | 20:45:28 | 20:46:00 | 20:46:32 | 20:47:04 | 20:47:36 | 20:48:08 | 20:48:40 | 20:49:12 | 20:49:44 | 20:50:16 | 20:50:48 | 20:51:20 | 20:51:52 | 20:52:24 | 20:52:57 | 20:53:29 | 20:54:00 | 20:54:33 | 20:55:05 | 20:55:37 | 20:56:09 | 20:56:41 | 20:57:13 | 20:57:45 | 20:58:17 | 20:58:49 | 20:59:21 | 20:59:53 | 21:00:25 | 21:00:57 | 21:01:29 | 21:02:01 | 21:02:33 | 21:03:04 | 21:03:37 | 21:04:09 | 21:04:40 | 21:05:13 | 21:05:45 | 21:06:17 | 21:06:49 | 21:07:21 | 21:07:58 | 21:08:30 | 21:09:02 | 21:09:34 | 21:10:06 | 21:10:38 | 21:11:10 | 21:11:42 | 21:12:15 | 21:12:47 | 21:13:18 | 21:13:50 | 21:14:22 | 21:14:54 | 21:15:27 | 21:15:59 | 21:16:31 | 21:17:03 | 21:17:35 | 21:18:07 | 21:18:39 | 21:19:12 | 21:19:44 | 21:20:16 | 21:20:48 | 21:21:19 | 21:21:52 | 21:22:23 | 21:22:55 | 21:23:27 | 21:23:59 | 21:24:31 | 21:25:03 | 21:25:35 | 21:26:08 | 21:26:40 | 21:27:12 | 21:27:44 | 21:28:16 | 21:28:48 | 21:29:20 | 21:29:52 | 21:30:24 | 21:30:56 | 21:31:28 | 21:32:00 | 21:32:32 | 21:33:04 | 21:33:36 | 21:34:08 | 21:34:40 | 21:35:12 | 21:35:44 | 21:36:23 | 21:36:55 | 21:37:27 | 21:37:59 | 21:38:31 | 21:39:04 | 21:39:36 | 21:40:08 | 21:40:40 | 21:41:12 | 21:41:44 | 21:42:16 | 21:42:48 | 21:43:21 | 21:43:53 | 21:44:25 | 21:44:57 | 21:45:29 | 21:46:01 | 21:46:33 | 21:47:05 | 21:47:36 | 21:48:08 | 21:48:40 | 21:49:12 | 21:49:43 | 21:50:15 | 21:50:47 | 21:51:19 | 21:51:51 | 21:52:23 | 21:52:56 | 21:53:27 | 21:54:00 | 21:54:32 | 21:55:04 | 21:55:36 | 21:56:08 | 21:56:41 | 21:57:13 | 21:57:45 | 21:58:17 | 21:58:49 | 21:59:21 | 21:59:53 | 22:00:25 | 22:00:57 | 22:01:29 | 22:02:01 | 22:02:33 | 22:03:05 | 22:03:37 | 22:04:10 | 22:04:41 | 22:05:14 | 22:05:46 | 22:06:18 | 22:06:50 | 22:07:22 | 22:07:53 | 22:08:26 | 22:08:58 | 22:09:30 | 22:10:02 | 22:10:42 | 22:11:14 | 22:11:46 | 22:12:18 | 22:12:51 | 22:13:25 | 22:13:57 | 22:14:29 | 22:15:01 | 22:15:33 | 22:16:05 | 22:16:37 | 22:17:09 | 22:17:45 | 22:18:17 | 22:18:49 | 22:19:21 | 22:19:53 | 22:20:25 | 22:20:57 | 22:21:29 | 22:22:01 | 22:22:33 | 22:23:05 | 22:23:38 | 22:24:10 | 22:24:43 | 22:25:15 | 22:25:47 | 22:26:19 | 22:26:51 | 22:27:24 | 22:27:56 | 22:28:28 | 22:29:00 | 22:29:32 | 22:30:04 | 22:30:36 | 22:31:08 | 22:31:40 | 22:32:12 | 22:32:44 | 22:33:16 | 22:33:48 | 22:34:20 | 22:34:52 | 22:35:24 | 22:35:56 | 22:36:28 | 22:37:00 | 22:37:32 | 22:38:04 | 22:38:36 | 22:39:08 | 22:39:40 | 22:40:12 | 22:40:44 | 22:41:16 | 22:41:47 | 22:42:19 | 22:42:51 | 22:43:22 | 22:43:54 | 22:44:25 | 22:44:57 | 22:45:28 | 22:46:00 | 22:46:31 | 22:47:03 | 22:47:34 | 22:48:06 | 22:48:38 | 22:49:09 | 22:49:41 | 22:50:17 | 22:50:49 | 22:51:20 | 22:51:52 | 22:52:24 | 22:52:55 | 22:53:28 | 22:53:59 | 22:54:31 | 22:55:02 | 22:55:34 | 22:56:06 | 22:56:38 | 22:57:09 | 22:57:41 | 22:58:13 | 22:58:45 | 22:59:17 | 22:59:48 | 23:00:20 | 23:00:51 | 23:01:23 | 23:01:55 | 23:02:26 | 23:02:58 | 23:03:30 | 23:04:02 | 23:04:34 | 23:05:05 | 23:05:38 | 23:06:10 | 23:06:42 | 23:07:13 | 23:07:46 | 23:08:18 | 23:08:50 | 23:09:22 | 23:09:54 | 23:10:25 | 23:10:57 | 23:11:30 | 23:12:01 | 23:12:33 | 23:13:05 | 23:13:37 | 23:14:09 | 23:14:41 | 23:15:13 | 23:15:45 | 23:16:17 | 23:16:49 | 23:17:21 | 23:17:53 | 23:18:25 | 23:18:57 | 23:19:29 | 23:20:01 | 23:20:33 | 23:21:05 | 23:21:37 | 23:22:09 | 23:22:41 | 23:23:13 | 23:23:45 | 23:24:17 | 23:24:49 | 23:25:22 | 23:25:54 | 23:26:26 | 23:26:58 | 23:27:30 | 23:28:02 | 23:28:34 | 23:29:06 | 23:29:39 | 23:30:12 | 23:30:44 | 23:31:15 | 23:31:48 | 23:32:20 | 23:32:52 | 23:33:24 | 23:33:56 | 23:34:28 | 23:35:00 | 23:35:32 | 23:36:04 | 23:36:36 | 23:37:09 | 23:37:41 | 23:38:26 | 23:38:58 | 23:39:30 | 23:40:03 | 23:40:34 | 23:41:06 | 23:41:38 | 23:42:10 | 23:42:48 | 23:43:20 | 23:43:51 | 23:44:24 | 23:44:56 | 23:45:28 | 23:46:00 | 23:46:32 | 23:47:04 | 23:47:36 | 23:48:08 | 23:48:40 | 23:49:12 | 23:49:44 | 23:50:16 | 23:50:48 | 23:51:20 | 23:51:52 | 23:52:24 | 23:52:57 | 23:53:29 | 23:54:01 | 23:54:33 | 23:55:05 | 23:55:37 | 23:56:09 | 23:56:41 | 23:57:13 | 23:57:45 | 23:58:17 | 23:58:49 | 23:59:21 | 23:59:54 | 00:00:26 | 00:00:58 | 00:01:29 | 00:02:01 | 00:02:33 | 00:03:05 | 00:03:37 | 00:04:09 | 00:04:41 | 00:05:13 | 00:05:45 | 00:06:16 | 00:06:48 | 00:07:20 | 00:07:52 | 00:08:24 | 00:08:56 | 00:09:29 | 00:10:01 | 00:10:33 | 00:11:05 | 00:11:37 | 00:12:09 | 00:12:41 | 00:13:13 | 00:13:45 | 00:14:17 | 00:14:49 | 00:15:21 | 00:15:53 | 00:16:25 | 00:16:57 | 00:17:29 | 00:18:01 | 00:18:32 | 00:19:04 | 00:19:36 | 00:20:08 | 00:20:40 | 00:21:12 | 00:21:44 | 00:22:15 | 00:22:47 | 00:23:19 | 00:23:51 | 00:24:24 | 00:24:56 | 00:25:29 | 00:26:01 | 00:26:33 | 00:27:05 | 00:27:37 | 00:28:09 | 00:28:41 | 00:29:13 | 00:29:45 | 00:30:17 | 00:30:49 | 00:31:20 | 00:31:52 | 00:32:24 | 00:32:56 | 00:33:28 | 00:33:59 | 00:34:31 | 00:35:03 | 00:35:35 | 00:36:07 | 00:36:39 | 00:37:11 | 00:38:02 | 00:38:34 | 00:39:06 | 00:39:38 | 00:40:10 | 00:40:42 | 00:41:14 | 00:41:46 | 00:42:18 | 00:42:50 | 00:43:21 | 00:43:53 | 00:44:25 | 00:44:56 | 00:45:28 | 00:46:00 | 00:46:32 | 00:47:04 | 00:47:36 | 00:48:07 | 00:48:39 | 00:49:11 | 00:49:43 | 00:50:15 | 00:50:46 | 00:51:18 | 00:51:50 | 00:52:22 | 00:52:54 | 00:53:25 | 00:53:57 | 00:54:29 | 00:55:01 | 00:55:33 | 00:56:05 | 00:56:36 | 00:57:09 | 00:57:41 | 00:58:13 | 00:58:45 | 00:59:17 | 00:59:49 | 01:00:21 | 01:00:54 | 01:01:26 | 01:01:58 | 01:02:30 | 01:03:02 | 01:03:34 | 01:04:06 | 01:04:37 | 01:05:09 | 01:05:41 | 01:06:13 | 01:06:45 | 01:07:17 | 01:07:49 | 01:08:21 | 01:08:53 | 01:09:25 | 01:09:57 | 01:10:29 | 01:11:01 | 01:11:33 | 01:12:05 | 01:12:37 | 01:13:08 | 01:13:40 | 01:14:12 | 01:14:44 | 01:15:16 | 01:15:48 | 01:16:20 | 01:16:52 | 01:17:24 | 01:17:56 | 01:18:28 | 01:18:59 | 01:19:32 | 01:20:04 | 01:20:35 | 01:21:07 | 01:21:39 | 01:22:11 | 01:22:43 | 01:23:15 | 01:23:47 | 01:24:19 | 01:24:51 | 01:25:23 | 01:25:55 | 01:26:27 | 01:26:59 | 01:27:31 | 01:28:03 | 01:28:35 | 01:29:07 | 01:29:39 | 01:30:11 | 01:30:43 | 01:31:15 | 01:31:47 | 01:32:18 | 01:32:50 | 01:33:22 | 01:33:54 | 01:34:26 | 01:34:58 | 01:35:29 | 01:36:01 | Traceback (most recent call last):
  File "/Users/danielfriedman/opt/anaconda3/envs/hoops/lib/python3.9/site-packages/urllib3/connection.py", line 174, in _new_conn
    conn = connection.create_connection(
  File "/Users/danielfriedman/opt/anaconda3/envs/hoops/lib/python3.9/site-packages/urllib3/util/connection.py", line 72, in create_connection
    for res in socket.getaddrinfo(host, port, family, socket.SOCK_STREAM):
  File "/Users/danielfriedman/opt/anaconda3/envs/hoops/lib/python3.9/socket.py", line 954, in getaddrinfo
    for res in _socket.getaddrinfo(host, port, family, type, proto, flags):
socket.gaierror: [Errno 8] nodename nor servname provided, or not known

During handling of the above exception, another exception occurred:

Traceback (most recent call last):
  File "/Users/danielfriedman/opt/anaconda3/envs/hoops/lib/python3.9/site-packages/urllib3/connectionpool.py", line 703, in urlopen
    httplib_response = self._make_request(
  File "/Users/danielfriedman/opt/anaconda3/envs/hoops/lib/python3.9/site-packages/urllib3/connectionpool.py", line 386, in _make_request
    self._validate_conn(conn)
  File "/Users/danielfriedman/opt/anaconda3/envs/hoops/lib/python3.9/site-packages/urllib3/connectionpool.py", line 1040, in _validate_conn
    conn.connect()
  File "/Users/danielfriedman/opt/anaconda3/envs/hoops/lib/python3.9/site-packages/urllib3/connection.py", line 358, in connect
    conn = self._new_conn()
  File "/Users/danielfriedman/opt/anaconda3/envs/hoops/lib/python3.9/site-packages/urllib3/connection.py", line 186, in _new_conn
    raise NewConnectionError(
urllib3.exceptions.NewConnectionError: <urllib3.connection.HTTPSConnection object at 0x7f93b95394c0>: Failed to establish a new connection: [Errno 8] nodename nor servname provided, or not known

During handling of the above exception, another exception occurred:

Traceback (most recent call last):
  File "/Users/danielfriedman/opt/anaconda3/envs/hoops/lib/python3.9/site-packages/requests/adapters.py", line 440, in send
    resp = conn.urlopen(
  File "/Users/danielfriedman/opt/anaconda3/envs/hoops/lib/python3.9/site-packages/urllib3/connectionpool.py", line 785, in urlopen
    retries = retries.increment(
  File "/Users/danielfriedman/opt/anaconda3/envs/hoops/lib/python3.9/site-packages/urllib3/util/retry.py", line 592, in increment
    raise MaxRetryError(_pool, url, error or ResponseError(cause))
urllib3.exceptions.MaxRetryError: HTTPSConnectionPool(host='sportsbook.draftkings.com', port=443): Max retries exceeded with url: /leagues/basketball/88670846 (Caused by NewConnectionError('<urllib3.connection.HTTPSConnection object at 0x7f93b95394c0>: Failed to establish a new connection: [Errno 8] nodename nor servname provided, or not known'))

During handling of the above exception, another exception occurred:

Traceback (most recent call last):
  File "/Users/danielfriedman/Desktop/hoops/scrape/scrape.py", line 102, in <module>
    lines = track_lines(url, sleep=sleep, max_iter=max_iter)
  File "/Users/danielfriedman/Desktop/hoops/scrape/scrape.py", line 26, in track_lines
    page = requests.get(url)
  File "/Users/danielfriedman/opt/anaconda3/envs/hoops/lib/python3.9/site-packages/requests/api.py", line 75, in get
    return request('get', url, params=params, **kwargs)
  File "/Users/danielfriedman/opt/anaconda3/envs/hoops/lib/python3.9/site-packages/requests/api.py", line 61, in request
    return session.request(method=method, url=url, **kwargs)
  File "/Users/danielfriedman/opt/anaconda3/envs/hoops/lib/python3.9/site-packages/requests/sessions.py", line 529, in request
    resp = self.send(prep, **send_kwargs)
  File "/Users/danielfriedman/opt/anaconda3/envs/hoops/lib/python3.9/site-packages/requests/sessions.py", line 645, in send
    r = adapter.send(request, **kwargs)
  File "/Users/danielfriedman/opt/anaconda3/envs/hoops/lib/python3.9/site-packages/requests/adapters.py", line 519, in send
    raise ConnectionError(e, request=request)
requests.exceptions.ConnectionError: HTTPSConnectionPool(host='sportsbook.draftkings.com', port=443): Max retries exceeded with url: /leagues/basketball/88670846 (Caused by NewConnectionError('<urllib3.connection.HTTPSConnection object at 0x7f93b95394c0>: Failed to establish a new connection: [Errno 8] nodename nor servname provided, or not known'))
2022-03-27_13:17:16
Traceback (most recent call last):
  File "/Users/danielfriedman/opt/anaconda3/envs/hoops/lib/python3.9/site-packages/urllib3/connection.py", line 174, in _new_conn
    conn = connection.create_connection(
  File "/Users/danielfriedman/opt/anaconda3/envs/hoops/lib/python3.9/site-packages/urllib3/util/connection.py", line 72, in create_connection
    for res in socket.getaddrinfo(host, port, family, socket.SOCK_STREAM):
  File "/Users/danielfriedman/opt/anaconda3/envs/hoops/lib/python3.9/socket.py", line 954, in getaddrinfo
    for res in _socket.getaddrinfo(host, port, family, type, proto, flags):
socket.gaierror: [Errno 8] nodename nor servname provided, or not known

During handling of the above exception, another exception occurred:

Traceback (most recent call last):
  File "/Users/danielfriedman/opt/anaconda3/envs/hoops/lib/python3.9/site-packages/urllib3/connectionpool.py", line 703, in urlopen
    httplib_response = self._make_request(
  File "/Users/danielfriedman/opt/anaconda3/envs/hoops/lib/python3.9/site-packages/urllib3/connectionpool.py", line 386, in _make_request
    self._validate_conn(conn)
  File "/Users/danielfriedman/opt/anaconda3/envs/hoops/lib/python3.9/site-packages/urllib3/connectionpool.py", line 1040, in _validate_conn
    conn.connect()
  File "/Users/danielfriedman/opt/anaconda3/envs/hoops/lib/python3.9/site-packages/urllib3/connection.py", line 358, in connect
    conn = self._new_conn()
  File "/Users/danielfriedman/opt/anaconda3/envs/hoops/lib/python3.9/site-packages/urllib3/connection.py", line 186, in _new_conn
    raise NewConnectionError(
urllib3.exceptions.NewConnectionError: <urllib3.connection.HTTPSConnection object at 0x7fafb9686070>: Failed to establish a new connection: [Errno 8] nodename nor servname provided, or not known

During handling of the above exception, another exception occurred:

Traceback (most recent call last):
  File "/Users/danielfriedman/opt/anaconda3/envs/hoops/lib/python3.9/site-packages/requests/adapters.py", line 440, in send
    resp = conn.urlopen(
  File "/Users/danielfriedman/opt/anaconda3/envs/hoops/lib/python3.9/site-packages/urllib3/connectionpool.py", line 785, in urlopen
    retries = retries.increment(
  File "/Users/danielfriedman/opt/anaconda3/envs/hoops/lib/python3.9/site-packages/urllib3/util/retry.py", line 592, in increment
    raise MaxRetryError(_pool, url, error or ResponseError(cause))
urllib3.exceptions.MaxRetryError: HTTPSConnectionPool(host='sportsbook.draftkings.com', port=443): Max retries exceeded with url: /leagues/basketball/88670846 (Caused by NewConnectionError('<urllib3.connection.HTTPSConnection object at 0x7fafb9686070>: Failed to establish a new connection: [Errno 8] nodename nor servname provided, or not known'))

During handling of the above exception, another exception occurred:

Traceback (most recent call last):
  File "/Users/danielfriedman/Desktop/hoops/scrape/scrape.py", line 102, in <module>
    lines = track_lines(url, sleep=sleep, max_iter=max_iter)
  File "/Users/danielfriedman/Desktop/hoops/scrape/scrape.py", line 26, in track_lines
    page = requests.get(url)
  File "/Users/danielfriedman/opt/anaconda3/envs/hoops/lib/python3.9/site-packages/requests/api.py", line 75, in get
    return request('get', url, params=params, **kwargs)
  File "/Users/danielfriedman/opt/anaconda3/envs/hoops/lib/python3.9/site-packages/requests/api.py", line 61, in request
    return session.request(method=method, url=url, **kwargs)
  File "/Users/danielfriedman/opt/anaconda3/envs/hoops/lib/python3.9/site-packages/requests/sessions.py", line 529, in request
    resp = self.send(prep, **send_kwargs)
  File "/Users/danielfriedman/opt/anaconda3/envs/hoops/lib/python3.9/site-packages/requests/sessions.py", line 645, in send
    r = adapter.send(request, **kwargs)
  File "/Users/danielfriedman/opt/anaconda3/envs/hoops/lib/python3.9/site-packages/requests/adapters.py", line 519, in send
    raise ConnectionError(e, request=request)
requests.exceptions.ConnectionError: HTTPSConnectionPool(host='sportsbook.draftkings.com', port=443): Max retries exceeded with url: /leagues/basketball/88670846 (Caused by NewConnectionError('<urllib3.connection.HTTPSConnection object at 0x7fafb9686070>: Failed to establish a new connection: [Errno 8] nodename nor servname provided, or not known'))
2022-03-28_19:00:01
19:00:03 | 19:00:35 | 19:01:07 | 19:01:39 | 19:02:11 | 19:02:43 | 19:03:16 | 19:03:48 | 19:04:20 | 19:04:52 | 19:05:24 | 19:05:56 | 19:06:28 | 19:07:00 | 19:07:33 | 19:08:05 | 19:08:37 | 19:09:09 | 19:09:41 | 19:10:13 | 19:10:45 | 19:11:17 | 19:11:49 | 19:12:21 | 19:12:53 | 19:13:25 | 19:13:57 | 19:14:29 | 19:15:01 | 19:15:34 | 19:16:06 | 19:16:38 | 19:17:10 | 19:17:42 | 19:18:14 | 19:18:46 | 19:19:18 | 19:19:51 | 19:20:22 | 19:20:54 | 19:21:26 | 19:21:59 | 19:22:31 | 19:23:03 | 19:23:35 | 19:24:07 | 19:24:39 | 19:25:11 | 19:25:43 | 19:26:16 | 19:26:48 | 19:27:20 | 19:27:52 | 19:28:24 | 19:28:57 | 19:29:29 | 19:30:01 | 19:30:33 | 19:31:05 | 19:31:37 | 19:32:10 | 19:32:43 | 19:33:15 | 19:33:47 | 19:34:20 | 19:34:52 | 19:35:25 | 19:35:57 | 19:36:29 | 19:37:01 | 19:37:33 | 19:38:05 | 19:38:37 | 19:39:09 | 19:39:41 | 19:40:13 | 19:40:46 | 19:41:19 | 19:41:50 | 19:42:23 | 19:42:55 | 19:43:27 | 19:43:58 | 19:44:30 | 19:45:02 | 19:45:34 | 19:46:06 | 19:46:38 | 19:47:10 | 19:47:42 | 19:48:14 | 19:48:46 | 19:49:20 | 19:49:51 | 19:50:23 | 19:50:55 | 19:51:28 | 19:52:00 | 19:52:32 | 19:53:04 | 19:53:36 | 19:54:08 | 19:54:40 | 19:55:12 | 19:55:44 | 19:56:16 | 19:56:48 | 19:57:20 | 19:57:52 | 19:58:24 | 19:58:58 | 19:59:30 | 20:00:02 | 20:00:34 | 20:01:07 | 20:01:40 | 20:02:11 | 20:02:44 | 20:03:16 | 20:03:48 | 20:04:20 | 20:04:52 | 20:05:24 | 20:05:57 | 20:06:29 | 20:07:01 | 20:07:34 | 20:08:06 | 20:08:39 | 20:09:11 | 20:09:43 | 20:10:15 | 20:10:47 | 20:11:22 | 20:11:54 | 20:12:26 | 20:12:58 | 20:13:31 | 20:14:03 | 20:14:35 | 20:15:07 | 20:15:39 | 20:16:11 | 20:16:43 | 20:17:15 | 20:17:47 | 20:18:19 | 20:18:52 | 20:19:24 | 20:19:56 | 20:20:28 | 20:21:01 | 20:21:34 | 20:22:06 | 20:22:38 | 20:23:10 | 20:23:42 | 20:24:15 | 20:24:47 | 20:25:19 | 20:25:52 | 20:26:29 | 20:27:01 | 20:27:34 | 20:28:06 | 20:28:38 | 20:29:10 | 20:29:41 | 20:30:13 | 20:30:46 | 20:31:18 | 20:31:50 | 20:32:22 | 20:32:54 | 20:33:26 | 20:33:58 | 20:34:30 | 20:35:03 | 20:35:35 | 20:36:07 | 20:36:39 | 20:37:11 | 20:37:43 | 20:38:16 | 20:38:48 | 20:39:20 | 20:39:52 | 20:40:24 | 20:40:57 | 20:41:28 | 20:42:01 | 20:42:32 | 20:43:04 | 20:43:37 | 20:44:09 | 20:44:42 | 20:45:13 | 20:45:50 | 20:46:22 | 20:46:54 | 20:47:27 | 20:47:59 | 20:48:31 | 20:49:03 | 20:49:35 | 20:50:07 | 20:50:39 | 20:51:12 | 20:51:44 | 20:52:16 | 20:52:48 | 20:53:21 | 20:53:53 | 20:54:25 | 20:54:57 | 20:55:29 | 20:56:02 | 20:56:34 | 20:57:06 | 20:57:39 | 20:58:11 | 20:58:43 | 20:59:15 | 20:59:47 | 21:00:20 | 21:00:52 | 21:01:24 | 21:01:55 | 21:02:27 | 21:02:59 | 21:03:31 | 21:04:03 | 21:04:35 | 21:05:07 | 21:05:40 | 21:06:12 | 21:06:44 | 21:07:16 | 21:07:48 | 21:08:20 | 21:08:52 | 21:09:29 | 21:10:02 | 21:10:34 | 21:11:06 | 21:11:38 | 21:12:11 | 21:12:43 | 21:13:15 | 21:13:47 | 21:14:19 | 21:14:51 | 21:15:24 | 21:15:56 | 21:16:28 | 21:17:00 | 21:17:32 | 21:18:04 | 21:18:36 | 21:19:08 | 21:19:41 | 21:20:13 | 21:20:45 | 21:21:17 | 21:21:49 | 21:22:21 | 21:22:53 | 21:23:26 | 21:23:58 | 21:24:30 | 21:25:02 | 21:25:34 | 21:26:06 | 21:26:38 | 21:27:10 | 21:27:42 | 21:28:14 | 21:28:46 | 21:29:18 | 21:29:50 | 21:30:22 | 21:30:55 | 21:31:27 | 21:31:59 | 21:32:31 | 21:33:03 | 21:33:35 | 21:34:07 | 21:34:39 | 21:35:11 | 21:35:44 | 21:36:15 | 21:36:48 | 21:37:20 | 21:37:52 | 21:38:24 | 21:38:56 | 21:39:28 | 21:40:00 | 21:40:40 | 21:41:12 | 21:41:44 | 21:42:16 | 21:42:48 | 21:43:20 | 21:43:53 | 21:44:25 | 21:44:56 | 21:45:28 | 21:46:00 | 21:46:32 | 21:47:04 | 21:47:36 | 21:48:08 | 21:48:40 | 21:49:12 | 21:49:44 | 21:55:46 | 21:58:07 | 22:01:18 | 22:10:06 | 22:15:38 | 22:24:13 | 22:40:34 | 22:49:00 | 22:54:10 | 22:58:12 | 23:10:18 | 23:11:22 | 00:00:09 | 00:05:47 | 00:06:20 | 00:07:05 | 00:07:37 | 00:08:09 | 00:08:44 | 00:09:17 | 00:09:48 | 00:10:20 | 00:10:52 | 00:11:23 | 00:11:55 | 00:12:26 | 00:12:58 | 00:13:29 | 00:14:01 | 00:14:33 | 00:15:04 | 00:15:36 | 00:16:08 | 00:16:39 | 00:17:11 | 00:17:42 | 00:18:14 | 00:18:47 | 00:19:19 | 00:19:50 | 00:20:22 | 00:20:54 | 00:21:30 | 00:22:02 | 00:22:33 | 00:44:21 | 01:37:51 | 2022-03-29_19:00:02
0 1648594803.959362
19:00:03 | 19:00:35 | 19:01:07 | 19:01:40 | 19:02:12 | 19:02:44 | 19:03:16 | 19:03:48 | 19:04:20 | 19:04:52 | 19:05:28 | 19:06:00 | 19:06:34 | 19:07:06 | 19:07:38 | 19:08:11 | 19:08:43 | 19:09:15 | 19:09:48 | 19:10:20 | 19:10:52 | 19:11:25 | 19:11:56 | 19:12:29 | 19:13:01 | 19:13:34 | 19:14:06 | 19:14:38 | 19:15:10 | 19:15:42 | 19:16:14 | 19:16:46 | 19:17:18 | 19:17:52 | 19:18:24 | 19:18:56 | 19:19:28 | 19:20:00 | 19:20:32 | 19:21:05 | 19:21:37 | 19:22:10 | 19:22:42 | 19:23:14 | 19:23:47 | 19:24:21 | 19:24:53 | 19:25:27 | 19:26:01 | 19:26:35 | 19:27:07 | 19:27:40 | 19:28:13 | 19:28:45 | 19:29:17 | 19:29:49 | 19:30:21 | 19:30:54 | 19:31:26 | 19:31:58 | 19:32:30 | 19:33:04 | 19:33:36 | 19:34:07 | 19:34:40 | 19:35:12 | 19:35:44 | 19:36:17 | 19:36:49 | 19:37:21 | 19:37:53 | 19:38:26 | 19:40:07 | 19:40:41 | 19:41:15 | 19:41:49 | 19:42:21 | 19:42:54 | 19:43:26 | 19:43:58 | 19:44:31 | 19:45:03 | 19:45:35 | 19:46:08 | 19:46:41 | 19:47:13 | 19:47:45 | 19:48:17 | 19:48:49 | 19:49:22 | 19:49:54 | 19:50:26 | 19:51:00 | 19:51:32 | 19:52:05 | 19:52:37 | 19:53:10 | 19:53:43 | 19:54:15 | 19:54:47 | 100 1648598119.788445
19:55:19 | 19:55:51 | 19:56:23 | 19:56:56 | 19:57:28 | 19:58:00 | 19:58:32 | 19:59:04 | 19:59:36 | 20:00:08 | 20:00:41 | 20:01:13 | 20:01:45 | 20:02:19 | 20:02:51 | 20:03:23 | 20:03:55 | 20:04:28 | 20:05:00 | 20:05:31 | 20:06:04 | 20:06:36 | 20:07:09 | 20:07:41 | 20:08:13 | 20:08:46 | 20:09:18 | 20:09:50 | 20:10:23 | 20:10:55 | 20:11:27 | 20:11:59 | 20:12:31 | 20:13:06 | 20:13:38 | 20:14:10 | 20:14:43 | 20:15:15 | 20:15:48 | 20:16:20 | 20:16:53 | 20:17:25 | 20:17:57 | 20:18:29 | 20:19:02 | 20:19:34 | 20:20:06 | 20:20:39 | 20:21:11 | 20:21:43 | 20:22:15 | 20:22:47 | 20:23:19 | 20:23:51 | 20:24:24 | 20:24:56 | 20:25:28 | 20:26:03 | 20:26:35 | 20:27:07 | 20:27:40 | 20:28:13 | 20:28:45 | 20:29:17 | 20:29:50 | 20:30:22 | 20:30:54 | 20:31:26 | 20:31:59 | 20:32:31 | 20:33:03 | 20:33:36 | 20:34:08 | 20:34:41 | 20:35:13 | 20:35:45 | 20:36:17 | 20:36:49 | 20:37:21 | 20:37:54 | 20:38:26 | 20:38:58 | 20:39:30 | 20:40:02 | 20:40:35 | 20:41:10 | 20:41:43 | 20:42:15 | 20:42:47 | 20:43:20 | 20:43:52 | 20:44:25 | 20:44:57 | 20:45:29 | 20:46:01 | 20:46:34 | 20:47:06 | 20:47:38 | 20:48:10 | 20:48:42 | 200 1648601354.705051
20:49:14 | 20:49:46 | 20:50:18 | 20:50:50 | 20:51:23 | 20:51:54 | 20:52:27 | 20:52:59 | 20:53:31 | 20:54:06 | 20:54:38 | 20:55:10 | 20:55:43 | 20:56:15 | 20:56:48 | 20:57:20 | 20:57:52 | 20:58:24 | 20:58:57 | 20:59:30 | 21:00:06 | 21:00:38 | 21:01:11 | 21:01:43 | 21:02:15 | 21:02:48 | 21:03:21 | 21:03:53 | 21:04:26 | 21:04:58 | 21:05:30 | 21:06:03 | 21:06:35 | 21:07:14 | 21:07:46 | 21:08:19 | 21:08:51 | 21:09:24 | 21:09:56 | 21:10:29 | 21:11:01 | 21:11:33 | 21:12:05 | 21:12:37 | 21:13:09 | 21:13:42 | 21:14:14 | 21:14:46 | 21:15:19 | 21:15:51 | 21:16:23 | 21:16:56 | 21:17:28 | 21:18:00 | 21:18:33 | 21:19:05 | 21:19:37 | 21:20:10 | 21:20:42 | 21:21:14 | 21:21:46 | 21:22:18 | 21:22:50 | 21:23:22 | 21:24:00 | 21:24:32 | 21:25:04 | 21:25:37 | 21:26:09 | 21:26:41 | 21:27:13 | 21:27:46 | 21:28:18 | 21:28:50 | 21:29:23 | 21:29:55 | 21:30:27 | 21:30:59 | 21:31:31 | 21:32:03 | 21:32:36 | 21:33:08 | 21:33:39 | 21:34:11 | 21:34:44 | 21:35:16 | 21:35:48 | 21:36:20 | 21:36:53 | 21:37:25 | 21:37:57 | 21:38:29 | 21:39:01 | 21:39:33 | 21:40:05 | 21:40:38 | 21:41:10 | 21:41:42 | 21:42:14 | 21:42:47 | 300 1648604599.648159
21:43:19 | 21:43:51 | 21:44:24 | 21:44:56 | 21:45:28 | 21:46:01 | 21:46:33 | 21:47:07 | 21:47:38 | 21:48:10 | 21:48:43 | 21:49:15 | 21:49:46 | 21:50:18 | 21:50:50 | 21:51:22 | 21:51:53 | 21:52:25 | 21:52:57 | 21:53:33 | 21:54:05 | 21:54:36 | 21:55:08 | 21:55:41 | 21:56:13 | 21:56:44 | 21:57:16 | 21:57:48 | 21:58:20 | 21:58:52 | 21:59:24 | 21:59:57 | 22:00:29 | 22:01:01 | 22:01:33 | 22:02:05 | 22:02:38 | 22:03:10 | 22:03:42 | 22:04:14 | 22:04:46 | 22:05:18 | 22:05:50 | 22:06:22 | 22:06:54 | 22:07:26 | 22:07:57 | 22:08:29 | 22:09:01 | 22:09:33 | 22:10:05 | 22:10:37 | 22:11:10 | 22:11:42 | 22:12:14 | 22:12:46 | 22:13:19 | 22:13:51 | 22:14:22 | 22:14:54 | 22:15:26 | 22:15:59 | 22:16:30 | 22:17:02 | 22:17:34 | 22:18:06 | 22:18:39 | 22:19:11 | 22:19:43 | 22:20:15 | 22:20:47 | 22:21:19 | 22:21:51 | 22:22:23 | 22:22:56 | 22:23:28 | 22:24:00 | 22:24:31 | 22:25:03 | 22:25:35 | 22:26:14 | 22:26:46 | 22:27:18 | 22:27:50 | 22:28:22 | 22:28:54 | 22:29:26 | 22:29:58 | 22:30:30 | 22:31:02 | 22:31:34 | 22:32:06 | 22:32:39 | 22:33:11 | 22:33:43 | 22:34:15 | 22:34:47 | 22:35:19 | 22:35:51 | 22:36:23 | 400 1648607815.001642
22:36:55 | 22:37:27 | 22:37:59 | 22:38:31 | 22:39:04 | 22:39:35 | 22:40:08 | 22:40:40 | 22:41:12 | 22:41:44 | 22:42:16 | 22:42:48 | 22:43:20 | 22:43:52 | 22:44:24 | 22:44:56 | 22:45:28 | 22:46:01 | 22:46:32 | 22:47:04 | 22:47:37 | 22:48:09 | 22:48:41 | 22:49:13 | 22:49:46 | 22:50:18 | 22:50:50 | 22:51:21 | 22:51:54 | 22:52:26 | 22:52:58 | 22:53:30 | 22:54:02 | 22:54:35 | 22:55:07 | 22:55:39 | 22:56:11 | 22:56:43 | 22:57:15 | 22:57:47 | 22:58:19 | 22:58:51 | 22:59:23 | 23:00:02 | 23:00:35 | 23:01:07 | 23:01:39 | 23:02:11 | 23:02:43 | 23:03:16 | 23:03:48 | 23:04:20 | 23:04:52 | 23:05:24 | 23:05:56 | 23:06:29 | 23:07:01 | 23:07:33 | 23:08:05 | 23:08:37 | 23:09:10 | 23:09:42 | 23:10:14 | 23:10:46 | 23:11:17 | 23:11:49 | 23:12:22 | 23:12:54 | 23:13:26 | 23:13:58 | 23:14:30 | 23:15:02 | 23:15:34 | 23:16:06 | 23:16:38 | 23:17:10 | 23:17:42 | 23:18:14 | 23:18:46 | 23:19:19 | 23:19:50 | 23:20:23 | 23:20:54 | 23:21:26 | 23:21:59 | 23:22:31 | 23:23:03 | 23:23:35 | 23:24:07 | 23:24:39 | 23:25:11 | 23:25:43 | 23:26:15 | 23:26:47 | 23:27:20 | 23:27:52 | 23:28:24 | 23:28:56 | 23:29:28 | 23:30:00 | 500 1648611032.34757
23:30:32 | 23:31:04 | 23:31:35 | 23:32:07 | 23:32:39 | 23:33:11 | 23:33:43 | 23:34:15 | 23:34:48 | 23:35:20 | 23:35:53 | 23:36:24 | 23:36:57 | 23:37:29 | 23:38:01 | 23:38:41 | 23:39:13 | 23:39:44 | 23:40:16 | 23:40:48 | 23:41:20 | 23:41:52 | 23:42:24 | 23:42:56 | 23:43:28 | 23:44:00 | 23:44:32 | 23:45:04 | 23:45:36 | 23:46:08 | 23:46:41 | 23:47:13 | 23:47:45 | 23:48:16 | 23:48:48 | 23:49:20 | 23:49:52 | 23:50:23 | 23:50:55 | 23:51:26 | 23:51:58 | 23:52:30 | 23:53:02 | 23:53:34 | 23:54:05 | 23:54:37 | 23:55:09 | 23:55:40 | 23:56:12 | 23:56:44 | 23:57:16 | 23:57:48 | 23:58:20 | 23:58:52 | 23:59:24 | 23:59:56 | 00:00:27 | 00:00:59 | 00:01:31 | 00:02:03 | 00:02:36 | 00:03:08 | 00:03:39 | 00:04:11 | 00:04:43 | 00:05:15 | 00:05:47 | 00:06:19 | 00:06:51 | 00:07:23 | 00:07:55 | 00:08:27 | 00:08:59 | 00:09:31 | 00:10:03 | 00:10:36 | 00:11:08 | 00:11:40 | 00:12:12 | 00:12:44 | 00:13:16 | 00:13:49 | 00:14:20 | 00:14:52 | 00:15:24 | 00:15:57 | 00:16:29 | 00:17:01 | 00:17:33 | 00:18:05 | 00:18:47 | 00:19:19 | 00:19:51 | 00:20:22 | 00:20:54 | 00:21:26 | 00:21:58 | 00:22:29 | 00:23:02 | 00:23:34 | 600 1648614246.0279832
00:24:06 | 00:24:37 | 00:25:09 | 00:25:41 | 00:26:13 | 00:26:46 | 00:27:18 | 00:27:50 | 00:28:22 | 00:28:54 | 00:29:26 | 00:29:58 | 00:30:31 | 00:31:03 | 00:31:35 | 00:32:06 | 00:32:38 | 00:33:10 | 00:33:42 | 00:34:14 | 00:34:46 | 00:35:19 | 00:35:51 | 00:36:23 | 00:36:55 | 00:37:26 | 00:37:58 | 00:38:31 | 00:39:03 | 00:39:35 | 00:40:07 | 00:40:39 | 00:41:11 | 00:41:43 | 00:42:15 | 00:42:47 | 00:43:19 | 00:43:51 | 00:44:23 | 00:44:55 | 00:45:27 | 00:45:59 | 00:46:31 | 00:47:03 | 00:47:35 | 00:48:07 | 00:48:39 | 00:49:11 | 00:49:43 | 00:50:15 | 00:50:47 | 00:51:19 | 00:51:51 | 00:52:23 | 00:52:56 | 00:53:27 | 00:53:59 | 00:54:31 | 00:55:03 | 00:55:35 | 00:56:07 | 00:56:39 | 00:57:11 | 00:57:43 | 00:58:15 | 00:58:55 | 00:59:27 | 00:59:59 | 01:00:31 | 01:01:03 | 01:01:35 | 01:02:07 | 01:02:39 | 01:03:11 | 01:03:46 | 01:04:18 | 01:04:50 | 01:05:22 | 01:05:54 | 01:06:26 | 01:06:58 | 01:07:30 | 01:08:02 | 01:08:34 | 01:09:05 | 01:09:37 | 01:10:09 | 01:10:41 | 01:11:13 | 01:11:45 | 01:12:19 | 01:12:51 | 01:13:23 | 01:13:55 | 01:14:26 | 01:14:58 | 01:15:31 | 01:16:02 | 01:16:34 | 01:17:06 | 700 1648617458.757487
01:17:38 | 01:18:10 | 01:18:42 | 01:19:14 | 01:19:46 | 01:20:18 | 01:20:50 | 01:21:22 | 01:21:56 | 01:22:28 | 01:23:00 | 01:23:32 | 01:24:04 | 01:24:36 | 01:25:07 | 01:25:39 | 01:26:12 | 01:26:44 | 01:27:16 | 01:27:47 | 01:28:19 | 01:28:51 | 01:29:23 | 01:29:55 | 01:30:27 | 01:30:59 | 01:31:31 | 01:32:04 | 01:32:36 | 01:33:08 | 01:33:40 | 01:34:12 | 01:34:44 | 01:35:16 | 01:35:48 | 01:36:21 | 01:36:53 | 01:37:25 | 01:37:57 | 01:38:29 | 01:39:01 | 01:39:33 | 01:40:14 | 01:40:46 | 01:41:18 | 01:41:50 | 01:42:22 | 01:42:53 | 01:43:26 | 01:43:58 | 01:44:29 | 01:45:02 | 01:45:34 | 01:46:06 | 01:46:37 | 01:47:09 | 01:47:41 | 01:48:13 | 01:48:46 | 01:49:18 | 01:49:50 | 01:50:22 | 01:50:54 | 01:51:26 | 01:51:58 | 01:52:30 | 01:53:02 | 01:53:34 | 01:54:06 | 01:54:38 | 01:55:10 | 01:55:42 | 01:56:14 | 01:56:45 | 01:57:18 | 01:57:50 | 01:58:22 | 01:58:54 | 01:59:25 | 01:59:57 | 2022-03-31_19:00:03
19:00:05 | 19:00:37 | 19:01:09 | 19:01:41 | 19:02:13 | 19:02:45 | 19:03:18 | 19:03:49 | 19:04:22 | 19:04:54 | 19:05:26 | 19:05:58 | 19:06:30 | 19:07:02 | 19:07:34 | 19:08:07 | 19:08:38 | 19:09:11 | 19:09:43 | 19:10:15 | 19:10:48 | 19:11:21 | 19:11:53 | 19:12:25 | 19:12:57 | 19:13:30 | 19:14:04 | 19:14:38 | 19:15:12 | 19:15:44 | 19:16:18 | 19:16:51 | 19:17:23 | 19:17:55 | 19:18:27 | 19:19:02 | 19:19:34 | 19:20:07 | 19:20:39 | 19:21:11 | 19:21:44 | 19:22:16 | 19:22:49 | 19:23:21 | 19:23:53 | 19:24:26 | 19:24:58 | 19:25:29 | 19:26:02 | 19:26:34 | 19:27:06 | 19:27:38 | 19:28:10 | 19:28:43 | 19:29:15 | 19:29:48 | 19:30:20 | 19:30:52 | 19:31:24 | 19:31:55 | 19:32:27 | 19:32:59 | 19:33:32 | 19:34:04 | 19:34:36 | 19:35:10 | 19:35:42 | 19:36:14 | 19:36:46 | 19:37:18 | 19:37:50 | 19:38:22 | 19:38:56 | 19:39:28 | 19:40:00 | 19:40:33 | 19:41:05 | 19:41:37 | 19:42:09 | 19:42:42 | 19:43:15 | 19:43:47 | 19:44:19 | 19:44:51 | 19:45:24 | 19:45:56 | 19:46:28 | 19:47:00 | 19:47:33 | 19:48:04 | 19:48:37 | 19:49:09 | 19:49:41 | 19:50:12 | 19:50:44 | 19:51:16 | 19:51:48 | 19:52:21 | 19:52:54 | 19:53:26 | 19:53:58 | 19:54:30 | 19:55:02 | 19:55:34 | 19:56:06 | 19:56:38 | 19:57:10 | 19:57:42 | 19:58:14 | 19:58:46 | 19:59:18 | 19:59:50 | 20:00:23 | 20:00:55 | 20:01:27 | 20:01:59 | 20:02:33 | 20:03:05 | 20:03:37 | 20:04:09 | 20:04:41 | 20:05:14 | 20:05:46 | 20:06:18 | 20:06:50 | 20:07:22 | 20:07:54 | 20:08:25 | 20:08:57 | 20:09:29 | 20:10:02 | 20:10:34 | 20:11:06 | 20:11:38 | 20:12:10 | 20:12:42 | 20:13:14 | 20:13:47 | 20:14:22 | 20:14:54 | 20:15:27 | 20:15:59 | 20:16:31 | 20:17:03 | 20:17:34 | 20:18:06 | 20:18:38 | 20:19:11 | 20:19:43 | 20:20:15 | 20:20:47 | 20:21:19 | 20:21:51 | 20:22:24 | 20:22:56 | 20:23:28 | 20:24:01 | 20:24:32 | 20:25:04 | 20:25:36 | 20:26:09 | 20:26:42 | 20:27:14 | 20:27:47 | 20:28:19 | 20:28:54 | 20:29:26 | 20:29:58 | 20:30:30 | 20:31:03 | 20:31:35 | 20:32:07 | 20:32:39 | 20:33:11 | 20:33:43 | 20:34:17 | 20:34:49 | 20:35:21 | 20:35:54 | 20:36:26 | 20:36:58 | 20:37:30 | 20:38:02 | 20:38:34 | 20:39:06 | 20:39:39 | 20:40:11 | 20:40:43 | 20:41:14 | 20:41:46 | 20:42:18 | 20:42:51 | 20:43:23 | 20:43:55 | 20:44:27 | 20:44:59 | 20:45:31 | 20:46:03 | 20:46:39 | 20:47:11 | 20:47:43 | 20:48:15 | 20:48:47 | 20:49:20 | 20:49:52 | 20:50:24 | 20:50:56 | 20:51:28 | 20:52:00 | 20:52:32 | 20:53:05 | 20:53:36 | 20:54:08 | 20:54:40 | 20:55:12 | 20:55:43 | 20:56:15 | 20:56:47 | 20:57:19 | 20:57:51 | 20:58:22 | 20:58:54 | 20:59:26 | 20:59:58 | 21:00:30 | 21:01:02 | 21:01:34 | 21:02:06 | 21:02:38 | 21:03:12 | 21:03:44 | 21:04:16 | 21:04:48 | 21:05:20 | 21:05:53 | 21:06:25 | 21:06:57 | 21:07:29 | 21:08:07 | 21:08:39 | 21:09:11 | 21:09:43 | 21:10:15 | 21:10:47 | 21:11:19 | 21:11:51 | 21:12:23 | 21:12:55 | 21:13:27 | 21:13:59 | 21:14:32 | 21:15:04 | 21:15:35 | 21:16:07 | 21:16:39 | 21:17:12 | 21:17:44 | 21:18:16 | 21:18:48 | 21:19:20 | 21:19:52 | 21:20:24 | 21:20:56 | 21:21:28 | 21:22:00 | 21:22:32 | 21:23:05 | 21:23:38 | 21:24:10 | 21:24:42 | 21:25:14 | 21:25:46 | 21:26:18 | 21:26:50 | 21:27:24 | 21:27:56 | 21:28:28 | 21:29:00 | 21:29:32 | 21:30:04 | 21:30:36 | 21:31:08 | 21:31:40 | 21:32:12 | 21:32:44 | 21:33:17 | 21:33:49 | 21:34:28 | 21:35:00 | 21:35:32 | 21:36:06 | 21:36:38 | 21:37:10 | 21:37:42 | 21:38:14 | 21:38:46 | 21:39:18 | 21:39:51 | 21:40:23 | 21:40:56 | 21:41:28 | 21:42:00 | 21:42:33 | 21:43:05 | 21:43:37 | 21:44:09 | 21:44:42 | 21:45:13 | 21:45:46 | 21:46:18 | 21:46:51 | 21:47:23 | 21:47:55 | 21:48:27 | 21:48:59 | 21:49:30 | 21:50:02 | 21:50:35 | 21:51:07 | 21:51:39 | 21:52:11 | 21:52:43 | 21:53:15 | 21:53:47 | 21:54:20 | 21:54:52 | 21:55:24 | 21:55:56 | 21:56:28 | 21:57:00 | 21:57:33 | 21:58:04 | 21:58:37 | 21:59:09 | 21:59:41 | 22:00:13 | 22:00:45 | 22:01:18 | 22:01:50 | 22:02:22 | 22:02:54 | 22:03:26 | 22:03:59 | 22:04:31 | 22:05:03 | 22:05:35 | 22:06:08 | 22:06:40 | 22:07:12 | 22:07:53 | 22:08:26 | 22:08:58 | 22:09:30 | 22:10:02 | 22:10:34 | 22:11:06 | 22:11:39 | 22:12:11 | 22:12:43 | 22:13:15 | 22:13:49 | 22:14:21 | 22:14:53 | 22:15:25 | 22:15:57 | 22:16:29 | 22:17:01 | 22:17:34 | 22:18:06 | 22:18:38 | 22:19:10 | 22:19:42 | 22:20:15 | 22:20:47 | 22:21:19 | 22:21:51 | 22:22:23 | 22:22:55 | 22:23:27 | 22:23:59 | 22:24:31 | 22:25:03 | 22:25:36 | 22:26:08 | 22:26:41 | 22:27:13 | 22:27:45 | 22:28:17 | 22:28:49 | 22:29:21 | 22:29:53 | 22:30:26 | 22:30:58 | 22:31:30 | 22:32:02 | 22:32:34 | 22:33:06 | 22:33:38 | 22:34:10 | 22:34:43 | 22:35:15 | 22:35:47 | 22:36:20 | 22:36:52 | 22:37:24 | 22:37:56 | 22:38:28 | 22:39:00 | 22:39:36 | 22:40:08 | 22:40:40 | 22:41:12 | 22:41:45 | 22:42:17 | 22:42:49 | 22:43:21 | 22:43:53 | 22:44:34 | 22:45:06 | 22:45:38 | 22:46:10 | 22:46:42 | 22:47:15 | 22:47:47 | 22:48:19 | 22:48:51 | 22:49:23 | 22:49:55 | 22:50:27 | 22:50:59 | 22:51:31 | 22:52:03 | 22:52:35 | 22:53:07 | 22:53:39 | 22:54:10 | 22:54:43 | 22:55:15 | 22:55:47 | 22:56:19 | 22:56:51 | 22:57:23 | 22:57:55 | 22:58:27 | 22:59:00 | 22:59:31 | 23:00:03 | 23:00:35 | 23:01:08 | 23:01:40 | 23:02:12 | 23:02:44 | 23:03:16 | 23:03:48 | 23:04:21 | 23:04:53 | 23:05:25 | 23:05:57 | 23:06:29 | 23:07:01 | 23:07:34 | 23:08:06 | 23:08:39 | 23:09:11 | 23:09:43 | 23:10:15 | 23:10:47 | 23:11:19 | 23:11:51 | 23:12:23 | 23:12:55 | 23:13:27 | 23:13:59 | 23:14:31 | 23:15:04 | 23:15:36 | 23:16:08 | 23:16:40 | 23:17:12 | 23:17:45 | 23:18:17 | 23:18:49 | 23:19:21 | 23:19:53 | 23:20:25 | 23:20:58 | 23:21:29 | 23:22:02 | 23:22:34 | 23:23:06 | 23:23:38 | 23:24:10 | 23:24:42 | 23:25:14 | 23:25:46 | 23:26:18 | 23:26:51 | 23:27:32 | 23:28:04 | 23:28:36 | 23:29:08 | 23:29:41 | 23:30:14 | 23:30:46 | 23:31:19 | 23:31:51 | 23:32:22 | 23:32:55 | 23:33:27 | 23:33:59 | 23:34:30 | 23:35:02 | 23:35:36 | 23:36:07 | 23:36:40 | 23:37:17 | 23:37:49 | 23:38:21 | 23:38:58 | 23:39:30 | 23:40:02 | 23:40:34 | 23:41:07 | 23:41:39 | 23:42:11 | 23:42:43 | 23:43:15 | 23:43:47 | 23:44:19 | 23:44:51 | 23:45:23 | 23:45:54 | 23:46:26 | 23:46:58 | 23:47:30 | 23:48:02 | 23:48:35 | 23:49:07 | 23:49:39 | 23:50:11 | 23:50:43 | 23:51:15 | 23:51:48 | 23:52:20 | 23:52:52 | 23:53:25 | 23:53:57 | 23:54:29 | 23:55:01 | 23:55:34 | 23:56:06 | 23:56:38 | 23:57:11 | 23:57:43 | 23:58:15 | 23:58:47 | 23:59:19 | 23:59:51 | 00:00:23 | 00:00:55 | 00:01:27 | 00:01:59 | 00:02:31 | 00:03:03 | 00:03:35 | 00:04:07 | 00:04:39 | 00:05:11 | 00:05:43 | 00:06:15 | 00:06:46 | 00:07:19 | 00:07:51 | 00:08:23 | 00:17:55 | 00:38:47 | 00:41:09 | 00:46:18 | 00:51:08 | Traceback (most recent call last):
  File "/Users/danielfriedman/Desktop/hoops/scrape/scrape.py", line 99, in <module>
    lines = track_lines(url, sleep=sleep, max_iter=max_iter)
  File "/Users/danielfriedman/Desktop/hoops/scrape/scrape.py", line 32, in track_lines
    todays_lines = soup.find_all("div", class_="parlay-card-10-a")[0]
IndexError: list index out of range
2022-04-01_19:04:33
19:04:34 | 19:05:24 | 19:06:11 | 19:06:46 | 19:07:47 | 19:09:34 | 19:10:06 | 19:10:38 | 19:11:10 | 19:11:42 | 19:12:24 | 19:12:56 | 19:13:28 | 19:14:00 | 19:14:34 | 19:15:07 | 19:15:40 | 19:16:13 | 19:16:46 | 19:17:19 | 19:17:52 | 19:18:26 | 19:18:59 | 19:19:31 | 19:20:04 | 19:20:37 | 19:21:10 | 19:21:43 | 19:22:16 | 19:22:49 | 19:23:22 | 19:23:55 | 19:24:28 | 19:25:00 | 19:25:33 | 19:26:05 | 19:26:51 | 19:27:25 | 19:27:57 | 19:28:30 | 19:29:03 | 19:29:35 | 19:30:08 | 19:30:41 | 19:31:15 | 19:31:48 | 19:32:22 | 19:32:56 | 19:33:30 | 19:34:02 | 19:34:35 | 19:35:08 | 19:35:41 | 19:36:15 | 19:36:47 | 19:37:19 | 19:37:51 | 19:38:23 | 19:38:55 | 19:39:27 | 19:39:59 | 19:40:30 | 19:41:03 | 19:41:35 | 19:42:07 | 19:42:41 | 19:43:13 | 19:43:45 | 19:44:17 | 19:44:49 | 19:45:21 | 19:45:53 | 19:46:25 | 19:46:57 | 19:47:29 | 19:48:01 | 19:48:33 | 19:49:05 | 19:49:37 | 19:50:09 | 19:50:41 | 19:51:14 | 19:51:46 | 19:52:19 | 19:52:56 | 19:53:28 | 19:54:00 | 19:54:32 | 19:55:04 | 19:55:36 | 19:56:09 | 19:56:41 | 19:57:13 | 19:57:52 | 19:58:24 | 19:58:56 | 19:59:29 | 20:00:01 | 20:00:34 | 20:01:07 | 20:01:40 | 20:02:12 | 20:02:44 | 20:03:16 | 20:03:48 | 20:04:20 | 20:04:56 | 20:05:28 | 20:06:00 | 20:06:32 | 20:07:04 | 20:07:36 | 20:08:08 | 20:08:40 | 20:09:13 | 20:09:45 | 20:10:17 | 20:10:49 | 20:11:21 | 20:11:54 | 20:12:26 | 20:12:58 | 20:13:35 | 20:14:07 | 20:14:39 | 20:15:11 | 20:15:43 | 20:16:15 | 20:16:47 | 20:17:19 | 20:17:51 | 20:18:23 | 20:18:55 | 20:19:27 | 20:19:59 | 20:20:32 | 20:21:04 | 20:21:36 | 20:22:08 | 20:22:40 | 20:23:12 | 20:23:44 | 20:24:17 | 20:24:49 | 20:25:21 | 20:25:53 | 20:26:25 | 20:26:57 | 20:27:29 | 20:28:02 | 20:28:41 | 20:29:13 | 20:29:45 | 20:30:17 | 20:30:49 | 20:31:21 | 20:31:54 | 20:32:26 | 20:32:58 | 20:33:29 | 20:34:01 | 20:34:33 | 20:35:06 | 20:35:38 | 20:36:10 | 20:36:42 | 20:37:14 | 20:37:46 | 20:38:18 | 20:38:50 | 20:39:22 | 20:39:54 | 20:40:27 | 20:40:59 | 20:41:32 | 20:42:04 | 20:42:36 | 20:43:08 | 20:43:40 | 20:44:13 | 20:44:46 | 20:45:18 | 20:45:50 | 20:46:23 | 20:46:55 | 20:47:36 | 20:48:08 | 20:48:40 | 20:49:13 | 20:49:48 | 20:50:20 | 20:50:55 | 20:51:34 | 20:52:07 | 20:52:40 | 20:53:12 | 20:53:45 | 20:54:18 | 20:54:51 | 20:55:24 | 20:55:57 | 20:56:30 | 20:57:02 | 20:57:36 | 20:58:09 | 20:58:42 | 20:59:15 | 20:59:49 | 21:00:21 | 21:00:54 | 21:01:27 | 21:02:00 | 21:02:33 | 21:03:06 | 21:03:39 | 21:04:12 | 21:04:45 | 21:05:18 | 21:05:51 | 21:06:24 | 21:06:56 | 21:07:28 | 21:08:00 | 21:08:32 | 21:09:05 | 21:09:47 | 21:10:19 | 21:10:51 | 21:11:23 | 21:11:55 | 21:12:27 | 21:13:00 | 21:13:33 | 21:14:05 | 21:14:37 | 21:15:09 | 21:15:42 | 21:16:14 | 21:16:46 | 21:17:18 | 21:17:50 | 21:18:23 | 21:18:55 | 21:19:26 | 21:19:59 | 21:20:31 | 21:21:13 | 21:21:46 | 21:22:18 | 21:22:52 | 21:23:26 | 21:23:59 | 21:24:32 | 21:25:05 | 21:25:37 | 21:26:11 | 21:26:42 | 21:27:14 | 21:27:46 | 21:28:18 | 21:28:50 | 21:29:23 | 21:29:55 | 21:30:28 | 21:31:00 | 21:31:32 | 21:32:04 | 21:32:36 | 21:33:09 | 21:33:41 | 21:34:13 | 21:34:45 | 21:35:16 | 21:35:55 | 21:36:28 | 21:37:00 | 21:37:32 | 21:38:03 | 21:38:35 | 21:39:08 | 21:39:40 | 21:40:13 | 21:40:45 | 21:41:17 | 21:41:49 | 21:42:21 | 21:42:53 | 21:43:25 | 21:43:58 | 21:44:30 | 21:45:02 | 21:45:34 | 21:46:06 | 21:46:38 | 21:47:10 | 21:47:43 | 21:48:16 | 21:48:48 | 21:49:20 | 21:49:53 | 21:50:25 | 21:50:57 | 21:51:29 | 21:52:01 | 21:52:33 | 21:53:05 | 21:53:37 | 21:54:09 | 21:54:41 | 21:55:13 | 21:55:46 | 21:56:18 | 21:56:51 | 21:57:24 | 21:57:56 | 21:58:30 | 21:59:02 | 21:59:34 | 22:00:07 | 22:00:39 | 22:01:12 | 22:01:45 | 22:02:17 | 22:02:51 | 22:03:24 | 22:03:56 | 22:04:29 | 22:05:01 | 22:05:33 | 22:06:06 | 22:06:38 | 22:07:24 | 22:07:56 | 22:08:28 | 22:09:00 | 22:09:32 | 22:10:04 | 22:10:37 | 22:11:09 | 22:11:41 | 22:12:13 | 22:12:46 | 22:13:18 | 22:13:50 | 22:14:22 | 22:14:54 | 22:15:26 | 22:15:58 | 22:16:30 | 22:17:02 | 22:17:35 | 22:18:07 | 22:18:39 | 22:19:11 | 22:19:43 | 22:20:16 | 22:20:49 | 22:21:21 | 22:21:53 | 22:22:26 | 22:22:59 | 22:23:31 | 22:24:03 | 22:24:35 | 22:25:06 | 22:25:38 | 22:26:10 | 22:26:42 | 22:27:14 | 22:27:46 | 22:28:18 | 22:28:51 | 22:29:23 | 22:29:56 | 22:30:27 | 22:31:00 | 22:31:32 | 22:32:04 | 22:32:35 | 22:33:07 | 22:33:39 | 22:34:11 | 22:34:43 | 22:35:15 | 22:35:47 | 22:36:19 | 22:36:52 | 22:37:24 | 22:37:56 | 22:38:28 | 22:40:40 | 22:41:11 | 22:41:43 | 22:42:15 | 22:42:47 | 22:43:19 | 22:43:51 | 22:44:23 | 22:44:55 | 22:45:27 | 22:45:59 | 22:46:49 | 22:47:21 | 22:47:53 | 22:48:25 | 22:48:57 | 22:49:29 | 22:50:01 | 22:50:32 | 22:51:04 | 22:51:36 | 22:52:08 | 22:52:39 | 22:53:11 | 22:53:43 | 22:54:15 | 22:54:48 | 22:55:19 | 22:55:52 | 22:56:24 | 22:56:55 | 22:57:27 | 22:58:00 | 22:58:32 | 22:59:04 | 22:59:35 | 23:00:07 | 23:00:39 | 23:01:11 | 23:01:43 | 23:02:15 | 23:02:47 | 23:03:19 | 23:03:51 | 23:04:23 | 23:04:55 | 23:05:27 | 23:05:59 | 23:06:32 | 23:07:04 | 23:07:36 | 23:08:08 | 23:08:40 | 23:09:11 | 23:09:43 | 23:10:15 | 23:10:47 | 23:11:19 | 23:11:51 | 23:12:23 | 23:12:54 | 23:13:26 | 23:13:58 | 23:14:31 | 23:15:03 | 23:15:34 | 23:16:06 | 23:16:38 | 23:17:10 | 23:17:42 | 23:18:14 | 23:18:46 | 23:19:18 | 23:19:50 | 23:20:21 | 23:20:53 | 23:21:26 | 23:21:57 | 23:22:30 | 23:23:02 | 23:23:33 | 23:24:06 | 23:24:38 | 23:25:09 | 23:25:41 | 23:26:13 | 23:26:45 | 23:27:17 | 23:27:49 | 23:28:21 | 23:28:53 | 23:29:25 | 23:29:57 | 23:30:28 | 23:31:00 | 23:31:52 | 23:32:24 | 23:32:56 | 23:33:28 | 23:33:59 | 23:34:32 | 23:35:04 | 23:35:36 | 23:36:08 | 23:36:40 | 23:37:12 | 23:37:44 | 23:38:16 | 23:38:48 | 23:39:19 | 23:39:51 | 23:40:23 | 23:40:54 | 23:41:26 | 23:41:58 | 23:42:30 | 23:43:02 | 23:43:33 | 23:44:05 | 23:44:37 | 23:45:09 | 23:45:41 | 23:46:13 | 23:46:44 | 23:47:16 | 23:47:48 | 23:48:20 | 23:48:52 | 23:49:24 | 23:49:55 | 23:50:27 | 23:50:59 | 23:51:31 | 23:52:03 | 23:52:35 | 23:53:07 | 23:53:39 | 23:54:11 | 23:54:42 | 23:55:14 | 23:55:46 | 23:56:18 | 23:56:50 | 23:57:22 | 23:57:54 | 23:58:26 | 23:58:58 | 23:59:30 | 00:00:01 | 00:00:33 | 00:01:05 | 00:01:37 | 00:02:08 | 00:02:40 | 00:03:12 | 00:03:44 | 00:04:16 | 00:04:48 | 00:05:20 | 00:05:52 | 00:06:24 | 00:06:56 | 00:07:28 | 00:07:59 | 00:08:31 | 00:09:03 | 00:09:35 | 00:10:07 | 00:10:39 | 00:11:10 | 00:11:42 | 00:12:14 | 00:12:46 | 00:13:18 | 00:13:50 | 00:14:22 | 00:14:54 | 00:15:26 | 00:15:58 | 00:16:30 | 00:17:02 | 00:17:33 | 00:18:06 | 00:18:38 | 00:19:10 | 00:19:42 | 00:20:14 | 00:20:45 | 00:21:17 | 00:21:49 | 00:22:21 | 00:22:53 | 00:23:25 | 00:23:57 | 00:24:28 | 00:25:01 | 00:25:32 | 00:26:04 | 00:26:36 | 00:27:31 | 00:28:03 | 00:28:35 | 00:29:07 | 00:29:38 | 00:30:10 | 00:30:42 | 00:31:14 | 00:31:46 | 00:32:18 | 00:32:50 | 00:33:22 | 00:33:54 | 00:34:26 | 00:34:58 | 00:35:29 | 00:36:01 | 00:36:34 | 00:37:06 | 00:37:38 | 00:38:10 | 00:38:41 | 00:39:13 | 00:39:45 | 00:40:17 | 00:40:49 | 00:41:22 | 00:41:54 | 00:42:26 | 00:42:58 | 00:43:30 | 00:44:03 | 00:44:34 | 00:45:06 | 00:45:38 | 00:46:10 | 00:46:42 | 00:47:14 | 00:47:46 | 00:48:18 | 00:48:50 | 00:49:22 | 00:49:54 | 00:50:26 | 00:50:58 | 00:51:30 | 00:52:02 | 00:52:34 | 00:53:06 | 00:53:38 | 00:54:10 | 00:54:42 | 00:55:14 | 00:55:46 | 00:56:18 | 00:56:49 | 00:57:21 | 00:57:53 | 00:58:25 | 00:58:57 | 00:59:29 | 01:00:01 | 01:00:33 | 01:01:05 | 01:01:37 | 01:02:09 | 01:02:41 | 01:03:13 | 01:03:44 | 01:04:17 | 01:04:49 | 01:05:21 | 01:05:53 | 01:06:24 | 01:06:56 | 01:07:28 | 01:08:02 | 01:08:34 | 01:09:05 | 01:09:37 | 01:10:09 | 01:10:41 | 01:11:12 | 01:11:44 | 01:12:16 | 01:12:48 | 01:13:19 | 01:13:51 | 01:14:23 | 01:14:55 | 01:15:27 | 01:16:01 | 01:16:32 | 01:17:04 | 01:17:36 | 01:18:08 | 01:18:40 | 01:19:11 | 01:19:43 | 01:20:15 | 01:20:47 | 01:21:19 | 01:21:51 | 01:22:22 | 01:22:54 | 01:23:26 | 01:23:58 | 01:24:30 | 01:25:02 | 01:25:34 | 01:26:06 | 01:26:38 | 01:27:10 | 01:27:41 | 01:28:13 | 01:28:45 | 01:29:17 | 01:29:48 | 01:30:20 | 01:31:19 | 01:31:51 | 01:32:23 | 01:32:55 | 01:33:26 | 01:33:58 | 01:34:30 | 01:35:02 | 01:35:34 | 01:36:05 | 01:36:37 | 01:37:09 | 01:37:41 | 01:38:13 | 01:38:44 | 01:39:16 | 01:39:48 | 01:40:19 | 01:42:00 | 01:42:36 | 01:43:07 | 01:48:37 | 01:54:06 | 01:54:38 | 01:57:54 | 01:58:26 | 02:03:56 | 02:04:28 | 02:04:59 | 02:05:31 | 02:06:02 | 02:06:34 | 02:07:06 | 02:07:37 | 02:08:09 | 02:08:40 | 02:09:12 | 02:09:44 | 02:10:15 | 02:10:47 | 02:11:18 | 02:11:50 | 02:12:22 | 02:12:54 | 02:13:25 | 02:13:57 | 02:14:28 | 02:15:00 | 02:15:31 | 02:16:03 | 02:16:35 | 02:17:06 | 02:17:38 | 02:18:10 | 02:18:41 | 02:19:13 | 02:19:45 | 02:20:16 | 02:20:48 | 02:21:20 | 02:21:52 | 02:22:24 | 02:22:56 | 02:23:27 | 02:23:59 | 02:24:31 | 02:25:03 | 02:25:35 | 02:26:07 | 02:26:39 | 02:27:10 | 02:27:43 | 02:28:14 | 02:28:46 | 02:29:18 | 02:29:50 | 02:30:22 | 02:30:54 | 02:31:25 | 02:31:57 | 02:32:29 | 02:33:01 | 02:33:33 | 02:34:05 | 02:34:37 | 02:35:09 | 02:35:40 | 02:36:12 | 02:36:44 | 02:37:16 | 02:37:47 | 02:38:19 | 02:38:51 | 02:39:23 | 02:39:55 | 02:40:27 | 02:40:59 | 02:41:30 | 02:42:02 | 02:42:34 | 02:43:06 | 02:43:38 | 02:44:10 | 02:44:42 | 02:45:14 | 02:45:46 | 02:46:18 | 02:46:50 | 02:47:21 | 02:47:54 | 02:48:26 | 02:48:57 | 02:49:29 | 02:50:02 | 02:50:34 | 02:51:09 | 02:51:41 | 02:52:13 | 02:52:44 | 02:53:16 | 02:53:48 | 02:54:20 | 02:54:52 | 02:55:24 | 02:55:56 | 02:56:28 | 02:56:59 | 02:57:31 | 02:58:03 | 02:58:35 | 02:59:07 | 02:59:39 | 03:00:11 | 03:01:30 | 03:02:02 | 03:02:34 | 03:03:06 | 03:03:37 | 03:04:09 | 03:18:36 | 03:24:06 | 03:24:38 | 03:30:08 | 03:34:13 | 03:34:44 | 03:40:14 | 03:40:46 | 03:41:18 | 03:41:50 | 03:42:22 | 03:42:55 | 03:43:27 | 03:43:58 | 03:44:30 | 03:45:02 | 03:45:35 | 03:46:07 | 03:46:39 | 03:47:11 | 03:47:43 | 03:48:14 | 03:48:46 | 03:49:18 | 03:49:50 | 03:50:22 | 03:50:54 | 03:51:25 | 03:51:57 | 03:52:29 | 03:53:01 | 03:53:33 | 03:54:05 | 03:54:36 | 03:55:08 | 03:55:40 | 03:56:12 | 03:56:44 | 03:57:16 | 03:57:47 | 03:58:19 | 03:58:51 | 03:59:23 | 03:59:54 | 04:00:26 | 04:00:58 | 04:01:30 | 04:02:02 | 04:02:34 | 04:03:05 | 04:03:37 | 04:04:09 | 04:04:41 | 04:05:13 | 04:05:44 | 04:06:16 | 04:06:48 | 04:07:20 | 04:07:52 | 04:08:24 | 04:08:55 | 04:09:27 | 04:09:59 | 04:10:31 | 04:11:02 | 04:11:34 | 04:12:06 | 04:12:38 | 04:13:10 | 04:13:41 | 04:14:13 | 04:14:45 | 04:15:17 | 04:15:49 | 04:16:20 | 04:16:53 | 04:17:25 | 04:17:57 | 04:18:29 | 04:19:00 | 04:19:32 | 04:20:04 | 04:20:36 | 04:21:08 | 04:21:39 | 04:22:11 | 04:22:43 | 04:23:18 | 04:23:50 | 04:24:22 | 04:24:54 | 04:25:25 | 04:25:57 | 04:26:29 | 04:27:01 | 04:27:33 | 04:28:05 | 04:28:36 | 04:29:08 | 04:29:40 | 04:30:12 | 04:30:44 | 04:31:16 | 04:31:48 | 04:32:19 | 04:32:51 | 04:33:24 | 04:33:56 | 04:34:28 | 04:35:00 | 04:35:31 | 04:36:03 | 04:36:36 | 04:37:08 | 04:37:39 | 04:38:11 | 04:38:43 | 04:39:15 | 04:39:47 | 04:40:19 | 04:44:28 | 04:45:00 | 04:45:32 | 04:46:04 | 04:46:35 | 04:47:07 | 04:47:39 | 04:48:59 | 04:49:31 | 04:50:03 | 04:50:35 | 04:51:07 | 04:51:39 | 04:52:11 | 04:52:43 | 04:53:15 | 04:53:46 | 04:54:18 | 04:54:51 | 04:55:23 | 04:55:54 | 04:56:26 | 04:56:58 | 04:57:30 | 04:58:02 | 04:58:34 | 04:59:06 | 04:59:38 | 05:00:10 | 05:00:41 | 05:01:13 | 05:01:45 | 05:02:17 | 05:02:49 | 05:03:21 | 05:03:53 | 05:04:25 | 05:04:57 | 05:05:28 | 05:06:00 | 05:06:32 | 05:07:04 | 05:07:36 | 05:08:07 | 05:08:39 | 05:09:11 | 05:09:43 | 05:10:15 | 05:10:46 | 05:11:18 | 05:11:50 | 05:12:23 | 05:12:55 | 05:13:27 | 05:13:59 | 05:14:31 | 05:15:03 | 05:15:35 | 05:16:07 | 05:16:39 | 05:17:10 | 05:17:42 | 05:18:14 | 05:18:46 | 05:19:17 | 05:19:49 | 05:20:21 | 05:20:53 | 05:21:25 | 05:21:57 | 05:22:28 | 05:23:00 | 05:23:32 | 05:24:04 | 05:24:36 | 05:25:07 | 05:25:39 | 05:26:11 | 05:26:43 | 05:27:15 | 05:27:47 | 05:28:18 | 05:28:50 | 05:29:23 | 05:29:55 | 05:30:27 | 05:30:59 | 05:31:31 | 05:32:03 | 05:32:35 | 05:33:06 | 05:33:38 | 05:34:10 | 05:34:42 | 05:35:14 | 05:35:47 | 05:36:18 | 05:36:50 | 05:37:24 | 05:37:56 | 05:38:28 | 05:39:00 | 05:39:32 | 05:40:04 | 05:40:36 | 05:41:08 | 05:41:39 | 05:42:11 | 05:42:43 | 05:43:15 | 05:43:46 | 05:44:18 | 06:00:25 | 06:00:57 | 06:01:29 | 06:02:01 | 06:02:32 | 06:03:04 | 06:03:36 | 06:04:08 | 06:04:40 | 06:05:12 | 06:05:44 | 06:06:16 | 06:06:47 | 06:07:19 | 06:07:51 | 06:08:23 | 06:08:55 | 06:09:27 | 06:09:58 | 06:10:30 | 06:11:02 | 06:11:34 | 06:12:06 | 06:12:38 | 06:13:09 | 06:13:41 | 06:14:13 | 06:14:45 | 06:16:05 | 06:16:38 | 06:17:10 | 06:17:41 | 06:18:13 | 06:18:45 | 06:19:17 | 06:19:49 | 06:20:21 | 06:20:53 | 06:21:24 | 06:21:56 | 06:22:28 | 06:23:00 | 06:23:32 | 06:24:04 | 06:24:36 | 06:25:07 | 06:25:39 | 06:26:11 | 06:26:43 | 06:27:15 | 06:27:47 | 06:28:18 | 06:28:50 | 06:29:22 | 06:29:54 | 06:30:25 | 06:30:57 | 06:31:29 | 06:32:01 | 06:32:33 | 06:33:05 | 06:33:37 | 06:34:09 | 06:34:41 | 06:35:13 | 06:35:45 | 06:36:16 | 06:36:48 | 06:37:20 | 06:37:52 | 06:38:24 | 06:38:56 | 06:39:27 | 06:39:59 | 06:40:31 | 06:41:03 | 06:41:35 | 06:42:07 | 06:42:39 | 06:43:11 | 06:43:43 | 06:44:14 | 06:44:46 | 06:45:18 | 06:45:50 | 06:46:22 | 06:46:53 | 06:47:25 | 06:47:57 | 06:48:29 | 06:49:00 | 06:49:32 | 06:50:04 | 06:50:36 | 06:51:07 | 06:51:39 | 06:52:11 | 06:52:43 | 06:53:15 | 06:53:46 | 06:54:18 | 06:54:50 | 06:55:22 | 06:55:54 | 06:56:25 | 06:56:57 | 06:57:29 | 06:58:01 | 06:58:33 | 06:59:04 | 06:59:36 | 07:00:08 | 07:17:31 | 07:18:03 | 07:23:32 | 07:27:11 | 07:27:43 | 07:33:12 | 07:33:44 | 07:34:16 | 07:34:47 | 07:35:19 | 07:35:51 | 07:36:23 | 07:36:54 | 07:37:26 | 07:37:58 | 07:38:30 | 07:39:02 | 07:39:34 | 07:40:06 | 07:40:37 | 07:41:09 | 07:41:41 | 07:42:13 | 07:42:45 | 07:43:17 | 07:43:48 | 07:44:20 | 07:44:52 | 07:45:24 | 07:45:56 | 07:46:28 | 07:47:00 | 07:47:32 | 07:48:04 | 07:48:35 | 07:49:07 | 07:49:39 | 07:50:11 | 07:50:45 | 07:51:16 | 07:51:48 | 07:52:19 | 07:52:51 | 07:53:23 | 07:53:55 | 07:54:27 | 07:54:59 | 07:55:31 | 07:56:03 | 07:57:25 | 07:57:57 | 07:58:28 | 07:59:00 | 07:59:31 | 08:00:03 | 08:00:35 | 08:01:07 | 08:01:39 | 08:02:11 | 08:02:42 | 08:03:14 | 08:03:46 | 08:04:18 | 08:04:49 | 08:05:21 | 08:05:52 | 08:06:24 | 08:06:56 | 08:07:28 | 08:08:00 | 08:08:32 | 08:09:03 | 08:09:35 | 08:10:07 | 08:10:38 | 08:11:10 | 08:11:42 | 08:12:14 | 08:12:46 | 08:13:18 | 08:13:49 | 08:14:21 | 08:14:53 | 08:15:25 | 08:15:57 | 08:16:29 | 08:17:01 | 08:17:33 | 08:18:05 | 08:18:37 | 08:19:08 | 08:19:40 | 08:20:12 | 08:20:44 | 08:21:15 | 08:21:47 | 08:22:19 | 08:22:51 | 08:23:23 | 08:23:55 | 08:24:27 | 08:24:58 | 08:25:30 | 08:26:02 | 08:26:34 | 08:27:06 | 08:27:38 | 08:28:10 | 08:28:42 | 08:29:13 | 08:29:45 | 08:30:17 | 08:30:49 | 08:31:21 | 08:31:53 | 08:32:25 | 08:32:56 | 08:33:28 | 08:33:59 | 08:34:31 | 08:35:03 | 08:35:35 | 08:36:07 | 08:36:38 | 08:37:10 | 08:37:42 | 08:38:14 | 08:38:46 | 08:39:17 | 08:39:49 | 08:40:21 | 08:40:52 | 08:41:24 | 08:41:57 | 08:42:29 | 08:43:00 | 08:43:32 | 08:44:04 | 08:44:36 | 08:45:08 | 08:45:39 | 08:46:11 | 08:46:43 | 08:47:15 | 08:47:47 | 08:48:19 | 08:48:50 | 08:49:22 | 08:49:54 | 08:50:26 | 08:50:58 | 08:51:30 | 08:52:02 | 08:52:34 | 08:53:05 | 08:53:37 | 08:54:10 | 08:54:42 | 08:55:13 | 08:55:45 | 08:56:18 | 08:56:51 | 08:57:23 | 08:57:54 | 08:58:26 | 08:58:58 | 08:59:30 | 09:00:02 | 09:00:33 | 09:01:07 | 09:01:38 | 09:02:10 | 09:02:42 | 09:03:14 | 09:03:46 | 09:04:17 | 09:04:49 | 09:05:21 | 09:05:53 | 09:06:25 | 09:06:56 | 09:08:18 | 09:08:50 | 09:09:23 | 09:09:55 | 09:10:26 | 09:10:58 | 09:11:30 | 09:12:05 | 09:12:37 | 09:13:09 | 09:13:41 | 09:14:13 | 09:14:45 | 09:15:17 | 09:15:48 | 09:16:20 | 09:16:52 | 09:17:24 | 09:17:56 | 09:18:27 | 09:18:59 | 09:19:32 | 09:20:04 | 09:20:37 | 09:21:09 | 09:21:41 | 09:22:13 | 09:22:44 | 09:23:16 | 09:23:48 | 09:24:20 | 09:24:52 | 09:25:24 | 09:25:56 | 09:26:28 | 09:26:59 | 09:27:31 | 09:28:03 | 09:28:35 | 09:29:07 | 09:29:39 | 09:30:11 | 09:30:43 | 09:31:15 | 09:31:47 | 09:32:18 | 09:32:50 | 09:33:23 | 09:33:55 | 09:34:26 | 09:34:58 | 09:40:37 | 09:41:08 | 09:46:38 | 09:50:19 | 09:50:51 | 09:51:23 | 09:51:55 | 09:52:26 | 09:52:58 | 09:53:30 | 09:54:02 | 09:54:34 | 09:55:06 | 09:55:38 | 09:56:10 | 09:56:41 | 09:57:13 | 09:57:45 | 09:58:17 | 09:58:49 | 09:59:21 | 09:59:53 | 10:00:24 | 10:00:56 | 10:01:29 | 10:02:01 | 10:02:33 | 10:03:05 | 10:03:37 | 10:04:09 | 10:04:41 | 10:05:13 | 10:05:45 | 10:06:17 | 10:06:49 | 10:07:21 | 10:07:53 | 10:08:26 | 10:08:58 | 10:09:30 | 10:10:02 | 10:10:34 | 10:11:06 | 10:11:38 | 10:12:10 | 10:12:42 | 10:13:15 | 10:13:48 | 10:14:19 | 10:14:51 | 10:15:24 | 10:15:56 | 10:16:28 | 10:17:00 | 10:17:33 | 10:18:05 | 10:18:37 | 10:19:09 | 10:19:42 | 10:20:14 | 10:20:46 | 10:21:18 | 10:21:50 | 10:22:22 | 10:22:53 | 10:23:25 | 10:23:58 | 10:24:31 | 10:25:03 | 10:25:36 | 10:26:09 | 10:26:41 | 10:27:13 | 10:27:45 | 10:28:17 | 10:28:48 | 10:29:20 | 10:29:52 | 10:30:25 | 10:30:57 | 10:31:29 | 10:32:01 | 10:33:33 | 10:34:04 | 10:34:36 | 10:35:08 | 10:35:40 | 10:36:12 | 10:36:43 | 10:37:15 | 10:37:47 | 10:38:18 | 10:38:50 | 10:39:22 | 10:39:54 | 10:40:26 | 10:40:57 | 10:41:29 | 10:42:01 | 10:42:32 | 10:43:04 | 10:43:36 | 10:44:08 | 10:44:40 | 10:45:11 | 10:45:43 | 10:46:15 | 10:46:46 | 10:47:18 | 10:47:51 | 10:48:23 | 10:48:55 | 10:49:27 | 10:49:59 | 10:50:31 | 10:51:03 | 10:51:35 | 10:52:07 | 10:52:39 | 10:53:11 | 10:53:44 | 10:54:16 | 10:54:47 | 10:55:19 | 10:55:50 | 10:56:22 | 10:56:54 | 10:57:26 | 10:57:57 | 10:58:29 | 10:59:00 | 10:59:32 | 11:00:04 | 11:00:36 | 11:01:08 | 11:01:39 | 11:02:12 | 11:02:44 | 11:03:15 | 11:03:47 | 11:04:19 | 11:04:51 | 11:05:22 | 11:05:54 | 11:06:26 | 11:06:57 | 11:07:29 | 11:08:01 | 11:08:33 | 11:09:05 | 11:09:36 | 11:10:09 | 11:10:41 | 11:11:12 | 11:11:44 | 11:12:16 | 11:12:48 | 11:13:20 | 11:13:52 | 11:14:24 | 11:14:56 | 11:15:28 | 11:16:00 | 11:16:32 | 11:17:04 | 11:17:36 | 11:18:08 | 11:18:40 | 11:19:11 | 11:19:43 | 11:20:15 | 11:20:47 | 11:21:18 | 11:21:51 | 11:22:23 | 11:22:55 | 11:23:26 | 11:23:58 | 11:24:30 | 11:25:02 | 11:25:33 | 11:26:06 | 11:26:38 | 11:27:10 | 11:27:42 | 11:28:14 | 11:28:45 | 11:29:17 | 11:29:49 | 11:30:20 | 11:30:52 | 11:31:23 | 11:31:55 | 11:32:27 | 11:32:59 | 11:33:31 | 11:34:03 | 11:34:35 | 11:35:07 | 11:35:39 | 11:36:11 | 11:36:43 | 11:37:14 | 11:37:46 | 11:38:18 | 11:38:50 | 11:39:22 | 11:39:54 | 11:40:26 | 11:40:58 | 11:41:30 | 11:42:02 | 11:42:34 | 11:43:06 | 11:44:13 | 11:44:45 | 11:45:17 | 11:45:48 | 11:46:20 | 11:46:53 | 11:47:25 | 11:47:57 | 11:48:29 | 11:49:01 | 11:49:33 | 11:50:05 | 11:50:37 | 11:51:09 | 11:51:41 | 11:52:13 | 11:52:46 | 11:53:17 | 11:53:49 | 11:54:21 | 11:54:53 | 11:55:25 | 11:55:57 | 11:56:29 | 11:57:01 | 11:57:33 | 11:58:05 | 11:58:36 | 11:59:08 | 11:59:40 | 12:00:11 | 12:00:43 | 12:01:15 | 12:01:46 | 12:02:18 | 12:02:50 | 12:03:21 | 12:03:53 | 12:04:25 | 12:04:56 | 12:05:28 | 12:06:00 | 12:06:31 | 12:07:03 | 12:07:35 | 12:08:06 | 12:08:38 | 12:09:10 | 12:09:41 | 12:10:13 | 12:10:44 | 12:11:16 | 12:11:48 | 12:12:20 | 12:12:51 | 12:13:23 | 12:13:55 | 12:14:26 | 12:14:58 | 12:15:30 | 12:16:02 | 12:16:33 | 12:17:05 | 12:17:37 | 12:18:09 | 12:18:41 | 12:19:13 | 12:19:44 | 12:20:16 | 12:20:48 | 12:21:20 | 12:21:51 | 12:22:23 | 12:22:55 | 12:23:26 | 12:23:58 | 12:24:30 | 12:25:02 | 12:25:33 | 12:26:06 | 12:26:38 | 12:27:10 | 12:27:42 | 12:28:13 | 12:28:45 | 12:29:17 | 12:29:49 | 12:30:21 | 12:30:53 | 12:31:24 | 12:31:56 | 12:32:28 | 12:33:00 | 12:33:32 | 12:34:03 | 12:34:35 | 12:35:07 | 12:35:39 | 12:36:11 | 12:36:43 | 12:37:15 | 12:37:47 | 12:38:18 | 12:38:50 | 12:39:22 | 12:39:53 | 12:40:25 | 12:40:56 | 12:41:28 | 12:42:00 | 12:42:32 | 12:43:04 | 12:43:36 | 12:44:09 | 12:44:40 | 12:45:12 | 12:45:44 | 12:46:17 | 12:46:49 | 12:47:21 | 12:47:53 | 12:48:25 | 12:48:57 | 12:49:29 | 12:50:00 | 12:50:32 | 12:51:04 | 12:51:35 | 12:52:07 | 12:52:39 | 12:53:11 | 12:53:43 | 12:54:15 | 12:55:15 | 12:55:47 | 12:56:19 | 12:56:51 | 12:57:22 | 12:57:55 | 12:58:27 | 12:58:58 | 12:59:30 | 13:00:02 | 13:00:34 | 13:01:06 | 13:01:38 | 13:02:11 | 13:02:43 | 13:03:15 | 13:03:46 | 13:04:18 | 13:04:50 | 13:05:22 | 13:05:54 | 13:06:25 | 13:06:57 | 13:07:29 | 13:08:01 | 13:08:33 | 13:09:06 | 13:09:37 | 13:10:09 | 13:10:41 | 13:11:12 | 13:11:44 | 13:12:16 | 13:12:48 | 13:13:20 | 13:13:51 | 13:14:23 | 13:14:55 | 13:15:27 | 13:15:58 | 13:16:30 | 13:17:02 | 13:17:34 | 13:18:05 | 13:18:37 | 13:19:09 | 13:19:41 | 13:20:13 | 13:20:44 | 13:21:16 | 13:21:48 | 13:22:20 | 13:22:52 | 13:23:23 | 13:23:55 | 13:24:27 | 13:24:59 | 13:25:31 | 13:26:02 | 13:26:34 | 13:27:06 | 13:27:38 | 13:28:09 | 13:28:41 | 13:29:14 | 13:29:46 | 13:30:18 | 13:30:49 | 13:31:21 | 13:31:53 | 13:32:25 | 13:32:57 | 13:33:29 | 13:34:00 | 13:34:32 | 13:35:04 | 13:35:37 | 13:36:09 | 13:36:40 | 13:37:12 | 13:37:44 | 13:38:16 | 13:38:47 | 13:39:19 | 13:39:51 | 13:40:23 | 13:40:55 | 13:41:27 | 13:41:59 | 13:42:31 | 13:43:03 | 13:43:35 | 13:44:07 | 13:44:40 | 13:45:11 | 13:45:43 | 13:46:16 | 13:46:48 | 13:47:19 | 13:47:51 | 13:48:23 | 13:48:55 | 13:49:27 | 13:49:59 | 13:50:30 | 13:51:03 | 13:51:34 | 13:52:06 | 13:52:38 | 13:53:10 | 13:53:42 | 13:54:14 | 13:54:47 | 13:55:18 | 13:55:50 | 13:56:22 | 13:56:54 | 13:57:26 | 13:57:58 | 13:58:30 | 13:59:02 | 13:59:34 | 14:00:06 | 14:00:39 | 14:01:11 | 14:01:44 | 14:02:15 | 14:02:47 | 14:03:19 | 14:03:51 | 14:04:23 | 14:04:56 | 14:05:28 | 14:06:00 | 14:06:32 | 14:07:39 | 14:08:10 | 14:08:43 | 14:09:15 | 14:09:47 | 14:10:19 | 14:10:51 | 14:11:23 | 14:11:55 | 14:12:27 | 14:13:00 | 14:13:32 | 14:14:04 | 14:14:36 | 14:15:08 | 14:15:41 | 14:16:13 | 14:16:46 | 14:17:18 | 14:17:50 | 14:18:22 | 14:18:53 | 14:19:26 | 14:19:58 | 14:20:30 | 14:21:02 | 14:21:35 | 14:22:07 | 14:22:39 | 14:23:11 | 14:23:43 | 14:24:15 | 14:24:48 | 14:25:20 | 14:25:52 | 14:26:24 | 14:26:56 | 14:27:29 | 14:28:01 | 14:28:33 | 14:29:05 | 14:29:37 | 14:30:09 | 14:30:42 | 14:31:14 | 14:31:46 | 14:32:18 | 14:32:50 | 14:33:22 | 14:33:54 | 14:34:27 | 14:34:59 | 14:35:31 | 14:36:02 | 14:36:34 | 14:37:06 | 14:37:39 | 14:38:10 | 14:38:43 | 14:39:15 | 14:39:47 | 14:40:19 | 14:40:51 | 14:41:22 | 14:41:54 | 14:42:26 | 14:42:58 | 14:43:30 | 14:44:02 | 14:44:34 | 14:45:07 | 14:45:39 | 14:46:11 | 14:46:42 | 14:47:14 | 14:47:47 | 14:48:19 | 14:48:51 | 14:49:23 | 14:49:55 | 14:50:27 | 14:50:59 | 14:51:31 | 14:52:03 | 14:52:35 | 14:53:07 | 14:53:38 | 14:54:10 | 14:54:42 | 14:55:15 | 14:55:46 | 14:56:18 | 14:56:50 | 14:57:22 | 14:57:54 | 14:58:26 | 14:58:58 | 14:59:30 | 15:00:02 | 15:00:34 | 15:01:06 | 15:01:38 | 15:02:10 | 15:02:42 | 15:03:14 | 15:03:46 | 15:04:17 | 15:04:49 | 15:05:21 | 15:05:53 | 15:06:25 | 15:06:57 | 15:07:30 | 15:08:02 | 15:08:34 | 15:09:06 | 15:09:39 | 15:10:11 | 15:10:43 | 15:11:15 | 15:11:47 | 15:12:19 | 15:12:51 | 15:13:23 | 15:13:55 | 15:14:27 | 15:14:59 | 15:15:31 | 15:16:03 | 15:16:35 | 15:17:07 | 15:17:39 | 15:18:11 | 15:18:43 | 15:19:15 | 15:19:47 | 15:20:19 | 15:20:51 | 15:21:22 | 15:21:54 | 15:22:26 | 15:22:58 | 15:23:30 | 15:24:02 | 15:24:34 | 15:25:06 | 15:25:38 | 15:26:48 | 15:27:20 | 15:27:52 | 15:28:24 | 15:28:56 | 15:29:28 | 15:30:00 | 15:30:32 | 15:31:04 | 15:31:36 | 15:32:07 | 15:32:39 | 15:33:11 | 15:33:43 | 15:34:15 | 15:34:48 | 15:35:19 | 15:35:51 | 15:36:24 | 15:36:55 | 15:37:27 | 15:37:59 | 15:38:31 | 15:39:03 | 15:39:35 | 15:40:07 | 15:40:38 | 15:41:10 | 15:41:42 | 15:42:14 | 15:42:46 | 15:43:18 | 15:43:50 | 15:44:23 | 15:44:55 | 15:45:28 | 15:46:00 | 15:46:32 | 15:47:04 | 15:47:36 | 15:48:07 | 15:48:39 | 15:49:11 | 15:49:42 | 15:50:14 | 15:50:45 | 15:51:17 | 15:51:49 | 15:52:20 | 15:52:52 | 15:53:24 | 15:53:56 | 15:54:28 | 15:55:00 | 15:55:31 | 15:56:03 | 15:56:35 | 15:57:07 | 15:57:38 | 15:58:11 | 15:58:43 | 15:59:15 | 15:59:47 | 16:00:18 | 16:00:50 | 16:01:22 | 16:01:54 | 16:02:26 | 16:02:58 | 16:03:30 | 16:04:02 | 16:04:34 | 16:05:05 | 16:05:37 | 16:06:09 | 16:06:41 | 16:07:13 | 16:07:45 | 16:08:17 | 16:08:49 | 16:09:22 | 16:09:53 | 16:10:25 | 16:10:57 | 16:11:29 | 16:12:01 | 16:12:33 | 16:13:05 | 16:13:36 | 16:14:08 | 16:14:40 | 16:15:12 | 16:15:44 | 16:16:16 | 16:16:48 | 16:17:20 | 16:17:52 | 16:18:24 | 16:18:56 | 16:19:27 | 16:20:00 | 16:20:31 | 16:21:03 | 16:21:35 | 16:22:07 | 16:22:38 | 16:23:11 | 16:23:43 | 16:24:16 | 16:24:48 | 16:25:19 | 16:25:51 | 16:26:23 | 16:26:54 | 16:27:26 | 16:27:58 | 16:28:30 | 16:29:01 | 16:29:33 | 16:30:05 | 16:30:36 | 16:31:08 | 16:31:40 | 16:32:11 | 16:32:43 | 16:33:15 | 16:33:47 | 16:34:19 | 16:34:50 | 16:35:22 | 16:35:54 | 16:36:26 | 16:36:58 | 16:37:30 | 16:38:02 | 16:38:34 | 16:39:07 | 16:39:38 | 16:40:10 | 16:40:42 | 16:41:14 | 16:41:46 | 16:42:19 | 16:42:50 | 16:43:22 | 16:43:54 | 16:44:26 | 16:44:58 | 16:45:30 | 16:46:01 | 16:46:33 | 16:47:05 | 16:47:37 | 16:48:09 | 16:48:41 | 16:49:13 | 16:49:45 | 16:50:17 | 16:50:49 | 16:51:21 | 16:51:52 | 16:52:25 | 16:52:56 | 16:53:28 | 16:54:00 | 16:54:32 | 16:55:04 | 16:55:36 | 16:56:07 | 16:56:39 | 16:57:57 | 16:58:28 | 16:59:00 | 16:59:32 | 17:00:04 | 17:00:35 | 17:01:08 | 17:01:40 | 17:02:12 | 17:02:432022-04-02_13:08:03
13:08:04 | 13:08:36 | 13:09:08 | 13:09:40 | 13:10:12 | 13:10:43 | 13:11:15 | 13:11:46 | 13:12:18 | 13:12:49 | 13:13:21 | 13:13:52 | 13:14:24 | 13:14:56 | 13:15:28 | 13:15:59 | 13:16:31 | 13:17:04 | 13:17:35 | 13:18:07 | 13:18:38 | 13:19:10 | 13:19:43 | 13:20:15 | 13:20:47 | 13:21:19 | 13:21:50 | 13:22:22 | 13:22:54 | 13:23:26 | 13:23:58 | 13:24:30 | 13:25:02 | 13:25:33 | 13:26:05 | 13:26:37 | 13:27:08 | 13:27:40 | 13:28:11 | 13:28:43 | 13:29:15 | 13:29:47 | 13:30:19 | 13:30:51 | 13:31:23 | 13:31:55 | 13:32:26 | 13:32:58 | 13:33:30 | 13:34:03 | 13:34:34 | 13:35:06 | 13:35:38 | 13:36:10 | 13:36:41 | 13:37:13 | 13:37:45 | 13:38:17 | 13:38:49 | 13:39:21 | 13:39:53 | 13:40:25 | 13:40:58 | 13:41:30 | 13:42:02 | 13:42:34 | 13:43:05 | 13:43:37 | 13:44:09 | 13:44:42 | 13:45:14 | 13:45:45 | 13:46:17 | 13:46:49 | 13:47:20 | 13:47:52 | 13:48:25 | 13:48:58 | 13:49:29 | 13:50:01 | 13:50:33 | 13:51:05 | 13:51:36 | 13:52:08 | 13:52:40 | 13:53:11 | 13:53:43 | 13:54:15 | 13:54:47 | 13:55:18 | 13:55:50 | 13:56:22 | 13:56:54 | 13:57:26 | 13:58:00 | 13:58:32 | 13:59:03 | 13:59:35 | 14:00:07 | 14:00:39 | 14:01:11 | 14:01:44 | 14:02:15 | 14:02:47 | 14:03:19 | 14:03:51 | 14:04:23 | 14:04:57 | 14:05:29 | 14:06:02 | 14:06:34 | 14:07:05 | 14:07:38 | 14:08:12 | 14:08:44 | 14:09:16 | 14:09:48 | 14:10:20 | 14:10:52 | 14:11:24 | 14:11:56 | 14:12:28 | 14:13:00 | 14:13:32 | 14:14:04 | 14:14:36 | 14:15:08 | 14:15:41 | 14:16:13 | 14:16:46 | 14:17:18 | 14:17:50 | 14:18:21 | 14:18:53 | 14:19:26 | 14:19:57 | 14:20:32 | 14:21:04 | 14:21:36 | 14:22:08 | 14:22:40 | 14:23:13 | 14:23:45 | 14:24:17 | 14:24:49 | 14:25:21 | 14:25:53 | 14:26:25 | 14:26:57 | 14:27:29 | 14:28:01 | 14:28:33 | 14:29:05 | 14:29:37 | 14:30:09 | 14:30:42 | 14:31:14 | 14:31:46 | 14:32:18 | 14:32:50 | 14:33:25 | 14:33:57 | 14:34:29 | 14:35:01 | 14:35:33 | 14:36:06 | 14:36:37 | 14:37:09 | 14:37:41 | 14:38:13 | 14:38:45 | 14:39:17 | 14:39:48 | 14:40:20 | 14:40:52 | 14:41:24 | 14:41:56 | 14:42:28 | 14:43:00 | 14:43:32 | 14:44:04 | 14:44:36 | 14:45:08 | 14:45:40 | 14:46:12 | 14:46:44 | 14:47:16 | 14:47:48 | 14:48:23 | 14:48:55 | 14:49:27 | 14:49:59 | 14:50:30 | 14:51:02 | 14:51:34 | 14:52:06 | 14:52:37 | 14:53:09 | 14:53:41 | 14:54:13 | 14:54:45 | 14:55:17 | 14:55:49 | 14:56:20 | 14:56:52 | 14:57:24 | 14:57:56 | 14:58:27 | 14:58:59 | 14:59:31 | 15:00:03 | 15:00:35 | 15:01:07 | 15:01:40 | 15:02:11 | 15:02:43 | 15:03:15 | 15:03:47 | 15:04:18 | 15:04:50 | 15:05:26 | 15:05:59 | 15:06:30 | 15:07:02 | 15:07:34 | 15:08:06 | 15:08:38 | 15:09:10 | 15:09:43 | 15:10:15 | 15:10:47 | 15:11:19 | 15:11:51 | 15:12:23 | 15:12:55 | 15:13:27 | 15:13:59 | 15:14:31 | 15:15:03 | 15:15:35 | 15:16:07 | 15:16:39 | 15:17:11 | 15:17:43 | 15:18:15 | 15:18:47 | 15:19:19 | 15:19:51 | 15:20:22 | 15:20:54 | 15:21:26 | 15:21:58 | 15:22:30 | 15:23:03 | 15:23:35 | 15:24:06 | 15:24:38 | 15:25:10 | 15:25:42 | 15:26:18 | 15:26:50 | 15:27:22 | 15:27:54 | 15:28:25 | 15:28:58 | 15:29:29 | 15:30:01 | 15:30:33 | 15:31:05 | 15:31:37 | 15:32:09 | 15:32:41 | 15:33:13 | 15:33:44 | 15:34:16 | 15:34:48 | 15:35:20 | 15:35:51 | 15:36:24 | 15:36:55 | 15:37:27 | 15:37:59 | 15:38:31 | 15:39:03 | 15:39:35 | 15:40:06 | 15:40:38 | 15:41:10 | 15:41:42 | 15:42:14 | 15:42:46 | 15:43:17 | 15:43:50 | 15:44:23 | 15:44:55 | 15:45:28 | 15:46:00 | 15:46:32 | 15:47:04 | 15:47:35 | 15:48:10 | 15:48:41 | 15:49:13 | 15:49:44 | 15:50:16 | 15:50:47 | 15:51:19 | 15:51:50 | 15:52:22 | 15:52:53 | 15:53:25 | 15:53:57 | 15:54:29 | 15:55:00 | 15:55:32 | 15:56:04 | 15:56:36 | 15:57:08 | 15:57:40 | 15:58:12 | 15:58:44 | 15:59:15 | 15:59:47 | 16:00:19 | 16:00:50 | 16:01:22 | 16:01:54 | 16:02:26 | 16:02:58 | 16:03:30 | 16:04:02 | 16:04:34 | 16:05:05 | 16:05:37 | 16:06:09 | 16:06:41 | 16:07:13 | 16:07:46 | 16:08:18 | 16:08:50 | 16:09:22 | 16:09:59 | 16:10:30 | 16:11:02 | 16:11:34 | 16:12:06 | 16:12:38 | 16:13:10 | 16:13:41 | 16:14:13 | 16:14:45 | 16:15:17 | 16:15:49 | 16:16:21 | 16:16:52 | 16:17:24 | 16:17:56 | 16:18:28 | 16:18:59 | 16:19:31 | 16:20:04 | 16:20:35 | 16:21:07 | 16:21:39 | 16:22:11 | 16:22:43 | 16:23:14 | 16:23:46 | 16:24:17 | 16:24:49 | 16:25:20 | 16:25:52 | 16:26:24 | 16:26:56 | 16:27:27 | 16:27:59 | 16:28:31 | 16:29:02 | 16:29:34 | 16:30:06 | 16:30:38 | 16:31:15 | 16:31:46 | 16:32:18 | 16:32:49 | 16:33:21 | 16:33:53 | 16:34:24 | 16:34:56 | 16:35:28 | 16:35:59 | 16:36:31 | 16:37:03 | 16:37:35 | 16:38:07 | 16:38:39 | 16:39:11 | 16:39:42 | 16:40:14 | 16:40:46 | 16:41:18 | 16:41:50 | 16:42:22 | 16:42:54 | 16:43:25 | 16:43:57 | 16:44:29 | 16:45:01 | 16:45:32 | 16:46:04 | 16:46:36 | 16:47:08 | 16:47:40 | 16:48:12 | 16:48:44 | 16:49:16 | 16:49:47 | 16:50:19 | 16:50:51 | 16:51:23 | 16:51:54 | 16:52:26 | 16:53:05 | 16:53:37 | 16:54:09 | 16:54:41 | 16:55:13 | 16:55:45 | 16:56:17 | 16:56:49 | 16:57:21 | 16:57:52 | 16:58:24 | 16:58:56 | 16:59:28 | 17:00:00 | 17:00:31 | 17:01:03 | 17:01:35 | 17:02:07 | 17:02:39 | 17:03:11 | 17:03:43 | 17:04:15 | 17:04:47 | 17:05:19 | 17:05:50 | 17:06:22 | 17:06:54 | 17:07:26 | 17:07:58 | 17:08:30 | 17:09:02 | 17:09:34 | 17:10:06 | 17:10:40 | 17:11:12 | 17:11:44 | 17:12:16 | 17:12:48 | 17:13:20 | 17:13:51 | 17:14:23 | 17:14:56 | 17:15:28 | 17:16:00 | 17:16:32 | 17:17:04 | 17:17:35 | 17:18:07 | 17:18:39 | 17:19:10 | 17:19:42 | 17:20:14 | 17:20:46 | 17:21:22 | 17:21:54 | 17:22:25 | 17:22:57 | 17:23:29 | 17:24:01 | 17:24:33 | 17:25:05 | 17:25:36 | 17:26:08 | 17:26:40 | 17:27:12 | 17:27:44 | 17:28:16 | 17:28:48 | 17:29:20 | 17:29:52 | 17:30:24 | 17:30:55 | 17:31:27 | 17:31:59 | 17:32:32 | 17:33:04 | 17:33:36 | 17:34:08 | 17:34:40 | 17:35:11 | 17:35:43 | 17:36:15 | 17:36:51 | 17:37:24 | 17:37:55 | 17:38:27 | 17:38:59 | 17:39:31 | 17:40:03 | 17:40:35 | 17:41:07 | 17:41:39 | 17:42:10 | 17:42:42 | 17:43:14 | 17:43:46 | 17:44:18 | 17:44:50 | 17:45:21 | 17:45:53 | 17:46:24 | 17:46:56 | 17:47:28 | 17:48:00 | 17:48:31 | 17:49:03 | 17:49:35 | 17:50:07 | 17:50:39 | 17:51:11 | 17:51:42 | 17:52:14 | 17:52:46 | 17:53:18 | 17:53:50 | 17:54:22 | 17:54:54 | 17:55:26 | 17:55:58 | 17:56:30 | 17:57:02 | 17:57:34 | 17:58:05 | 17:58:42 | 17:59:14 | 17:59:46 | 18:00:18 | 18:00:49 | 18:01:22 | 18:01:54 | 18:02:26 | 18:02:57 | 18:03:29 | 18:04:01 | 18:04:32 | 18:05:05 | 18:05:36 | 18:06:08 | 18:06:40 | 18:07:11 | 18:07:43 | 18:08:15 | 18:08:47 | 18:09:19 | 18:09:51 | 18:10:22 | 18:10:54 | 18:11:26 | 18:11:57 | 18:12:29 | 18:13:01 | 18:13:33 | 18:14:05 | 18:14:36 | 18:15:08 | 18:15:40 | 18:16:12 | 18:16:44 | 18:17:16 | 18:17:48 | 18:18:20 | 18:18:51 | 18:19:23 | 18:19:55 | 18:20:32 | 18:21:04 | 18:21:36 | 18:22:08 | 18:22:40 | 18:23:11 | 18:23:43 | 18:24:15 | 18:24:47 | 18:25:19 | 18:25:51 | 18:26:23 | 18:26:54 | 18:27:26 | 18:27:58 | 18:28:30 | 18:29:02 | 18:29:34 | 18:30:06 | 18:30:38 | 18:31:10 | 18:31:43 | 18:32:15 | 18:32:48 | 18:33:20 | 18:33:52 | 18:34:24 | 18:34:56 | 18:35:28 | 18:35:59 | 18:36:35 | 18:37:07 | 18:37:39 | 18:38:11 | 18:38:43 | 18:39:15 | 18:39:47 | 18:40:19 | 18:40:51 | 18:41:23 | 18:41:55 | 18:42:31 | 18:43:03 | 18:43:35 | 18:44:08 | 18:44:39 | 18:45:11 | 18:45:43 | 18:46:15 | 18:46:47 | 18:47:18 | 18:47:50 | 18:48:22 | 18:48:54 | 18:49:26 | 18:49:58 | 18:50:30 | 18:51:02 | 18:51:34 | 18:52:06 | 18:52:38 | 18:53:10 | 18:53:41 | 18:54:13 | 18:54:45 | 18:55:17 | 18:55:49 | 18:56:21 | 18:56:52 | 18:57:24 | 18:57:56 | 18:58:28 | 18:59:00 | 18:59:31 | 19:00:03 | 19:00:35 | 19:01:07 | 19:01:39 | 19:02:11 | 19:02:43 | 19:03:15 | 19:03:47 | 19:04:24 | 19:04:56 | 19:05:28 | 19:06:00 | 19:06:31 | 19:07:03 | 19:07:35 | 19:08:07 | 19:08:38 | 19:09:10 | 19:09:42 | 19:10:14 | 19:10:45 | 19:11:20 | 19:11:52 | 19:12:24 | 19:12:56 | 19:13:28 | 19:14:00 | 19:14:31 | 19:15:03 | 19:15:36 | 19:16:08 | 19:16:40 | 19:17:12 | 19:17:43 | 19:18:15 | 19:18:48 | 19:19:20 | 19:19:51 | 19:20:23 | 19:20:55 | 19:21:27 | 19:21:59 | 19:22:31 | 19:23:03 | 19:23:35 | 19:24:07 | 19:24:39 | 19:25:11 | 19:25:42 | 19:26:19 | 19:26:53 | 19:27:25 | 19:27:58 | 19:28:30 | 19:29:02 | 19:29:34 | 19:30:06 | 19:30:38 | 19:31:09 | 19:31:41 | 19:32:13 | 19:32:45 | 19:33:17 | 19:33:49 | 19:34:21 | 19:34:53 | 19:35:25 | 19:35:57 | 19:36:29 | 19:37:00 | 19:37:32 | 19:38:04 | 19:38:36 | 19:39:08 | 19:39:39 | 19:40:12 | 19:40:44 | 19:41:16 | 19:41:48 | 19:42:20 | 19:42:52 | 19:43:24 | 19:43:56 | 19:44:28 | 19:45:00 | 19:45:31 | 19:46:03 | 19:46:35 | 19:47:07 | 19:47:40 | 19:48:17 | 19:48:49 | 19:49:21 | 19:49:52 | 19:50:24 | 19:50:56 | 19:51:29 | 19:52:00 | 19:52:32 | 19:53:05 | 19:53:36 | 19:54:09 | 19:54:40 | 19:55:13 | 19:55:44 | 19:56:16 | 19:56:50 | 19:57:21 | 19:57:53 | 19:58:25 | 19:58:57 | 19:59:29 | 20:00:01 | 20:00:32 | 20:01:07 | 20:01:39 | 20:02:12 | 20:02:43 | 20:03:16 | 20:03:48 | 20:04:20 | 20:04:52 | 20:05:23 | 20:05:55 | 20:06:27 | 20:06:58 | 20:07:31 | 20:08:02 | 20:08:34 | 20:09:06 | 20:09:38 | 20:10:10 | 20:10:42 | 20:11:13 | 20:11:51 | 20:12:23 | 20:12:55 | 20:13:27 | 20:13:59 | 20:14:31 | 20:15:08 | 20:17:22 | 20:17:54 | 20:18:29 | 20:19:01 | 20:24:27 | 20:25:23 | 20:25:55 | 20:26:33 | 20:32:03 | 20:32:35 | 20:33:06 | 20:33:38 | 20:34:10 | 20:34:42 | 20:35:13 | 20:35:45 | 20:36:16 | 20:36:48 | 20:37:19 | 20:37:51 | 20:38:23 | 20:38:54 | 20:39:26 | 20:39:58 | 20:40:29 | 20:41:01 | 20:41:32 | 20:42:04 | 20:42:35 | 20:43:07 | 20:43:39 | 20:44:10 | 20:44:48 | 20:45:20 | 20:45:51 | 20:46:23 | 20:46:55 | 20:47:28 | 20:48:00 | 20:48:32 | 20:50:12 | 20:50:46 | 20:51:17 | 20:52:21 | 20:53:23 | 20:53:55 | 20:56:07 | 20:57:11 | 20:57:43 | 20:58:56 | 20:59:28 | 21:00:01 | 21:00:33 | 21:01:05 | 21:02:17 | 21:02:56 | 21:03:28 | 21:04:34 | 21:05:35 | 21:06:10 | 21:06:42 | 21:07:14 | 21:07:46 | 21:08:18 | 21:08:50 | 21:09:22 | 21:09:54 | 21:10:26 | 21:10:58 | 21:11:30 | 21:12:02 | 21:12:33 | 21:13:05 | 21:13:37 | 21:14:09 | 21:14:42 | 21:15:14 | 21:15:46 | 21:16:18 | 21:16:49 | 21:17:21 | 21:17:53 | 21:18:26 | 21:18:58 | 21:19:31 | 21:20:06 | 21:20:37 | 21:21:10 | 21:21:42 | 21:22:14 | 21:22:45 | 21:23:18 | 21:23:50 | 21:24:22 | 21:24:54 | 21:25:26 | 21:25:58 | 21:26:30 | 21:27:02 | 21:27:34 | 21:28:16 | 21:28:48 | 21:29:20 | 21:29:52 | 21:30:24 | 21:30:56 | 21:31:28 | 21:32:00 | 21:32:33 | 21:33:05 | 21:33:36 | 21:34:08 | 21:34:41 | 21:35:13 | 21:35:46 | 21:36:17 | 21:36:50 | 21:37:22 | 21:37:53 | 21:38:26 | 21:38:58 | 21:39:30 | 21:40:02 | 21:40:34 | 21:41:06 | 21:41:38 | 21:42:10 | 21:42:43 | 21:43:15 | 21:43:47 | 21:44:19 | 21:44:51 | 21:45:23 | 21:45:55 | 21:46:27 | 21:46:59 | 21:47:31 | 21:48:03 | 21:48:35 | 21:49:08 | 21:49:40 | 21:50:12 | 21:50:44 | 21:51:17 | 21:51:49 | 21:52:21 | 21:52:53 | 21:53:25 | 21:53:57 | 21:54:29 | 21:55:01 | 21:55:33 | 21:56:06 | 21:56:38 | 21:57:10 | 21:57:41 | 21:58:14 | 21:58:46 | 21:59:18 | 21:59:50 | 22:00:22 | 22:00:54 | 22:01:30 | 22:02:02 | 22:02:33 | 22:03:17 | 22:03:49 | 22:04:21 | 22:04:53 | 22:05:25 | 22:05:57 | 22:06:28 | 22:09:47 | 22:10:19 | 22:10:51 | 22:11:23 | 22:11:55 | 22:12:27 | 22:12:59 | 22:13:31 | 22:14:03 | 22:14:35 | 22:15:07 | 22:15:39 | 22:16:11 | 22:16:43 | 22:17:15 | 22:17:46 | 22:18:18 | 22:18:50 | 22:19:22 | 22:19:54 | 22:20:26 | 22:20:58 | 22:21:30 | 22:22:02 | 22:22:33 | 22:23:06 | 22:23:38 | 22:24:10 | 22:24:42 | 22:25:14 | 22:25:46 | 22:26:18 | 22:26:50 | 22:27:22 | 22:27:54 | 22:28:26 | 22:28:58 | 22:29:29 | 22:30:01 | 22:30:33 | 22:31:06 | 22:31:38 | 22:32:10 | 22:32:41 | 22:33:13 | 22:33:45 | 22:34:18 | 22:34:50 | 22:35:22 | 22:35:54 | 22:36:26 | 22:36:58 | 22:37:30 | 22:38:02 | 22:38:34 | 22:39:06 | 22:39:37 | 22:40:10 | 22:40:41 | 22:41:13 | 22:41:45 | 22:42:17 | 22:42:49 | 22:43:21 | 22:43:53 | 22:44:25 | 22:44:56 | 22:45:28 | 22:46:14 | 22:46:46 | 22:47:18 | 22:47:50 | 22:48:22 | 22:48:54 | 22:49:25 | 22:49:57 | 22:50:29 | 22:51:01 | 22:51:33 | 22:52:04 | 22:52:37 | 22:53:08 | 22:53:40 | 22:54:12 | 22:54:44 | 22:55:16 | 22:55:48 | 22:56:20 | 22:56:52 | 22:57:24 | 22:57:56 | 22:58:28 | 22:58:59 | 22:59:31 | 23:00:03 | 23:00:35 | 23:01:07 | 23:01:39 | 23:02:11 | 23:02:43 | 23:03:14 | 23:03:47 | 23:04:19 | 23:04:51 | 23:05:23 | 23:05:55 | 23:06:26 | 23:06:58 | 23:07:30 | 23:08:02 | 23:08:35 | 23:09:07 | 23:09:38 | 23:10:10 | 23:10:42 | 23:11:14 | 23:11:45 | 23:12:17 | 23:12:49 | 23:13:21 | 23:13:52 | 23:14:24 | 23:14:56 | 23:15:28 | 23:16:00 | 23:16:32 | 23:17:04 | 23:17:36 | 23:18:10 | 23:18:44 | 23:19:18 | 23:19:53 | 23:20:25 | 23:20:56 | 23:21:28 | 23:22:00 | 23:22:32 | 23:23:04 | 23:23:36 | 23:24:08 | 23:24:40 | 23:25:12 | 23:25:44 | 23:26:16 | 23:26:48 | 23:27:19 | 23:27:51 | 23:28:23 | 23:28:55 | 23:29:27 | 23:29:58 | 23:30:45 | 23:31:17 | 23:31:50 | 23:32:22 | 23:32:54 | 23:33:26 | 23:33:57 | 23:34:29 | 23:35:01 | 23:35:33 | 23:36:06 | 23:36:37 | 23:37:09 | 23:37:41 | 23:38:13 | 23:38:45 | 23:39:16 | 23:39:48 | 23:40:20 | 23:40:52 | 23:41:24 | 23:41:56 | 23:42:28 | 23:43:00 | 23:43:32 | 23:44:04 | 23:44:35 | 23:45:11 | 23:45:42 | 23:46:14 | 23:46:46 | 23:47:18 | 23:47:50 | 23:48:21 | 23:48:53 | 23:49:25 | 23:49:57 | 23:50:29 | 23:51:01 | 23:51:32 | 23:52:04 | 23:52:36 | 23:53:08 | 23:53:40 | 23:54:12 | 23:54:44 | 23:55:16 | 23:55:47 | 23:56:19 | 23:56:51 | 23:57:23 | 23:57:55 | 23:58:27 | 23:58:59 | 23:59:31 | 00:00:05 | 00:00:37 | 00:01:09 | 00:01:41 | 00:02:13 | 00:02:45 | 00:03:17 | 00:03:49 | 00:04:21 | 00:04:54 | 00:05:26 | 00:05:58 | 00:06:31 | 00:07:03 | 00:07:35 | 00:08:06 | 00:08:38 | 00:09:10 | 00:09:42 | 00:10:16 | 00:10:47 | 00:11:19 | 00:11:51 | 00:12:23 | 00:12:55 | 00:13:27 | 00:13:59 | 00:14:31 | 00:15:03 | 00:31:15 | 00:31:47 | 00:32:18 | 00:32:50 | 00:33:22 | 00:33:54 | 00:34:26 | 00:34:59 | 00:35:31 | 00:36:03 | 00:36:35 | 00:37:07 | 00:37:39 | 00:38:11 | 00:38:43 | 00:39:15 | 00:39:47 | 00:40:19 | 00:40:51 | 00:41:23 | 00:41:55 | 00:42:26 | 00:42:59 | 00:43:31 | 00:44:03 | 00:44:34 | 00:45:12 | 00:45:44 | 00:46:16 | 00:46:48 | 00:47:21 | 00:47:53 | 00:48:25 | 00:48:57 | 00:49:29 | 00:50:01 | 00:50:32 | 00:51:04 | 00:51:36 | 00:52:08 | 00:52:40 | 00:53:12 | 00:53:44 | 00:54:16 | 00:54:48 | 00:55:20 | 00:55:52 | 00:56:24 | 00:56:56 | 00:57:28 | 00:57:59 | 00:58:31 | 00:59:04 | 00:59:36 | 01:00:07 | 01:00:39 | 01:01:11 | 01:01:43 | 01:02:15 | 01:02:47 | 01:03:18 | 01:03:50 | 01:04:22 | 01:04:54 | 01:05:26 | 01:05:58 | 01:06:29 | 01:07:01 | 01:07:33 | 01:08:05 | 01:08:37 | 01:09:09 | 01:09:41 | 01:10:13 | 01:10:45 | 01:11:17 | 01:11:48 | 01:12:21 | 01:12:53 | 01:13:25 | 01:13:56 | 01:14:29 | 01:15:01 | 01:15:48 | 01:16:20 | 01:16:52 | 01:17:24 | 01:17:56 | 01:18:28 | 01:19:00 | 01:19:32 | 01:20:03 | 01:20:35 | 01:21:08 | 01:21:40 | 01:22:12 | 01:22:44 | 01:23:16 | 01:23:47 | 01:24:19 | 01:24:51 | 01:25:23 | 01:25:55 | 01:26:27 | 01:26:59 | 01:27:31 | 01:28:03 | 01:28:34 | 01:29:06 | 01:29:39 | 01:30:11 | 01:30:43 | 01:31:14 | 01:31:46 | 01:34:11 | 01:34:43 | 01:40:13 | 01:40:45 | 01:41:17 | 01:41:49 | 01:42:21 | 01:42:53 | 01:43:25 | 01:43:57 | 01:44:29 | 01:45:01 | 01:45:33 | 01:46:05 | 01:46:37 | 01:47:09 | 01:47:41 | 01:48:13 | 01:48:45 | 01:49:17 | 01:49:49 | 01:50:21 | 01:50:53 | 01:51:24 | 01:51:56 | 01:52:28 | 01:53:00 | 01:53:32 | 01:54:03 | 01:54:35 | 01:55:08 | 01:55:40 | 01:56:12 | 01:56:44 | 01:57:16 | 01:57:48 | 01:58:20 | 01:58:51 | 01:59:23 | 01:59:55 | 02:00:27 | 02:00:59 | 02:01:31 | 02:02:03 | 02:02:35 | 02:03:07 | 02:03:38 | 02:04:10 | 02:04:42 | 02:05:14 | 02:06:00 | 02:06:32 | 02:07:03 | 02:07:35 | 02:08:07 | 02:08:40 | 02:09:12 | 02:09:43 | 02:10:15 | 02:10:47 | 02:11:19 | 02:11:51 | 02:12:23 | 02:12:55 | 02:13:27 | 02:13:59 | 02:14:31 | 02:15:03 | 02:15:36 | 02:16:08 | 02:16:39 | 02:17:12 | 02:17:45 | 02:18:16 | 02:18:48 | 02:19:20 | 02:19:52 | 02:20:24 | 02:20:56 | 02:21:28 | 02:22:00 | 02:22:32 | 02:23:03 | 02:23:36 | 02:24:08 | 02:24:40 | 02:25:12 | 02:25:45 | 02:26:17 | 02:26:49 | 02:27:21 | 02:27:53 | 02:28:25 | 02:28:58 | 02:29:30 | 02:30:01 | 02:30:33 | 02:31:05 | 02:31:37 | 02:32:09 | 02:32:41 | 02:33:13 | 02:33:45 | 02:34:17 | 02:34:49 | 02:35:21 | 02:35:53 | 02:36:25 | 02:36:57 | 02:37:30 | 02:38:02 | 02:38:33 | 02:39:06 | 02:39:38 | 02:40:10 | 02:40:42 | 02:41:14 | 02:41:58 | 02:42:30 | 02:43:02 | 02:43:34 | 02:44:06 | 02:44:38 | 02:45:10 | 02:45:42 | 02:46:14 | 02:46:45 | 02:47:17 | 02:47:49 | 02:48:22 | 02:48:54 | 02:49:26 | 02:50:14 | 02:50:46 | 02:51:18 | 02:51:50 | 02:52:22 | 02:52:54 | 02:53:26 | 02:53:58 | 02:54:30 | 02:55:02 | 02:55:34 | 02:56:06 | 02:56:38 | 02:57:09 | 02:57:42 | 02:58:14 | 02:58:45 | 02:59:22 | 02:59:54 | 03:00:26 | 03:00:58 | 03:01:30 | 03:02:02 | 03:02:34 | 03:03:06 | 03:03:38 | 03:04:10 | 03:04:41 | 03:05:13 | 03:05:45 | 03:06:17 | 03:06:49 | 03:07:21 | 03:07:53 | 03:08:24 | 03:08:56 | 03:09:28 | 03:10:00 | 03:10:33 | 03:11:04 | 03:11:36 | 03:12:08 | 03:12:40 | 03:13:12 | 03:13:44 | 03:14:16 | 03:14:48 | 03:15:20 | 03:15:52 | 03:16:24 | 03:16:56 | 03:17:28 | 03:18:00 | 03:18:32 | 03:19:03 | 03:19:36 | 03:20:08 | 03:20:40 | 03:21:12 | 03:21:43 | 03:22:15 | 03:22:47 | 03:23:19 | 03:23:51 | 03:24:22 | 03:24:54 | 03:25:26 | 03:25:58 | 03:26:30 | 03:27:02 | 03:27:34 | 03:28:06 | 03:28:37 | 03:29:09 | 03:29:41 | 03:30:13 | 03:30:45 | 03:31:17 | 03:31:49 | 03:32:21 | 03:32:53 | 03:33:35 | 03:34:07 | 03:34:39 | 03:35:11 | 03:35:43 | 03:36:15 | 03:36:47 | 03:37:19 | 03:37:51 | 03:38:23 | 03:38:54 | 03:39:26 | 03:39:58 | 03:40:31 | 03:41:03 | 03:41:35 | 03:42:07 | 03:42:42 | 03:43:14 | 03:43:46 | 03:44:18 | 03:44:51 | 03:45:22 | 03:45:55 | 03:46:27 | 03:46:59 | 03:47:31 | 03:48:03 | 03:48:35 | 03:49:13 | 03:49:45 | 03:50:17 | 03:50:49 | 03:51:22 | 03:51:54 | 03:52:26 | 03:52:59 | 03:53:31 | 03:54:03 | 03:54:35 | 03:55:07 | 03:55:40 | 03:56:12 | 03:56:44 | 03:57:16 | 03:57:48 | 03:58:19 | 03:58:51 | 03:59:23 | 03:59:55 | 04:00:27 | 04:00:59 | 04:01:32 | 04:02:03 | 04:02:35 | 04:03:07 | 04:03:39 | 04:04:10 | 04:04:42 | 04:05:14 | 04:05:46 | 04:06:18 | 04:06:50 | 04:07:22 | 04:07:54 | 04:08:26 | 04:08:58 | 04:09:29 | 04:10:01 | 04:10:33 | 04:11:05 | 04:11:37 | 04:12:09 | 04:12:41 | 04:13:13 | 04:13:45 | 04:14:17 | 04:14:49 | 04:15:21 | 04:15:53 | 04:16:39 | 04:17:11 | 04:17:43 | 04:18:15 | 04:18:47 | 04:19:19 | 04:19:51 | 04:20:23 | 04:20:55 | 04:21:27 | 04:21:59 | 04:22:31 | 04:23:03 | 04:23:35 | 04:24:06 | 04:24:39 | 04:25:11 | 04:25:43 | 04:26:14 | 04:26:46 | 04:27:18 | 04:27:50 | 04:28:22 | 04:28:54 | 04:29:26 | 04:29:58 | 04:30:30 | 04:31:02 | 04:31:34 | 04:32:07 | 04:32:39 | 04:33:10 | 04:33:43 | 04:34:15 | 04:34:47 | 04:35:19 | 04:35:50 | 04:36:23 | 04:36:55 | 04:37:27 | 04:37:59 | 04:38:31 | 04:39:03 | 04:39:35 | 04:40:07 | 04:40:39 | 04:41:11 | 04:41:43 | 04:42:15 | 04:42:47 | 04:43:19 | 04:43:51 | 04:44:23 | 04:44:55 | 04:45:27 | 04:45:59 | 04:46:30 | 04:47:02 | 04:47:35 | 04:48:07 | 04:48:39 | 04:49:10 | 04:49:43 | 04:50:15 | 04:50:47 | 04:51:19 | 04:51:51 | 04:52:23 | 04:52:55 | 04:53:27 | 04:53:59 | 04:54:31 | 04:55:03 | 04:55:35 | 04:56:09 | 04:56:43 | 04:57:15 | 04:57:46 | 04:58:30 | 04:59:02 | 04:59:34 | 05:00:06 | 05:00:38 | 05:01:10 | 05:01:42 | 05:02:14 | 05:02:46 | 05:03:18 | 05:03:50 | 05:04:22 | 05:04:54 | 05:05:26 | 05:05:58 | 05:06:30 | 05:07:02 | 05:07:35 | 05:08:06 | 05:08:39 | 05:09:11 | 05:09:43 | 05:10:15 | 05:10:47 | 05:11:19 | 05:11:51 | 05:12:23 | 05:12:57 | 05:13:28 | 05:14:01 | 05:14:33 | 05:15:04 | 05:15:37 | 05:16:09 | 05:16:41 | 05:17:13 | 05:17:45 | 05:18:17 | 05:18:49 | 05:19:21 | 05:19:53 | 05:20:26 | 05:20:59 | 05:21:31 | 05:22:03 | 05:22:36 | 05:23:08 | 05:23:40 | 05:24:13 | 05:24:45 | 05:25:17 | 05:25:49 | 05:26:21 | 05:26:54 | 05:27:25 | 05:27:57 | 05:28:30 | 05:29:02 | 05:29:34 | 05:30:06 | 05:30:38 | 05:31:10 | 05:31:42 | 05:32:14 | 05:32:46 | 05:33:18 | 05:33:50 | 05:34:23 | 05:34:55 | 05:35:27 | 05:35:59 | 05:36:31 | 05:37:03 | 05:37:35 | 05:38:07 | 05:38:40 | 05:39:12 | 05:39:43 | 05:40:27 | 05:40:59 | 05:41:31 | 05:42:03 | 05:42:35 | 05:43:07 | 05:43:39 | 05:44:11 | 05:44:43 | 05:45:15 | 05:45:47 | 05:46:19 | 05:46:51 | 05:47:23 | 05:47:55 | 05:48:28 | 05:49:00 | 05:49:32 | 05:50:04 | 05:50:36 | 05:51:08 | 05:51:40 | 05:52:12 | 05:52:44 | 05:53:16 | 05:53:48 | 05:54:20 | 05:54:52 | 05:55:24 | 05:55:56 | 05:56:28 | 05:57:00 | 05:57:32 | 05:58:04 | 05:58:36 | 05:59:08 | 05:59:40 | 06:00:12 | 06:00:45 | 06:01:16 | 06:01:48 | 06:02:21 | 06:02:53 | 06:03:25 | 06:03:57 | 06:04:29 | 06:05:01 | 06:05:33 | 06:06:05 | 06:06:38 | 06:07:10 | 06:07:42 | 06:08:14 | 06:08:46 | 06:09:18 | 06:09:50 | 06:10:22 | 06:10:54 | 06:11:26 | 06:11:58 | 06:12:31 | 06:13:03 | 06:13:35 | 06:14:07 | 06:14:39 | 06:15:11 | 06:15:42 | 06:16:14 | 06:16:46 | 06:17:18 | 06:17:51 | 06:18:23 | 06:18:55 | 06:19:27 | 06:19:59 | 06:20:31 | 06:21:03 | 06:21:35 | 06:22:18 | 06:22:50 | 06:23:22 | 06:23:54 | 06:24:26 | 06:24:58 | 06:25:30 | 06:26:02 | 06:26:34 | 06:27:06 | 06:27:38 | 06:28:10 | 06:28:42 | 06:29:14 | 06:29:46 | 06:30:18 | 06:30:50 | 06:31:22 | 06:31:54 | 06:32:26 | 06:32:58 | 06:33:30 | 06:34:02 | 06:34:34 | 06:35:06 | 06:35:38 | 06:36:10 | 06:36:42 | 06:37:14 | 06:37:46 | 06:38:18 | 06:38:50 | 06:39:22 | 06:39:54 | 06:40:27 | 06:40:58 | 06:41:31 | 06:42:03 | 06:42:35 | 06:43:07 | 06:43:39 | 06:44:11 | 06:44:43 | 06:45:14 | 06:45:52 | 06:46:24 | 06:46:56 | 06:47:28 | 06:48:00 | 06:48:32 | 06:49:04 | 06:49:36 | 06:50:08 | 06:50:41 | 06:51:12 | 06:51:44 | 06:52:16 | 06:52:48 | 06:53:20 | 06:53:52 | 06:54:25 | 06:54:57 | 06:55:28 | 06:56:00 | 06:56:33 | 06:57:05 | 06:57:37 | 06:58:09 | 06:58:42 | 06:59:14 | 06:59:46 | 07:00:19 | 07:00:51 | 07:01:23 | 07:01:55 | 07:02:27 | 07:02:59 | 07:03:31 | 07:04:15 | 07:04:47 | 07:05:19 | 07:05:51 | 07:06:23 | 07:06:55 | 07:07:27 | 07:07:58 | 07:08:31 | 07:09:02 | 07:09:34 | 07:10:07 | 07:10:39 | 07:11:11 | 07:11:43 | 07:12:15 | 07:12:46 | 07:13:19 | 07:13:51 | 07:14:23 | 07:14:55 | 07:15:27 | 07:15:59 | 07:16:31 | 07:17:03 | 07:17:35 | 07:18:07 | 07:18:38 | 07:19:10 | 07:19:43 | 07:20:14 | 07:20:46 | 07:21:19 | 07:21:51 | 07:22:23 | 07:22:55 | 07:23:27 | 07:23:59 | 07:24:31 | 07:25:02 | 07:25:35 | 07:26:07 | 07:26:39 | 07:27:11 | 07:27:43 | 07:28:15 | 07:28:47 | 07:29:19 | 07:29:51 | 07:30:23 | 07:30:55 | 07:31:27 | 07:31:59 | 07:32:31 | 07:33:03 | 07:33:35 | 07:34:07 | 07:34:39 | 07:35:11 | 07:35:43 | 07:36:15 | 07:36:47 | 07:37:19 | 07:37:51 | 07:38:23 | 07:38:55 | 07:39:27 | 07:39:59 | 07:40:32 | 07:41:03 | 07:41:36 | 07:42:07 | 07:42:39 | 07:43:11 | 07:43:43 | 07:44:15 | 07:44:47 | 07:45:31 | 07:46:03 | 07:46:35 | 07:47:07 | 07:47:39 | 07:48:11 | 07:48:43 | 07:49:15 | 07:49:48 | 07:50:20 | 07:50:51 | 07:51:24 | 07:51:56 | 07:52:28 | 07:52:59 | 07:53:31 | 07:54:03 | 07:54:35 | 07:55:08 | 07:55:40 | 07:56:12 | 07:56:44 | 07:57:16 | 07:57:48 | 07:58:20 | 07:58:52 | 07:59:24 | 07:59:56 | 08:00:28 | 08:01:00 | 08:01:32 | 08:02:05 | 08:02:37 | 08:03:09 | 08:03:41 | 08:04:13 | 08:04:45 | 08:05:17 | 08:05:49 | 08:06:21 | 08:06:53 | 08:07:25 | 08:07:57 | 08:08:29 | 08:09:01 | 08:09:33 | 08:10:05 | 08:10:37 | 08:11:09 | 08:11:41 | 08:12:12 | 08:12:45 | 08:13:16 | 08:13:49 | 08:14:20 | 08:14:52 | 08:15:24 | 08:15:57 | 08:16:29 | 08:17:01 | 08:17:33 | 08:18:06 | 08:18:38 | 08:19:10 | 08:19:42 | 08:20:14 | 08:20:47 | 08:21:19 | 08:21:51 | 08:22:22 | 08:22:55 | 08:23:26 | 08:23:58 | 08:24:30 | 08:25:02 | 08:25:34 | 08:26:07 | 08:26:50 | 08:27:23 | 08:27:55 | 08:28:27 | 08:28:59 | 08:29:31 | 08:30:03 | 08:30:35 | 08:31:07 | 08:31:38 | 08:32:10 | 08:32:43 | 08:33:15 | 08:33:47 | 08:34:19 | 08:34:51 | 08:35:23 | 08:35:55 | 08:36:27 | 08:36:59 | 08:37:31 | 08:38:03 | 08:38:35 | 08:39:07 | 08:39:39 | 08:40:10 | 08:40:43 | 08:41:15 | 08:41:47 | 08:42:19 | 08:42:52 | 08:43:24 | 08:43:57 | 08:44:29 | 08:45:01 | 08:45:33 | 08:46:05 | 08:46:37 | 08:47:09 | 08:47:41 | 08:48:13 | 08:48:45 | 08:49:17 | 08:49:49 | 08:50:21 | 08:50:53 | 08:51:25 | 08:51:57 | 08:52:29 | 08:53:01 | 08:53:33 | 08:54:04 | 08:54:37 | 08:55:09 | 08:55:41 | 08:56:13 | 08:56:45 | 08:57:17 | 08:57:49 | 08:58:21 | 08:58:53 | 08:59:25 | 08:59:57 | 09:00:29 | 09:01:01 | 09:01:33 | 09:02:05 | 09:02:37 | 09:03:09 | 09:03:41 | 09:04:13 | 09:04:45 | 09:05:18 | 09:05:50 | 09:06:22 | 09:06:54 | 09:07:26 | 09:07:58 | 09:08:42 | 09:09:14 | 09:09:46 | 09:10:18 | 09:10:50 | 09:11:22 | 09:11:54 | 09:12:26 | 09:12:58 | 09:13:30 | 09:14:02 | 09:14:34 | 09:15:06 | 09:15:38 | 09:16:10 | 09:16:42 | 09:17:15 | 09:17:47 | 09:18:19 | 09:18:51 | 09:19:23 | 09:19:55 | 09:20:27 | 09:20:59 | 09:21:31 | 09:22:03 | 09:22:35 | 09:23:07 | 09:23:39 | 09:24:11 | 09:24:43 | 09:25:15 | 09:25:47 | 09:26:19 | 09:26:51 | 09:27:23 | 09:27:55 | 09:28:27 | 09:28:59 | 09:29:31 | 09:30:03 | 09:30:35 | 09:31:07 | 09:31:38 | 09:32:10 | 09:32:43 | 09:33:15 | 09:33:47 | 09:34:19 | 09:34:51 | 09:35:24 | 09:35:56 | 09:36:28 | 09:37:00 | 09:37:32 | 09:38:04 | 09:38:36 | 09:39:08 | 09:39:40 | 09:40:12 | 09:40:43 | 09:41:15 | 09:41:47 | 09:42:19 | 09:42:51 | 09:43:23 | 09:43:57 | 09:44:29 | 09:45:01 | 09:45:33 | 09:46:05 | 09:46:37 | 09:47:092022-04-06_19:00:04
Traceback (most recent call last):
  File "/Users/danielfriedman/opt/anaconda3/envs/hoops/lib/python3.9/site-packages/urllib3/connection.py", line 174, in _new_conn
    conn = connection.create_connection(
  File "/Users/danielfriedman/opt/anaconda3/envs/hoops/lib/python3.9/site-packages/urllib3/util/connection.py", line 72, in create_connection
    for res in socket.getaddrinfo(host, port, family, socket.SOCK_STREAM):
  File "/Users/danielfriedman/opt/anaconda3/envs/hoops/lib/python3.9/socket.py", line 954, in getaddrinfo
    for res in _socket.getaddrinfo(host, port, family, type, proto, flags):
socket.gaierror: [Errno 8] nodename nor servname provided, or not known

During handling of the above exception, another exception occurred:

Traceback (most recent call last):
  File "/Users/danielfriedman/opt/anaconda3/envs/hoops/lib/python3.9/site-packages/urllib3/connectionpool.py", line 703, in urlopen
    httplib_response = self._make_request(
  File "/Users/danielfriedman/opt/anaconda3/envs/hoops/lib/python3.9/site-packages/urllib3/connectionpool.py", line 386, in _make_request
    self._validate_conn(conn)
  File "/Users/danielfriedman/opt/anaconda3/envs/hoops/lib/python3.9/site-packages/urllib3/connectionpool.py", line 1040, in _validate_conn
    conn.connect()
  File "/Users/danielfriedman/opt/anaconda3/envs/hoops/lib/python3.9/site-packages/urllib3/connection.py", line 358, in connect
    conn = self._new_conn()
  File "/Users/danielfriedman/opt/anaconda3/envs/hoops/lib/python3.9/site-packages/urllib3/connection.py", line 186, in _new_conn
    raise NewConnectionError(
urllib3.exceptions.NewConnectionError: <urllib3.connection.HTTPSConnection object at 0x7fe279a5e220>: Failed to establish a new connection: [Errno 8] nodename nor servname provided, or not known

During handling of the above exception, another exception occurred:

Traceback (most recent call last):
  File "/Users/danielfriedman/opt/anaconda3/envs/hoops/lib/python3.9/site-packages/requests/adapters.py", line 440, in send
    resp = conn.urlopen(
  File "/Users/danielfriedman/opt/anaconda3/envs/hoops/lib/python3.9/site-packages/urllib3/connectionpool.py", line 785, in urlopen
    retries = retries.increment(
  File "/Users/danielfriedman/opt/anaconda3/envs/hoops/lib/python3.9/site-packages/urllib3/util/retry.py", line 592, in increment
    raise MaxRetryError(_pool, url, error or ResponseError(cause))
urllib3.exceptions.MaxRetryError: HTTPSConnectionPool(host='sportsbook.draftkings.com', port=443): Max retries exceeded with url: /leagues/basketball/88670846 (Caused by NewConnectionError('<urllib3.connection.HTTPSConnection object at 0x7fe279a5e220>: Failed to establish a new connection: [Errno 8] nodename nor servname provided, or not known'))

During handling of the above exception, another exception occurred:

Traceback (most recent call last):
  File "/Users/danielfriedman/Desktop/hoops/scrape/scrape.py", line 103, in <module>
    lines = track_lines(url, sleep=sleep, max_iter=max_iter)
  File "/Users/danielfriedman/Desktop/hoops/scrape/scrape.py", line 28, in track_lines
    page = requests.get(url)
  File "/Users/danielfriedman/opt/anaconda3/envs/hoops/lib/python3.9/site-packages/requests/api.py", line 75, in get
    return request('get', url, params=params, **kwargs)
  File "/Users/danielfriedman/opt/anaconda3/envs/hoops/lib/python3.9/site-packages/requests/api.py", line 61, in request
    return session.request(method=method, url=url, **kwargs)
  File "/Users/danielfriedman/opt/anaconda3/envs/hoops/lib/python3.9/site-packages/requests/sessions.py", line 529, in request
    resp = self.send(prep, **send_kwargs)
  File "/Users/danielfriedman/opt/anaconda3/envs/hoops/lib/python3.9/site-packages/requests/sessions.py", line 645, in send
    r = adapter.send(request, **kwargs)
  File "/Users/danielfriedman/opt/anaconda3/envs/hoops/lib/python3.9/site-packages/requests/adapters.py", line 519, in send
    raise ConnectionError(e, request=request)
requests.exceptions.ConnectionError: HTTPSConnectionPool(host='sportsbook.draftkings.com', port=443): Max retries exceeded with url: /leagues/basketball/88670846 (Caused by NewConnectionError('<urllib3.connection.HTTPSConnection object at 0x7fe279a5e220>: Failed to establish a new connection: [Errno 8] nodename nor servname provided, or not known'))
2022-04-08_19:02:24
19:02:26 | 19:03:04 | 19:05:45 | 19:09:02 | 19:14:16 | 19:18:24 | 19:20:38 | 19:22:55 | 19:27:09 | 19:32:58 | 19:53:57 | 19:58:46 | 20:06:48 | 20:53:47 | 21:06:14 | 21:44:51 | 21:52:29 | 21:58:02 | 22:00:29 | 22:07:36 | 22:25:32 | 22:43:58 | 22:59:28 | 23:26:00 | 23:28:45 | 23:40:50 | 23:48:49 | 23:50:12 | Traceback (most recent call last):
  File "/Users/danielfriedman/opt/anaconda3/envs/hoops/lib/python3.9/site-packages/urllib3/response.py", line 438, in _error_catcher
    yield
  File "/Users/danielfriedman/opt/anaconda3/envs/hoops/lib/python3.9/site-packages/urllib3/response.py", line 764, in read_chunked
    self._update_chunk_length()
  File "/Users/danielfriedman/opt/anaconda3/envs/hoops/lib/python3.9/site-packages/urllib3/response.py", line 694, in _update_chunk_length
    line = self._fp.fp.readline()
  File "/Users/danielfriedman/opt/anaconda3/envs/hoops/lib/python3.9/socket.py", line 704, in readinto
    return self._sock.recv_into(b)
  File "/Users/danielfriedman/opt/anaconda3/envs/hoops/lib/python3.9/ssl.py", line 1241, in recv_into
    return self.read(nbytes, buffer)
  File "/Users/danielfriedman/opt/anaconda3/envs/hoops/lib/python3.9/ssl.py", line 1099, in read
    return self._sslobj.read(len, buffer)
ConnectionResetError: [Errno 54] Connection reset by peer

During handling of the above exception, another exception occurred:

Traceback (most recent call last):
  File "/Users/danielfriedman/opt/anaconda3/envs/hoops/lib/python3.9/site-packages/requests/models.py", line 760, in generate
    for chunk in self.raw.stream(chunk_size, decode_content=True):
  File "/Users/danielfriedman/opt/anaconda3/envs/hoops/lib/python3.9/site-packages/urllib3/response.py", line 572, in stream
    for line in self.read_chunked(amt, decode_content=decode_content):
  File "/Users/danielfriedman/opt/anaconda3/envs/hoops/lib/python3.9/site-packages/urllib3/response.py", line 793, in read_chunked
    self._original_response.close()
  File "/Users/danielfriedman/opt/anaconda3/envs/hoops/lib/python3.9/contextlib.py", line 137, in __exit__
    self.gen.throw(typ, value, traceback)
  File "/Users/danielfriedman/opt/anaconda3/envs/hoops/lib/python3.9/site-packages/urllib3/response.py", line 455, in _error_catcher
    raise ProtocolError("Connection broken: %r" % e, e)
urllib3.exceptions.ProtocolError: ("Connection broken: ConnectionResetError(54, 'Connection reset by peer')", ConnectionResetError(54, 'Connection reset by peer'))

During handling of the above exception, another exception occurred:

Traceback (most recent call last):
  File "/Users/danielfriedman/Desktop/hoops/scrape/scrape.py", line 103, in <module>
    lines = track_lines(url, sleep=sleep, max_iter=max_iter)
  File "/Users/danielfriedman/Desktop/hoops/scrape/scrape.py", line 28, in track_lines
    page = requests.get(url)
  File "/Users/danielfriedman/opt/anaconda3/envs/hoops/lib/python3.9/site-packages/requests/api.py", line 75, in get
    return request('get', url, params=params, **kwargs)
  File "/Users/danielfriedman/opt/anaconda3/envs/hoops/lib/python3.9/site-packages/requests/api.py", line 61, in request
    return session.request(method=method, url=url, **kwargs)
  File "/Users/danielfriedman/opt/anaconda3/envs/hoops/lib/python3.9/site-packages/requests/sessions.py", line 529, in request
    resp = self.send(prep, **send_kwargs)
  File "/Users/danielfriedman/opt/anaconda3/envs/hoops/lib/python3.9/site-packages/requests/sessions.py", line 687, in send
    r.content
  File "/Users/danielfriedman/opt/anaconda3/envs/hoops/lib/python3.9/site-packages/requests/models.py", line 838, in content
    self._content = b''.join(self.iter_content(CONTENT_CHUNK_SIZE)) or b''
  File "/Users/danielfriedman/opt/anaconda3/envs/hoops/lib/python3.9/site-packages/requests/models.py", line 763, in generate
    raise ChunkedEncodingError(e)
requests.exceptions.ChunkedEncodingError: ("Connection broken: ConnectionResetError(54, 'Connection reset by peer')", ConnectionResetError(54, 'Connection reset by peer'))
2022-04-10_13:15:06
13:15:09 | 13:31:39 | 14:05:26 | 14:22:40 | 15:00:01 | 15:16:34 | 15:27:59 | 15:28:44 | 15:30:27 | 15:34:51 | Traceback (most recent call last):
  File "/Users/danielfriedman/opt/anaconda3/envs/hoops/lib/python3.9/site-packages/urllib3/connection.py", line 174, in _new_conn
    conn = connection.create_connection(
  File "/Users/danielfriedman/opt/anaconda3/envs/hoops/lib/python3.9/site-packages/urllib3/util/connection.py", line 72, in create_connection
    for res in socket.getaddrinfo(host, port, family, socket.SOCK_STREAM):
  File "/Users/danielfriedman/opt/anaconda3/envs/hoops/lib/python3.9/socket.py", line 954, in getaddrinfo
    for res in _socket.getaddrinfo(host, port, family, type, proto, flags):
socket.gaierror: [Errno 8] nodename nor servname provided, or not known

During handling of the above exception, another exception occurred:

Traceback (most recent call last):
  File "/Users/danielfriedman/opt/anaconda3/envs/hoops/lib/python3.9/site-packages/urllib3/connectionpool.py", line 703, in urlopen
    httplib_response = self._make_request(
  File "/Users/danielfriedman/opt/anaconda3/envs/hoops/lib/python3.9/site-packages/urllib3/connectionpool.py", line 386, in _make_request
    self._validate_conn(conn)
  File "/Users/danielfriedman/opt/anaconda3/envs/hoops/lib/python3.9/site-packages/urllib3/connectionpool.py", line 1040, in _validate_conn
    conn.connect()
  File "/Users/danielfriedman/opt/anaconda3/envs/hoops/lib/python3.9/site-packages/urllib3/connection.py", line 358, in connect
    conn = self._new_conn()
  File "/Users/danielfriedman/opt/anaconda3/envs/hoops/lib/python3.9/site-packages/urllib3/connection.py", line 186, in _new_conn
    raise NewConnectionError(
urllib3.exceptions.NewConnectionError: <urllib3.connection.HTTPSConnection object at 0x7fa4786f4be0>: Failed to establish a new connection: [Errno 8] nodename nor servname provided, or not known

During handling of the above exception, another exception occurred:

Traceback (most recent call last):
  File "/Users/danielfriedman/opt/anaconda3/envs/hoops/lib/python3.9/site-packages/requests/adapters.py", line 440, in send
    resp = conn.urlopen(
  File "/Users/danielfriedman/opt/anaconda3/envs/hoops/lib/python3.9/site-packages/urllib3/connectionpool.py", line 785, in urlopen
    retries = retries.increment(
  File "/Users/danielfriedman/opt/anaconda3/envs/hoops/lib/python3.9/site-packages/urllib3/util/retry.py", line 592, in increment
    raise MaxRetryError(_pool, url, error or ResponseError(cause))
urllib3.exceptions.MaxRetryError: HTTPSConnectionPool(host='sportsbook.draftkings.com', port=443): Max retries exceeded with url: /leagues/basketball/88670846 (Caused by NewConnectionError('<urllib3.connection.HTTPSConnection object at 0x7fa4786f4be0>: Failed to establish a new connection: [Errno 8] nodename nor servname provided, or not known'))

During handling of the above exception, another exception occurred:

Traceback (most recent call last):
  File "/Users/danielfriedman/Desktop/hoops/scrape/scrape.py", line 103, in <module>
    lines = track_lines(url, sleep=sleep, max_iter=max_iter)
  File "/Users/danielfriedman/Desktop/hoops/scrape/scrape.py", line 28, in track_lines
    page = requests.get(url)
  File "/Users/danielfriedman/opt/anaconda3/envs/hoops/lib/python3.9/site-packages/requests/api.py", line 75, in get
    return request('get', url, params=params, **kwargs)
  File "/Users/danielfriedman/opt/anaconda3/envs/hoops/lib/python3.9/site-packages/requests/api.py", line 61, in request
    return session.request(method=method, url=url, **kwargs)
  File "/Users/danielfriedman/opt/anaconda3/envs/hoops/lib/python3.9/site-packages/requests/sessions.py", line 529, in request
    resp = self.send(prep, **send_kwargs)
  File "/Users/danielfriedman/opt/anaconda3/envs/hoops/lib/python3.9/site-packages/requests/sessions.py", line 645, in send
    r = adapter.send(request, **kwargs)
  File "/Users/danielfriedman/opt/anaconda3/envs/hoops/lib/python3.9/site-packages/requests/adapters.py", line 519, in send
    raise ConnectionError(e, request=request)
requests.exceptions.ConnectionError: HTTPSConnectionPool(host='sportsbook.draftkings.com', port=443): Max retries exceeded with url: /leagues/basketball/88670846 (Caused by NewConnectionError('<urllib3.connection.HTTPSConnection object at 0x7fa4786f4be0>: Failed to establish a new connection: [Errno 8] nodename nor servname provided, or not known'))
2022-04-13_19:00:03
19:00:05 | 19:00:37 | 19:01:09 | 19:01:41 | 19:02:13 | 19:02:45 | 19:03:19 | 19:03:51 | 19:04:23 | 19:04:55 | 19:05:27 | 19:05:59 | 19:06:32 | 19:07:03 | 19:07:35 | 19:08:07 | 19:08:39 | 19:09:12 | 19:09:44 | 19:10:16 | 19:10:48 | 19:11:20 | 19:11:53 | 19:12:25 | 19:12:57 | 19:13:29 | 19:14:01 | 19:14:34 | 19:15:06 | 19:15:38 | 19:16:10 | 19:16:43 | 19:17:15 | 19:17:49 | 19:18:21 | 19:18:56 | 19:19:28 | 19:20:00 | 19:20:32 | 19:21:04 | 19:21:37 | 19:22:09 | 19:22:42 | 19:23:14 | 19:23:46 | 19:24:18 | 19:24:50 | 19:25:22 | 19:25:54 | 19:26:27 | 19:26:59 | 19:27:34 | 19:28:06 | 19:28:39 | 19:29:11 | 19:29:43 | 19:30:15 | 19:30:47 | 19:31:19 | 19:31:51 | 19:32:24 | 19:32:57 | 19:33:29 | 19:34:01 | 19:34:33 | 19:35:05 | 19:35:38 | 19:36:10 | 19:36:42 | 19:37:14 | 19:37:47 | 19:38:19 | 19:38:51 | 19:39:23 | 19:39:55 | 19:40:28 | 19:41:00 | 19:41:32 | 19:42:04 | 19:42:36 | 19:43:08 | 19:43:40 | 19:44:12 | 19:44:44 | 19:45:17 | 19:45:50 | 19:46:23 | 19:46:55 | 19:47:27 | 19:47:59 | 19:48:31 | 19:49:03 | 19:49:35 | 19:50:07 | 19:50:39 | 19:51:11 | 19:51:44 | 19:52:16 | 19:52:48 | 19:53:20 | 19:53:52 | 19:54:24 | 19:54:56 | 19:55:28 | 19:56:00 | 19:56:33 | 19:57:05 | 19:57:37 | 19:58:09 | 19:58:41 | 19:59:14 | 19:59:46 | 20:00:18 | 20:00:51 | 20:01:23 | 20:01:55 | 20:02:27 | 20:02:59 | 20:03:31 | 20:04:03 | 20:04:35 | 20:05:09 | 20:05:41 | 20:06:13 | 20:06:45 | 20:07:17 | 20:07:51 | 20:08:23 | 20:08:55 | 20:09:27 | 20:09:59 | 20:10:31 | 20:11:03 | 20:11:35 | 20:12:08 | 20:12:40 | 20:13:12 | 20:13:44 | 20:14:17 | 20:14:48 | 20:15:20 | 20:15:52 | 20:16:24 | 20:16:57 | Traceback (most recent call last):
  File "/Users/danielfriedman/opt/anaconda3/envs/hoops/lib/python3.9/site-packages/urllib3/connection.py", line 174, in _new_conn
    conn = connection.create_connection(
  File "/Users/danielfriedman/opt/anaconda3/envs/hoops/lib/python3.9/site-packages/urllib3/util/connection.py", line 72, in create_connection
    for res in socket.getaddrinfo(host, port, family, socket.SOCK_STREAM):
  File "/Users/danielfriedman/opt/anaconda3/envs/hoops/lib/python3.9/socket.py", line 954, in getaddrinfo
    for res in _socket.getaddrinfo(host, port, family, type, proto, flags):
socket.gaierror: [Errno 8] nodename nor servname provided, or not known

During handling of the above exception, another exception occurred:

Traceback (most recent call last):
  File "/Users/danielfriedman/opt/anaconda3/envs/hoops/lib/python3.9/site-packages/urllib3/connectionpool.py", line 703, in urlopen
    httplib_response = self._make_request(
  File "/Users/danielfriedman/opt/anaconda3/envs/hoops/lib/python3.9/site-packages/urllib3/connectionpool.py", line 386, in _make_request
    self._validate_conn(conn)
  File "/Users/danielfriedman/opt/anaconda3/envs/hoops/lib/python3.9/site-packages/urllib3/connectionpool.py", line 1040, in _validate_conn
    conn.connect()
  File "/Users/danielfriedman/opt/anaconda3/envs/hoops/lib/python3.9/site-packages/urllib3/connection.py", line 358, in connect
    conn = self._new_conn()
  File "/Users/danielfriedman/opt/anaconda3/envs/hoops/lib/python3.9/site-packages/urllib3/connection.py", line 186, in _new_conn
    raise NewConnectionError(
urllib3.exceptions.NewConnectionError: <urllib3.connection.HTTPSConnection object at 0x7fc040ef8820>: Failed to establish a new connection: [Errno 8] nodename nor servname provided, or not known

During handling of the above exception, another exception occurred:

Traceback (most recent call last):
  File "/Users/danielfriedman/opt/anaconda3/envs/hoops/lib/python3.9/site-packages/requests/adapters.py", line 440, in send
    resp = conn.urlopen(
  File "/Users/danielfriedman/opt/anaconda3/envs/hoops/lib/python3.9/site-packages/urllib3/connectionpool.py", line 785, in urlopen
    retries = retries.increment(
  File "/Users/danielfriedman/opt/anaconda3/envs/hoops/lib/python3.9/site-packages/urllib3/util/retry.py", line 592, in increment
    raise MaxRetryError(_pool, url, error or ResponseError(cause))
urllib3.exceptions.MaxRetryError: HTTPSConnectionPool(host='sportsbook.draftkings.com', port=443): Max retries exceeded with url: /leagues/basketball/88670846 (Caused by NewConnectionError('<urllib3.connection.HTTPSConnection object at 0x7fc040ef8820>: Failed to establish a new connection: [Errno 8] nodename nor servname provided, or not known'))

During handling of the above exception, another exception occurred:

Traceback (most recent call last):
  File "/Users/danielfriedman/Desktop/hoops/scrape/scrape.py", line 103, in <module>
    lines = track_lines(url, sleep=sleep, max_iter=max_iter)
  File "/Users/danielfriedman/Desktop/hoops/scrape/scrape.py", line 28, in track_lines
    page = requests.get(url)
  File "/Users/danielfriedman/opt/anaconda3/envs/hoops/lib/python3.9/site-packages/requests/api.py", line 75, in get
    return request('get', url, params=params, **kwargs)
  File "/Users/danielfriedman/opt/anaconda3/envs/hoops/lib/python3.9/site-packages/requests/api.py", line 61, in request
    return session.request(method=method, url=url, **kwargs)
  File "/Users/danielfriedman/opt/anaconda3/envs/hoops/lib/python3.9/site-packages/requests/sessions.py", line 529, in request
    resp = self.send(prep, **send_kwargs)
  File "/Users/danielfriedman/opt/anaconda3/envs/hoops/lib/python3.9/site-packages/requests/sessions.py", line 645, in send
    r = adapter.send(request, **kwargs)
  File "/Users/danielfriedman/opt/anaconda3/envs/hoops/lib/python3.9/site-packages/requests/adapters.py", line 519, in send
    raise ConnectionError(e, request=request)
requests.exceptions.ConnectionError: HTTPSConnectionPool(host='sportsbook.draftkings.com', port=443): Max retries exceeded with url: /leagues/basketball/88670846 (Caused by NewConnectionError('<urllib3.connection.HTTPSConnection object at 0x7fc040ef8820>: Failed to establish a new connection: [Errno 8] nodename nor servname provided, or not known'))
